<?xml version="1.0" encoding="UTF-8"?>
<coverage generated="1762133638294" clover="3.2.0">
  <project timestamp="1762133638295" name="All files">
    <metrics statements="152" coveredstatements="134" conditionals="117" coveredconditionals="88" methods="47" coveredmethods="40" elements="316" coveredelements="262" complexity="0" loc="152" ncloc="152" packages="4" files="8" classes="8"/>
    <package name="components.scene">
      <metrics statements="2" coveredstatements="2" conditionals="1" coveredconditionals="1" methods="2" coveredmethods="2"/>
      <file name="SceneManager.tsx" path="/home/tonylama/Downloads/Milla-Rayne/milla-rayne-20251102T001201Z-1-001/milla-rayne/Milla-Rayne/client/src/components/scene/SceneManager.tsx">
        <metrics statements="1" coveredstatements="1" conditionals="1" coveredconditionals="1" methods="1" coveredmethods="1"/>
        <line num="17" count="2" type="stmt"/>
      </file>
      <file name="SceneProvider.tsx" path="/home/tonylama/Downloads/Milla-Rayne/milla-rayne-20251102T001201Z-1-001/milla-rayne/Milla-Rayne/client/src/components/scene/SceneProvider.tsx">
        <metrics statements="1" coveredstatements="1" conditionals="0" coveredconditionals="0" methods="1" coveredmethods="1"/>
        <line num="26" count="2" type="stmt"/>
      </file>
    </package>
    <package name="contexts">
      <metrics statements="31" coveredstatements="27" conditionals="6" coveredconditionals="5" methods="23" coveredmethods="17"/>
      <file name="SceneContext.tsx" path="/home/tonylama/Downloads/Milla-Rayne/milla-rayne-20251102T001201Z-1-001/milla-rayne/Milla-Rayne/client/src/contexts/SceneContext.tsx">
        <metrics statements="31" coveredstatements="27" conditionals="6" coveredconditionals="5" methods="23" coveredmethods="17"/>
        <line num="34" count="1" type="stmt"/>
        <line num="46" count="4" type="stmt"/>
        <line num="57" count="4" type="stmt"/>
        <line num="58" count="2" type="stmt"/>
        <line num="59" count="0" type="stmt"/>
        <line num="65" count="2" type="stmt"/>
        <line num="69" count="4" type="stmt"/>
        <line num="70" count="2" type="stmt"/>
        <line num="72" count="2" type="stmt"/>
        <line num="73" count="0" type="stmt"/>
        <line num="79" count="2" type="stmt"/>
        <line num="80" count="2" type="stmt"/>
        <line num="84" count="4" type="stmt"/>
        <line num="85" count="2" type="stmt"/>
        <line num="86" count="0" type="stmt"/>
        <line num="92" count="2" type="stmt"/>
        <line num="93" count="2" type="stmt"/>
        <line num="94" count="2" type="stmt"/>
        <line num="98" count="4" type="stmt"/>
        <line num="99" count="2" type="stmt"/>
        <line num="106" count="4" type="stmt"/>
        <line num="107" count="2" type="stmt"/>
        <line num="114" count="4" type="stmt"/>
        <line num="115" count="2" type="stmt"/>
        <line num="122" count="4" type="stmt"/>
        <line num="123" count="2" type="stmt"/>
        <line num="129" count="4" type="stmt"/>
        <line num="138" count="2" type="stmt"/>
        <line num="139" count="2" type="cond" truecount="1" falsecount="1"/>
        <line num="140" count="0" type="stmt"/>
        <line num="142" count="2" type="stmt"/>
      </file>
    </package>
    <package name="lib.scene">
      <metrics statements="53" coveredstatements="49" conditionals="40" coveredconditionals="32" methods="9" coveredmethods="9"/>
      <file name="featureFlags.ts" path="/home/tonylama/Downloads/Milla-Rayne/milla-rayne-20251102T001201Z-1-001/milla-rayne/Milla-Rayne/client/src/lib/scene/featureFlags.ts">
        <metrics statements="22" coveredstatements="19" conditionals="12" coveredconditionals="9" methods="3" coveredmethods="3"/>
        <line num="15" count="3" type="stmt"/>
        <line num="16" count="3" type="stmt"/>
        <line num="18" count="3" type="cond" truecount="1" falsecount="1"/>
        <line num="19" count="3" type="stmt"/>
        <line num="21" count="3" type="stmt"/>
        <line num="22" count="3" type="cond" truecount="2" falsecount="0"/>
        <line num="23" count="1" type="stmt"/>
        <line num="26" count="3" type="stmt"/>
        <line num="29" count="3" type="cond" truecount="2" falsecount="0"/>
        <line num="35" count="1" type="stmt"/>
        <line num="38" count="0" type="stmt"/>
        <line num="45" count="3" type="stmt"/>
        <line num="55" count="2" type="cond" truecount="1" falsecount="1"/>
        <line num="56" count="2" type="stmt"/>
        <line num="57" count="2" type="stmt"/>
        <line num="59" count="2" type="stmt"/>
        <line num="61" count="0" type="stmt"/>
        <line num="73" count="1" type="cond" truecount="1" falsecount="1"/>
        <line num="74" count="1" type="stmt"/>
        <line num="75" count="1" type="stmt"/>
        <line num="77" count="1" type="stmt"/>
        <line num="79" count="0" type="stmt"/>
      </file>
      <file name="sceneUtils.ts" path="/home/tonylama/Downloads/Milla-Rayne/milla-rayne-20251102T001201Z-1-001/milla-rayne/Milla-Rayne/client/src/lib/scene/sceneUtils.ts">
        <metrics statements="31" coveredstatements="30" conditionals="28" coveredconditionals="23" methods="6" coveredmethods="6"/>
        <line num="17" count="3" type="stmt"/>
        <line num="19" count="3" type="cond" truecount="3" falsecount="1"/>
        <line num="20" count="3" type="cond" truecount="3" falsecount="1"/>
        <line num="21" count="3" type="cond" truecount="3" falsecount="1"/>
        <line num="22" count="0" type="stmt"/>
        <line num="29" count="8" type="stmt"/>
        <line num="56" count="8" type="stmt"/>
        <line num="63" count="10" type="stmt"/>
        <line num="70" count="10" type="stmt"/>
        <line num="82" count="5" type="stmt"/>
        <line num="85" count="5" type="stmt"/>
        <line num="88" count="5" type="stmt"/>
        <line num="89" count="5" type="cond" truecount="2" falsecount="0"/>
        <line num="90" count="1" type="stmt"/>
        <line num="91" count="4" type="cond" truecount="2" falsecount="0"/>
        <line num="92" count="1" type="stmt"/>
        <line num="93" count="3" type="cond" truecount="2" falsecount="0"/>
        <line num="94" count="1" type="stmt"/>
        <line num="96" count="2" type="stmt"/>
        <line num="100" count="5" type="stmt"/>
        <line num="101" count="5" type="cond" truecount="2" falsecount="0"/>
        <line num="102" count="4" type="cond" truecount="2" falsecount="0"/>
        <line num="103" count="1" type="stmt"/>
        <line num="104" count="3" type="cond" truecount="2" falsecount="0"/>
        <line num="105" count="2" type="stmt"/>
        <line num="110" count="5" type="stmt"/>
        <line num="122" count="3" type="cond" truecount="1" falsecount="1"/>
        <line num="124" count="3" type="stmt"/>
        <line num="125" count="3" type="stmt"/>
        <line num="132" count="2" type="cond" truecount="1" falsecount="1"/>
        <line num="133" count="2" type="stmt"/>
      </file>
    </package>
    <package name="utils">
      <metrics statements="66" coveredstatements="56" conditionals="70" coveredconditionals="50" methods="13" coveredmethods="12"/>
      <file name="capabilityDetector.ts" path="/home/tonylama/Downloads/Milla-Rayne/milla-rayne-20251102T001201Z-1-001/milla-rayne/Milla-Rayne/client/src/utils/capabilityDetector.ts">
        <metrics statements="10" coveredstatements="8" conditionals="10" coveredconditionals="5" methods="1" coveredmethods="1"/>
        <line num="5" count="3" type="stmt"/>
        <line num="6" count="3" type="stmt"/>
        <line num="11" count="3" type="stmt"/>
        <line num="16" count="3" type="stmt"/>
        <line num="22" count="3" type="stmt"/>
        <line num="23" count="3" type="cond" truecount="3" falsecount="1"/>
        <line num="24" count="3" type="stmt"/>
        <line num="25" count="0" type="cond" truecount="0" falsecount="4"/>
        <line num="26" count="0" type="stmt"/>
        <line num="29" count="3" type="stmt"/>
      </file>
      <file name="scenePresets.ts" path="/home/tonylama/Downloads/Milla-Rayne/milla-rayne-20251102T001201Z-1-001/milla-rayne/Milla-Rayne/client/src/utils/scenePresets.ts">
        <metrics statements="21" coveredstatements="17" conditionals="28" coveredconditionals="18" methods="3" coveredmethods="3"/>
        <line num="3" count="1" type="stmt"/>
        <line num="30" count="1" type="stmt"/>
        <line num="60" count="20" type="stmt"/>
        <line num="61" count="20" type="stmt"/>
        <line num="64" count="20" type="cond" truecount="1" falsecount="1"/>
        <line num="65" count="20" type="cond" truecount="1" falsecount="1"/>
        <line num="69" count="20" type="cond" truecount="1" falsecount="1"/>
        <line num="71" count="20" type="stmt"/>
        <line num="72" count="20" type="stmt"/>
        <line num="74" count="0" type="stmt"/>
        <line num="78" count="20" type="cond" truecount="1" falsecount="1"/>
        <line num="79" count="0" type="stmt"/>
        <line num="80" count="0" type="stmt"/>
        <line num="84" count="20" type="stmt"/>
        <line num="98" count="2" type="stmt"/>
        <line num="100" count="2" type="cond" truecount="3" falsecount="1"/>
        <line num="101" count="2" type="cond" truecount="3" falsecount="1"/>
        <line num="102" count="2" type="cond" truecount="3" falsecount="1"/>
        <line num="103" count="0" type="stmt"/>
        <line num="111" count="12" type="stmt"/>
        <line num="123" count="12" type="cond" truecount="1" falsecount="1"/>
      </file>
      <file name="sceneSettingsStore.ts" path="/home/tonylama/Downloads/Milla-Rayne/milla-rayne-20251102T001201Z-1-001/milla-rayne/Milla-Rayne/client/src/utils/sceneSettingsStore.ts">
        <metrics statements="35" coveredstatements="31" conditionals="32" coveredconditionals="27" methods="9" coveredmethods="8"/>
        <line num="8" count="2" type="stmt"/>
        <line num="9" count="2" type="stmt"/>
        <line num="23" count="25" type="stmt"/>
        <line num="43" count="13" type="cond" truecount="1" falsecount="1"/>
        <line num="44" count="0" type="stmt"/>
        <line num="47" count="13" type="stmt"/>
        <line num="48" count="13" type="stmt"/>
        <line num="49" count="13" type="cond" truecount="2" falsecount="0"/>
        <line num="50" count="6" type="stmt"/>
        <line num="53" count="7" type="stmt"/>
        <line num="56" count="7" type="cond" truecount="2" falsecount="0"/>
        <line num="57" count="1" type="stmt"/>
        <line num="58" count="1" type="stmt"/>
        <line num="62" count="5" type="stmt"/>
        <line num="63" count="5" type="stmt"/>
        <line num="102" count="1" type="stmt"/>
        <line num="103" count="1" type="stmt"/>
        <line num="111" count="5" type="cond" truecount="1" falsecount="1"/>
        <line num="112" count="0" type="stmt"/>
        <line num="115" count="5" type="stmt"/>
        <line num="116" count="5" type="stmt"/>
        <line num="120" count="5" type="stmt"/>
        <line num="123" count="5" type="stmt"/>
        <line num="125" count="0" type="stmt"/>
        <line num="135" count="4" type="stmt"/>
        <line num="136" count="4" type="stmt"/>
        <line num="137" count="4" type="stmt"/>
        <line num="138" count="4" type="stmt"/>
        <line num="147" count="1" type="cond" truecount="1" falsecount="1"/>
        <line num="148" count="0" type="stmt"/>
        <line num="151" count="1" type="stmt"/>
        <line num="152" count="1" type="stmt"/>
        <line num="155" count="1" type="stmt"/>
        <line num="156" count="1" type="stmt"/>
        <line num="163" count="10" type="stmt"/>
      </file>
    </package>
  </project>
</coverage>
