{
  "/home/tonylama/Downloads/Milla-Rayne/milla-rayne-20251102T001201Z-1-001/milla-rayne/Milla-Rayne/client/src/components/scene/SceneManager.tsx": {
    "path": "/home/tonylama/Downloads/Milla-Rayne/milla-rayne-20251102T001201Z-1-001/milla-rayne/Milla-Rayne/client/src/components/scene/SceneManager.tsx",
    "statementMap": {
      "0": {
        "start": { "line": 17, "column": 2 },
        "end": { "line": 38, "column": null }
      }
    },
    "fnMap": {
      "0": {
        "name": "SceneManager",
        "decl": {
          "start": { "line": 16, "column": 16 },
          "end": { "line": 16, "column": 29 }
        },
        "loc": {
          "start": { "line": 16, "column": 68 },
          "end": { "line": 40, "column": null }
        },
        "line": 16
      }
    },
    "branchMap": {
      "0": {
        "loc": {
          "start": { "line": 16, "column": 31 },
          "end": { "line": 16, "column": 46 }
        },
        "type": "default-arg",
        "locations": [
          {
            "start": { "line": 16, "column": 43 },
            "end": { "line": 16, "column": 46 }
          }
        ],
        "line": 16
      }
    },
    "s": { "0": 2 },
    "f": { "0": 2 },
    "b": { "0": [2] },
    "meta": {
      "lastBranch": 1,
      "lastFunction": 1,
      "lastStatement": 1,
      "seen": {
        "f:16:16:16:29": 0,
        "b:16:43:16:46": 0,
        "s:17:2:38:Infinity": 0
      }
    }
  },
  "/home/tonylama/Downloads/Milla-Rayne/milla-rayne-20251102T001201Z-1-001/milla-rayne/Milla-Rayne/client/src/components/scene/SceneProvider.tsx": {
    "path": "/home/tonylama/Downloads/Milla-Rayne/milla-rayne-20251102T001201Z-1-001/milla-rayne/Milla-Rayne/client/src/components/scene/SceneProvider.tsx",
    "statementMap": {
      "0": {
        "start": { "line": 26, "column": 2 },
        "end": { "line": 35, "column": null }
      }
    },
    "fnMap": {
      "0": {
        "name": "SceneProvider",
        "decl": {
          "start": { "line": 19, "column": 16 },
          "end": { "line": 19, "column": 30 }
        },
        "loc": {
          "start": { "line": 25, "column": 23 },
          "end": { "line": 37, "column": null }
        },
        "line": 25
      }
    },
    "branchMap": {},
    "s": { "0": 2 },
    "f": { "0": 2 },
    "b": {},
    "meta": {
      "lastBranch": 0,
      "lastFunction": 1,
      "lastStatement": 1,
      "seen": { "f:19:16:19:30": 0, "s:26:2:35:Infinity": 0 }
    }
  },
  "/home/tonylama/Downloads/Milla-Rayne/milla-rayne-20251102T001201Z-1-001/milla-rayne/Milla-Rayne/client/src/contexts/SceneContext.tsx": {
    "path": "/home/tonylama/Downloads/Milla-Rayne/milla-rayne-20251102T001201Z-1-001/milla-rayne/Milla-Rayne/client/src/contexts/SceneContext.tsx",
    "statementMap": {
      "0": {
        "start": { "line": 34, "column": 6 },
        "end": { "line": 34, "column": null }
      },
      "1": {
        "start": { "line": 46, "column": 28 },
        "end": { "line": 54, "column": null }
      },
      "2": {
        "start": { "line": 46, "column": 66 },
        "end": { "line": 54, "column": 4 }
      },
      "3": {
        "start": { "line": 57, "column": 2 },
        "end": { "line": 66, "column": null }
      },
      "4": {
        "start": { "line": 58, "column": 21 },
        "end": { "line": 63, "column": null }
      },
      "5": {
        "start": { "line": 59, "column": 6 },
        "end": { "line": 62, "column": null }
      },
      "6": {
        "start": { "line": 59, "column": 28 },
        "end": { "line": 62, "column": 8 }
      },
      "7": {
        "start": { "line": 65, "column": 4 },
        "end": { "line": 65, "column": null }
      },
      "8": {
        "start": { "line": 65, "column": 17 },
        "end": { "line": 65, "column": null }
      },
      "9": {
        "start": { "line": 69, "column": 2 },
        "end": { "line": 81, "column": null }
      },
      "10": {
        "start": { "line": 70, "column": 23 },
        "end": { "line": 70, "column": null }
      },
      "11": {
        "start": { "line": 72, "column": 25 },
        "end": { "line": 77, "column": null }
      },
      "12": {
        "start": { "line": 73, "column": 6 },
        "end": { "line": 76, "column": null }
      },
      "13": {
        "start": { "line": 73, "column": 28 },
        "end": { "line": 76, "column": 8 }
      },
      "14": {
        "start": { "line": 79, "column": 4 },
        "end": { "line": 79, "column": null }
      },
      "15": {
        "start": { "line": 80, "column": 4 },
        "end": { "line": 80, "column": null }
      },
      "16": {
        "start": { "line": 80, "column": 17 },
        "end": { "line": 80, "column": null }
      },
      "17": {
        "start": { "line": 84, "column": 2 },
        "end": { "line": 95, "column": null }
      },
      "18": {
        "start": { "line": 85, "column": 35 },
        "end": { "line": 90, "column": null }
      },
      "19": {
        "start": { "line": 86, "column": 6 },
        "end": { "line": 89, "column": null }
      },
      "20": {
        "start": { "line": 86, "column": 28 },
        "end": { "line": 89, "column": 8 }
      },
      "21": {
        "start": { "line": 92, "column": 4 },
        "end": { "line": 92, "column": null }
      },
      "22": {
        "start": { "line": 93, "column": 4 },
        "end": { "line": 94, "column": null }
      },
      "23": {
        "start": { "line": 94, "column": 6 },
        "end": { "line": 94, "column": null }
      },
      "24": {
        "start": { "line": 98, "column": 2 },
        "end": { "line": 103, "column": null }
      },
      "25": {
        "start": { "line": 99, "column": 4 },
        "end": { "line": 102, "column": null }
      },
      "26": {
        "start": { "line": 99, "column": 26 },
        "end": { "line": 102, "column": 6 }
      },
      "27": {
        "start": { "line": 106, "column": 2 },
        "end": { "line": 111, "column": null }
      },
      "28": {
        "start": { "line": 107, "column": 4 },
        "end": { "line": 110, "column": null }
      },
      "29": {
        "start": { "line": 107, "column": 26 },
        "end": { "line": 110, "column": 6 }
      },
      "30": {
        "start": { "line": 114, "column": 2 },
        "end": { "line": 119, "column": null }
      },
      "31": {
        "start": { "line": 115, "column": 4 },
        "end": { "line": 118, "column": null }
      },
      "32": {
        "start": { "line": 115, "column": 26 },
        "end": { "line": 118, "column": 6 }
      },
      "33": {
        "start": { "line": 122, "column": 2 },
        "end": { "line": 127, "column": null }
      },
      "34": {
        "start": { "line": 123, "column": 4 },
        "end": { "line": 126, "column": null }
      },
      "35": {
        "start": { "line": 123, "column": 26 },
        "end": { "line": 126, "column": 6 }
      },
      "36": {
        "start": { "line": 129, "column": 2 },
        "end": { "line": 130, "column": null }
      },
      "37": {
        "start": { "line": 138, "column": 8 },
        "end": { "line": 138, "column": null }
      },
      "38": {
        "start": { "line": 139, "column": 2 },
        "end": { "line": 141, "column": null }
      },
      "39": {
        "start": { "line": 140, "column": 4 },
        "end": { "line": 140, "column": null }
      },
      "40": {
        "start": { "line": 142, "column": 2 },
        "end": { "line": 142, "column": null }
      }
    },
    "fnMap": {
      "0": {
        "name": "SceneContextProvider",
        "decl": {
          "start": { "line": 39, "column": 16 },
          "end": { "line": 39, "column": 37 }
        },
        "loc": {
          "start": { "line": 45, "column": 30 },
          "end": { "line": 132, "column": null }
        },
        "line": 45
      },
      "1": {
        "name": "(anonymous_1)",
        "decl": {
          "start": { "line": 46, "column": 59 },
          "end": { "line": 46, "column": 66 }
        },
        "loc": {
          "start": { "line": 46, "column": 66 },
          "end": { "line": 54, "column": 4 }
        },
        "line": 46
      },
      "2": {
        "name": "(anonymous_2)",
        "decl": {
          "start": { "line": 57, "column": 12 },
          "end": { "line": 57, "column": 18 }
        },
        "loc": {
          "start": { "line": 57, "column": 18 },
          "end": { "line": 66, "column": 5 }
        },
        "line": 57
      },
      "3": {
        "name": "(anonymous_3)",
        "decl": {
          "start": { "line": 58, "column": 33 },
          "end": { "line": 58, "column": 39 }
        },
        "loc": {
          "start": { "line": 58, "column": 39 },
          "end": { "line": 63, "column": 7 }
        },
        "line": 58
      },
      "4": {
        "name": "(anonymous_4)",
        "decl": {
          "start": { "line": 59, "column": 17 },
          "end": { "line": 59, "column": 18 }
        },
        "loc": {
          "start": { "line": 59, "column": 28 },
          "end": { "line": 62, "column": 8 }
        },
        "line": 59
      },
      "5": {
        "name": "(anonymous_5)",
        "decl": {
          "start": { "line": 65, "column": 11 },
          "end": { "line": 65, "column": 17 }
        },
        "loc": {
          "start": { "line": 65, "column": 17 },
          "end": { "line": 65, "column": null }
        },
        "line": 65
      },
      "6": {
        "name": "(anonymous_6)",
        "decl": {
          "start": { "line": 69, "column": 12 },
          "end": { "line": 69, "column": 18 }
        },
        "loc": {
          "start": { "line": 69, "column": 18 },
          "end": { "line": 81, "column": 5 }
        },
        "line": 69
      },
      "7": {
        "name": "(anonymous_7)",
        "decl": {
          "start": { "line": 72, "column": 25 },
          "end": { "line": 72, "column": 26 }
        },
        "loc": {
          "start": { "line": 72, "column": 53 },
          "end": { "line": 77, "column": null }
        },
        "line": 72
      },
      "8": {
        "name": "(anonymous_8)",
        "decl": {
          "start": { "line": 73, "column": 17 },
          "end": { "line": 73, "column": 18 }
        },
        "loc": {
          "start": { "line": 73, "column": 28 },
          "end": { "line": 76, "column": 8 }
        },
        "line": 73
      },
      "9": {
        "name": "(anonymous_9)",
        "decl": {
          "start": { "line": 80, "column": 11 },
          "end": { "line": 80, "column": 17 }
        },
        "loc": {
          "start": { "line": 80, "column": 17 },
          "end": { "line": 80, "column": null }
        },
        "line": 80
      },
      "10": {
        "name": "(anonymous_10)",
        "decl": {
          "start": { "line": 84, "column": 12 },
          "end": { "line": 84, "column": 18 }
        },
        "loc": {
          "start": { "line": 84, "column": 18 },
          "end": { "line": 95, "column": 5 }
        },
        "line": 84
      },
      "11": {
        "name": "(anonymous_11)",
        "decl": {
          "start": { "line": 85, "column": 35 },
          "end": { "line": 85, "column": 41 }
        },
        "loc": {
          "start": { "line": 85, "column": 41 },
          "end": { "line": 90, "column": null }
        },
        "line": 85
      },
      "12": {
        "name": "(anonymous_12)",
        "decl": {
          "start": { "line": 86, "column": 17 },
          "end": { "line": 86, "column": 18 }
        },
        "loc": {
          "start": { "line": 86, "column": 28 },
          "end": { "line": 89, "column": 8 }
        },
        "line": 86
      },
      "13": {
        "name": "(anonymous_13)",
        "decl": {
          "start": { "line": 93, "column": 11 },
          "end": { "line": 93, "column": null }
        },
        "loc": {
          "start": { "line": 94, "column": 6 },
          "end": { "line": 94, "column": null }
        },
        "line": 94
      },
      "14": {
        "name": "(anonymous_14)",
        "decl": {
          "start": { "line": 98, "column": 12 },
          "end": { "line": 98, "column": 18 }
        },
        "loc": {
          "start": { "line": 98, "column": 18 },
          "end": { "line": 103, "column": 5 }
        },
        "line": 98
      },
      "15": {
        "name": "(anonymous_15)",
        "decl": {
          "start": { "line": 99, "column": 15 },
          "end": { "line": 99, "column": 16 }
        },
        "loc": {
          "start": { "line": 99, "column": 26 },
          "end": { "line": 102, "column": 6 }
        },
        "line": 99
      },
      "16": {
        "name": "(anonymous_16)",
        "decl": {
          "start": { "line": 106, "column": 12 },
          "end": { "line": 106, "column": 18 }
        },
        "loc": {
          "start": { "line": 106, "column": 18 },
          "end": { "line": 111, "column": 5 }
        },
        "line": 106
      },
      "17": {
        "name": "(anonymous_17)",
        "decl": {
          "start": { "line": 107, "column": 15 },
          "end": { "line": 107, "column": 16 }
        },
        "loc": {
          "start": { "line": 107, "column": 26 },
          "end": { "line": 110, "column": 6 }
        },
        "line": 107
      },
      "18": {
        "name": "(anonymous_18)",
        "decl": {
          "start": { "line": 114, "column": 12 },
          "end": { "line": 114, "column": 18 }
        },
        "loc": {
          "start": { "line": 114, "column": 18 },
          "end": { "line": 119, "column": 5 }
        },
        "line": 114
      },
      "19": {
        "name": "(anonymous_19)",
        "decl": {
          "start": { "line": 115, "column": 15 },
          "end": { "line": 115, "column": 16 }
        },
        "loc": {
          "start": { "line": 115, "column": 26 },
          "end": { "line": 118, "column": 6 }
        },
        "line": 115
      },
      "20": {
        "name": "(anonymous_20)",
        "decl": {
          "start": { "line": 122, "column": 12 },
          "end": { "line": 122, "column": 18 }
        },
        "loc": {
          "start": { "line": 122, "column": 18 },
          "end": { "line": 127, "column": 5 }
        },
        "line": 122
      },
      "21": {
        "name": "(anonymous_21)",
        "decl": {
          "start": { "line": 123, "column": 15 },
          "end": { "line": 123, "column": 16 }
        },
        "loc": {
          "start": { "line": 123, "column": 26 },
          "end": { "line": 126, "column": 6 }
        },
        "line": 123
      },
      "22": {
        "name": "useSceneContext",
        "decl": {
          "start": { "line": 137, "column": 16 },
          "end": { "line": 137, "column": 52 }
        },
        "loc": {
          "start": { "line": 137, "column": 52 },
          "end": { "line": 143, "column": null }
        },
        "line": 137
      }
    },
    "branchMap": {
      "0": {
        "loc": {
          "start": { "line": 41, "column": 2 },
          "end": { "line": 41, "column": null }
        },
        "type": "default-arg",
        "locations": [
          {
            "start": { "line": 41, "column": 13 },
            "end": { "line": 41, "column": null }
          }
        ],
        "line": 41
      },
      "1": {
        "loc": {
          "start": { "line": 42, "column": 2 },
          "end": { "line": 42, "column": null }
        },
        "type": "default-arg",
        "locations": [
          {
            "start": { "line": 42, "column": 20 },
            "end": { "line": 42, "column": null }
          }
        ],
        "line": 42
      },
      "2": {
        "loc": {
          "start": { "line": 43, "column": 2 },
          "end": { "line": 43, "column": null }
        },
        "type": "default-arg",
        "locations": [
          {
            "start": { "line": 43, "column": 18 },
            "end": { "line": 43, "column": null }
          }
        ],
        "line": 43
      },
      "3": {
        "loc": {
          "start": { "line": 44, "column": 2 },
          "end": { "line": 44, "column": null }
        },
        "type": "default-arg",
        "locations": [
          {
            "start": { "line": 44, "column": 13 },
            "end": { "line": 44, "column": null }
          }
        ],
        "line": 44
      },
      "4": {
        "loc": {
          "start": { "line": 139, "column": 2 },
          "end": { "line": 141, "column": null }
        },
        "type": "if",
        "locations": [
          {
            "start": { "line": 139, "column": 2 },
            "end": { "line": 141, "column": null }
          },
          { "start": {}, "end": {} }
        ],
        "line": 139
      }
    },
    "s": {
      "0": 1,
      "1": 4,
      "2": 2,
      "3": 4,
      "4": 2,
      "5": 0,
      "6": 0,
      "7": 2,
      "8": 2,
      "9": 4,
      "10": 2,
      "11": 2,
      "12": 0,
      "13": 0,
      "14": 2,
      "15": 2,
      "16": 2,
      "17": 4,
      "18": 2,
      "19": 0,
      "20": 0,
      "21": 2,
      "22": 2,
      "23": 2,
      "24": 4,
      "25": 2,
      "26": 2,
      "27": 4,
      "28": 2,
      "29": 2,
      "30": 4,
      "31": 2,
      "32": 2,
      "33": 4,
      "34": 2,
      "35": 2,
      "36": 4,
      "37": 2,
      "38": 2,
      "39": 0,
      "40": 2
    },
    "f": {
      "0": 4,
      "1": 2,
      "2": 2,
      "3": 0,
      "4": 0,
      "5": 2,
      "6": 2,
      "7": 0,
      "8": 0,
      "9": 2,
      "10": 2,
      "11": 0,
      "12": 0,
      "13": 2,
      "14": 2,
      "15": 2,
      "16": 2,
      "17": 2,
      "18": 2,
      "19": 2,
      "20": 2,
      "21": 2,
      "22": 2
    },
    "b": { "0": [4], "1": [4], "2": [4], "3": [4], "4": [0, 2] },
    "meta": {
      "lastBranch": 5,
      "lastFunction": 23,
      "lastStatement": 41,
      "seen": {
        "s:34:6:34:Infinity": 0,
        "f:39:16:39:37": 0,
        "b:41:13:41:Infinity": 0,
        "b:42:20:42:Infinity": 1,
        "b:43:18:43:Infinity": 2,
        "b:44:13:44:Infinity": 3,
        "s:46:28:54:Infinity": 1,
        "f:46:59:46:66": 1,
        "s:46:66:54:4": 2,
        "s:57:2:66:Infinity": 3,
        "f:57:12:57:18": 2,
        "s:58:21:63:Infinity": 4,
        "f:58:33:58:39": 3,
        "s:59:6:62:Infinity": 5,
        "f:59:17:59:18": 4,
        "s:59:28:62:8": 6,
        "s:65:4:65:Infinity": 7,
        "f:65:11:65:17": 5,
        "s:65:17:65:Infinity": 8,
        "s:69:2:81:Infinity": 9,
        "f:69:12:69:18": 6,
        "s:70:23:70:Infinity": 10,
        "s:72:25:77:Infinity": 11,
        "f:72:25:72:26": 7,
        "s:73:6:76:Infinity": 12,
        "f:73:17:73:18": 8,
        "s:73:28:76:8": 13,
        "s:79:4:79:Infinity": 14,
        "s:80:4:80:Infinity": 15,
        "f:80:11:80:17": 9,
        "s:80:17:80:Infinity": 16,
        "s:84:2:95:Infinity": 17,
        "f:84:12:84:18": 10,
        "s:85:35:90:Infinity": 18,
        "f:85:35:85:41": 11,
        "s:86:6:89:Infinity": 19,
        "f:86:17:86:18": 12,
        "s:86:28:89:8": 20,
        "s:92:4:92:Infinity": 21,
        "s:93:4:94:Infinity": 22,
        "f:93:11:93:Infinity": 13,
        "s:94:6:94:Infinity": 23,
        "s:98:2:103:Infinity": 24,
        "f:98:12:98:18": 14,
        "s:99:4:102:Infinity": 25,
        "f:99:15:99:16": 15,
        "s:99:26:102:6": 26,
        "s:106:2:111:Infinity": 27,
        "f:106:12:106:18": 16,
        "s:107:4:110:Infinity": 28,
        "f:107:15:107:16": 17,
        "s:107:26:110:6": 29,
        "s:114:2:119:Infinity": 30,
        "f:114:12:114:18": 18,
        "s:115:4:118:Infinity": 31,
        "f:115:15:115:16": 19,
        "s:115:26:118:6": 32,
        "s:122:2:127:Infinity": 33,
        "f:122:12:122:18": 20,
        "s:123:4:126:Infinity": 34,
        "f:123:15:123:16": 21,
        "s:123:26:126:6": 35,
        "s:129:2:130:Infinity": 36,
        "f:137:16:137:52": 22,
        "s:138:8:138:Infinity": 37,
        "b:139:2:141:Infinity:undefined:undefined:undefined:undefined": 4,
        "s:139:2:141:Infinity": 38,
        "s:140:4:140:Infinity": 39,
        "s:142:2:142:Infinity": 40
      }
    }
  },
  "/home/tonylama/Downloads/Milla-Rayne/milla-rayne-20251102T001201Z-1-001/milla-rayne/Milla-Rayne/client/src/lib/scene/featureFlags.ts": {
    "path": "/home/tonylama/Downloads/Milla-Rayne/milla-rayne-20251102T001201Z-1-001/milla-rayne/Milla-Rayne/client/src/lib/scene/featureFlags.ts",
    "statementMap": {
      "0": {
        "start": { "line": 15, "column": 16 },
        "end": { "line": 15, "column": null }
      },
      "1": {
        "start": { "line": 16, "column": 41 },
        "end": { "line": 16, "column": null }
      },
      "2": {
        "start": { "line": 18, "column": 2 },
        "end": { "line": 43, "column": null }
      },
      "3": {
        "start": { "line": 19, "column": 4 },
        "end": { "line": 42, "column": null }
      },
      "4": {
        "start": { "line": 21, "column": 28 },
        "end": { "line": 21, "column": null }
      },
      "5": {
        "start": { "line": 22, "column": 6 },
        "end": { "line": 24, "column": null }
      },
      "6": {
        "start": { "line": 23, "column": 8 },
        "end": { "line": 23, "column": null }
      },
      "7": {
        "start": { "line": 26, "column": 36 },
        "end": { "line": 28, "column": null }
      },
      "8": {
        "start": { "line": 29, "column": 6 },
        "end": { "line": 36, "column": null }
      },
      "9": {
        "start": { "line": 35, "column": 8 },
        "end": { "line": 35, "column": null }
      },
      "10": {
        "start": { "line": 38, "column": 6 },
        "end": { "line": 41, "column": null }
      },
      "11": {
        "start": { "line": 45, "column": 2 },
        "end": { "line": 48, "column": null }
      },
      "12": {
        "start": { "line": 55, "column": 2 },
        "end": { "line": 66, "column": null }
      },
      "13": {
        "start": { "line": 56, "column": 4 },
        "end": { "line": 65, "column": null }
      },
      "14": {
        "start": { "line": 57, "column": 6 },
        "end": { "line": 57, "column": null }
      },
      "15": {
        "start": { "line": 59, "column": 6 },
        "end": { "line": 59, "column": null }
      },
      "16": {
        "start": { "line": 61, "column": 6 },
        "end": { "line": 64, "column": null }
      },
      "17": {
        "start": { "line": 73, "column": 2 },
        "end": { "line": 84, "column": null }
      },
      "18": {
        "start": { "line": 74, "column": 4 },
        "end": { "line": 83, "column": null }
      },
      "19": {
        "start": { "line": 75, "column": 6 },
        "end": { "line": 75, "column": null }
      },
      "20": {
        "start": { "line": 77, "column": 6 },
        "end": { "line": 77, "column": null }
      },
      "21": {
        "start": { "line": 79, "column": 6 },
        "end": { "line": 82, "column": null }
      }
    },
    "fnMap": {
      "0": {
        "name": "getAdaptiveSceneConfig",
        "decl": {
          "start": { "line": 11, "column": 16 },
          "end": { "line": 11, "column": 62 }
        },
        "loc": {
          "start": { "line": 11, "column": 62 },
          "end": { "line": 49, "column": null }
        },
        "line": 11
      },
      "1": {
        "name": "setAdaptiveScenesEnabled",
        "decl": {
          "start": { "line": 54, "column": 16 },
          "end": { "line": 54, "column": 41 }
        },
        "loc": {
          "start": { "line": 54, "column": 65 },
          "end": { "line": 67, "column": null }
        },
        "line": 54
      },
      "2": {
        "name": "setAdaptiveScenesPerformanceMode",
        "decl": {
          "start": { "line": 72, "column": 16 },
          "end": { "line": 72, "column": 49 }
        },
        "loc": {
          "start": { "line": 72, "column": 78 },
          "end": { "line": 85, "column": null }
        },
        "line": 72
      }
    },
    "branchMap": {
      "0": {
        "loc": {
          "start": { "line": 18, "column": 2 },
          "end": { "line": 43, "column": null }
        },
        "type": "if",
        "locations": [
          {
            "start": { "line": 18, "column": 2 },
            "end": { "line": 43, "column": null }
          },
          { "start": {}, "end": {} }
        ],
        "line": 18
      },
      "1": {
        "loc": {
          "start": { "line": 22, "column": 6 },
          "end": { "line": 24, "column": null }
        },
        "type": "if",
        "locations": [
          {
            "start": { "line": 22, "column": 6 },
            "end": { "line": 24, "column": null }
          },
          { "start": {}, "end": {} }
        ],
        "line": 22
      },
      "2": {
        "loc": {
          "start": { "line": 29, "column": 6 },
          "end": { "line": 36, "column": null }
        },
        "type": "if",
        "locations": [
          {
            "start": { "line": 29, "column": 6 },
            "end": { "line": 36, "column": null }
          },
          { "start": {}, "end": {} }
        ],
        "line": 29
      },
      "3": {
        "loc": {
          "start": { "line": 30, "column": 8 },
          "end": { "line": 33, "column": null }
        },
        "type": "binary-expr",
        "locations": [
          {
            "start": { "line": 30, "column": 8 },
            "end": { "line": 30, "column": null }
          },
          {
            "start": { "line": 31, "column": 8 },
            "end": { "line": 33, "column": null }
          }
        ],
        "line": 30
      },
      "4": {
        "loc": {
          "start": { "line": 55, "column": 2 },
          "end": { "line": 66, "column": null }
        },
        "type": "if",
        "locations": [
          {
            "start": { "line": 55, "column": 2 },
            "end": { "line": 66, "column": null }
          },
          { "start": {}, "end": {} }
        ],
        "line": 55
      },
      "5": {
        "loc": {
          "start": { "line": 73, "column": 2 },
          "end": { "line": 84, "column": null }
        },
        "type": "if",
        "locations": [
          {
            "start": { "line": 73, "column": 2 },
            "end": { "line": 84, "column": null }
          },
          { "start": {}, "end": {} }
        ],
        "line": 73
      }
    },
    "s": {
      "0": 3,
      "1": 3,
      "2": 3,
      "3": 3,
      "4": 3,
      "5": 3,
      "6": 1,
      "7": 3,
      "8": 3,
      "9": 1,
      "10": 0,
      "11": 3,
      "12": 2,
      "13": 2,
      "14": 2,
      "15": 2,
      "16": 0,
      "17": 1,
      "18": 1,
      "19": 1,
      "20": 1,
      "21": 0
    },
    "f": { "0": 3, "1": 2, "2": 1 },
    "b": {
      "0": [3, 0],
      "1": [1, 2],
      "2": [1, 2],
      "3": [3, 1],
      "4": [2, 0],
      "5": [1, 0]
    },
    "meta": {
      "lastBranch": 6,
      "lastFunction": 3,
      "lastStatement": 22,
      "seen": {
        "f:11:16:11:62": 0,
        "s:15:16:15:Infinity": 0,
        "s:16:41:16:Infinity": 1,
        "b:18:2:43:Infinity:undefined:undefined:undefined:undefined": 0,
        "s:18:2:43:Infinity": 2,
        "s:19:4:42:Infinity": 3,
        "s:21:28:21:Infinity": 4,
        "b:22:6:24:Infinity:undefined:undefined:undefined:undefined": 1,
        "s:22:6:24:Infinity": 5,
        "s:23:8:23:Infinity": 6,
        "s:26:36:28:Infinity": 7,
        "b:29:6:36:Infinity:undefined:undefined:undefined:undefined": 2,
        "s:29:6:36:Infinity": 8,
        "b:30:8:30:Infinity:31:8:33:Infinity": 3,
        "s:35:8:35:Infinity": 9,
        "s:38:6:41:Infinity": 10,
        "s:45:2:48:Infinity": 11,
        "f:54:16:54:41": 1,
        "b:55:2:66:Infinity:undefined:undefined:undefined:undefined": 4,
        "s:55:2:66:Infinity": 12,
        "s:56:4:65:Infinity": 13,
        "s:57:6:57:Infinity": 14,
        "s:59:6:59:Infinity": 15,
        "s:61:6:64:Infinity": 16,
        "f:72:16:72:49": 2,
        "b:73:2:84:Infinity:undefined:undefined:undefined:undefined": 5,
        "s:73:2:84:Infinity": 17,
        "s:74:4:83:Infinity": 18,
        "s:75:6:75:Infinity": 19,
        "s:77:6:77:Infinity": 20,
        "s:79:6:82:Infinity": 21
      }
    }
  },
  "/home/tonylama/Downloads/Milla-Rayne/milla-rayne-20251102T001201Z-1-001/milla-rayne/Milla-Rayne/client/src/lib/scene/sceneUtils.ts": {
    "path": "/home/tonylama/Downloads/Milla-Rayne/milla-rayne-20251102T001201Z-1-001/milla-rayne/Milla-Rayne/client/src/lib/scene/sceneUtils.ts",
    "statementMap": {
      "0": {
        "start": { "line": 17, "column": 8 },
        "end": { "line": 17, "column": null }
      },
      "1": {
        "start": { "line": 19, "column": 2 },
        "end": { "line": 19, "column": null }
      },
      "2": {
        "start": { "line": 19, "column": 29 },
        "end": { "line": 19, "column": null }
      },
      "3": {
        "start": { "line": 20, "column": 2 },
        "end": { "line": 20, "column": null }
      },
      "4": {
        "start": { "line": 20, "column": 30 },
        "end": { "line": 20, "column": null }
      },
      "5": {
        "start": { "line": 21, "column": 2 },
        "end": { "line": 21, "column": null }
      },
      "6": {
        "start": { "line": 21, "column": 31 },
        "end": { "line": 21, "column": null }
      },
      "7": {
        "start": { "line": 22, "column": 2 },
        "end": { "line": 22, "column": null }
      },
      "8": {
        "start": { "line": 29, "column": 52 },
        "end": { "line": 54, "column": null }
      },
      "9": {
        "start": { "line": 56, "column": 2 },
        "end": { "line": 56, "column": null }
      },
      "10": {
        "start": { "line": 63, "column": 44 },
        "end": { "line": 68, "column": null }
      },
      "11": {
        "start": { "line": 70, "column": 2 },
        "end": { "line": 70, "column": null }
      },
      "12": {
        "start": { "line": 82, "column": 18 },
        "end": { "line": 82, "column": null }
      },
      "13": {
        "start": { "line": 85, "column": 2 },
        "end": { "line": 85, "column": null }
      },
      "14": {
        "start": { "line": 88, "column": 23 },
        "end": { "line": 88, "column": null }
      },
      "15": {
        "start": { "line": 89, "column": 2 },
        "end": { "line": 97, "column": null }
      },
      "16": {
        "start": { "line": 90, "column": 4 },
        "end": { "line": 90, "column": null }
      },
      "17": {
        "start": { "line": 91, "column": 2 },
        "end": { "line": 97, "column": null }
      },
      "18": {
        "start": { "line": 92, "column": 4 },
        "end": { "line": 92, "column": null }
      },
      "19": {
        "start": { "line": 93, "column": 2 },
        "end": { "line": 97, "column": null }
      },
      "20": {
        "start": { "line": 94, "column": 4 },
        "end": { "line": 94, "column": null }
      },
      "21": {
        "start": { "line": 96, "column": 4 },
        "end": { "line": 96, "column": null }
      },
      "22": {
        "start": { "line": 100, "column": 26 },
        "end": { "line": 100, "column": null }
      },
      "23": {
        "start": { "line": 101, "column": 2 },
        "end": { "line": 108, "column": null }
      },
      "24": {
        "start": { "line": 102, "column": 4 },
        "end": { "line": 106, "column": null }
      },
      "25": {
        "start": { "line": 103, "column": 6 },
        "end": { "line": 103, "column": null }
      },
      "26": {
        "start": { "line": 104, "column": 4 },
        "end": { "line": 106, "column": null }
      },
      "27": {
        "start": { "line": 105, "column": 6 },
        "end": { "line": 105, "column": null }
      },
      "28": {
        "start": { "line": 110, "column": 2 },
        "end": { "line": 115, "column": null }
      },
      "29": {
        "start": { "line": 122, "column": 2 },
        "end": { "line": 122, "column": null }
      },
      "30": {
        "start": { "line": 122, "column": 37 },
        "end": { "line": 122, "column": null }
      },
      "31": {
        "start": { "line": 124, "column": 21 },
        "end": { "line": 124, "column": null }
      },
      "32": {
        "start": { "line": 125, "column": 2 },
        "end": { "line": 125, "column": null }
      },
      "33": {
        "start": { "line": 132, "column": 2 },
        "end": { "line": 132, "column": null }
      },
      "34": {
        "start": { "line": 132, "column": 39 },
        "end": { "line": 132, "column": null }
      },
      "35": {
        "start": { "line": 133, "column": 2 },
        "end": { "line": 133, "column": null }
      }
    },
    "fnMap": {
      "0": {
        "name": "getCurrentTimeOfDay",
        "decl": {
          "start": { "line": 16, "column": 16 },
          "end": { "line": 16, "column": 49 }
        },
        "loc": {
          "start": { "line": 16, "column": 49 },
          "end": { "line": 23, "column": null }
        },
        "line": 16
      },
      "1": {
        "name": "getPaletteForTimeOfDay",
        "decl": {
          "start": { "line": 28, "column": 16 },
          "end": { "line": 28, "column": 39 }
        },
        "loc": {
          "start": { "line": 28, "column": 75 },
          "end": { "line": 57, "column": null }
        },
        "line": 28
      },
      "2": {
        "name": "getAccentForAppState",
        "decl": {
          "start": { "line": 62, "column": 16 },
          "end": { "line": 62, "column": 37 }
        },
        "loc": {
          "start": { "line": 62, "column": 65 },
          "end": { "line": 71, "column": null }
        },
        "line": 62
      },
      "3": {
        "name": "generateSceneTheme",
        "decl": {
          "start": { "line": 76, "column": 16 },
          "end": { "line": 76, "column": null }
        },
        "loc": {
          "start": { "line": 81, "column": 14 },
          "end": { "line": 116, "column": null }
        },
        "line": 81
      },
      "4": {
        "name": "prefersReducedMotion",
        "decl": {
          "start": { "line": 121, "column": 16 },
          "end": { "line": 121, "column": 48 }
        },
        "loc": {
          "start": { "line": 121, "column": 48 },
          "end": { "line": 126, "column": null }
        },
        "line": 121
      },
      "5": {
        "name": "isPageBackgrounded",
        "decl": {
          "start": { "line": 131, "column": 16 },
          "end": { "line": 131, "column": 46 }
        },
        "loc": {
          "start": { "line": 131, "column": 46 },
          "end": { "line": 134, "column": null }
        },
        "line": 131
      }
    },
    "branchMap": {
      "0": {
        "loc": {
          "start": { "line": 19, "column": 2 },
          "end": { "line": 19, "column": null }
        },
        "type": "if",
        "locations": [
          {
            "start": { "line": 19, "column": 2 },
            "end": { "line": 19, "column": null }
          },
          { "start": {}, "end": {} }
        ],
        "line": 19
      },
      "1": {
        "loc": {
          "start": { "line": 19, "column": 6 },
          "end": { "line": 19, "column": 29 }
        },
        "type": "binary-expr",
        "locations": [
          {
            "start": { "line": 19, "column": 6 },
            "end": { "line": 19, "column": 19 }
          },
          {
            "start": { "line": 19, "column": 19 },
            "end": { "line": 19, "column": 29 }
          }
        ],
        "line": 19
      },
      "2": {
        "loc": {
          "start": { "line": 20, "column": 2 },
          "end": { "line": 20, "column": null }
        },
        "type": "if",
        "locations": [
          {
            "start": { "line": 20, "column": 2 },
            "end": { "line": 20, "column": null }
          },
          { "start": {}, "end": {} }
        ],
        "line": 20
      },
      "3": {
        "loc": {
          "start": { "line": 20, "column": 6 },
          "end": { "line": 20, "column": 30 }
        },
        "type": "binary-expr",
        "locations": [
          {
            "start": { "line": 20, "column": 6 },
            "end": { "line": 20, "column": 19 }
          },
          {
            "start": { "line": 20, "column": 19 },
            "end": { "line": 20, "column": 30 }
          }
        ],
        "line": 20
      },
      "4": {
        "loc": {
          "start": { "line": 21, "column": 2 },
          "end": { "line": 21, "column": null }
        },
        "type": "if",
        "locations": [
          {
            "start": { "line": 21, "column": 2 },
            "end": { "line": 21, "column": null }
          },
          { "start": {}, "end": {} }
        ],
        "line": 21
      },
      "5": {
        "loc": {
          "start": { "line": 21, "column": 6 },
          "end": { "line": 21, "column": 31 }
        },
        "type": "binary-expr",
        "locations": [
          {
            "start": { "line": 21, "column": 6 },
            "end": { "line": 21, "column": 20 }
          },
          {
            "start": { "line": 21, "column": 20 },
            "end": { "line": 21, "column": 31 }
          }
        ],
        "line": 21
      },
      "6": {
        "loc": {
          "start": { "line": 89, "column": 2 },
          "end": { "line": 97, "column": null }
        },
        "type": "if",
        "locations": [
          {
            "start": { "line": 89, "column": 2 },
            "end": { "line": 97, "column": null }
          },
          {
            "start": { "line": 91, "column": 2 },
            "end": { "line": 97, "column": null }
          }
        ],
        "line": 89
      },
      "7": {
        "loc": {
          "start": { "line": 91, "column": 2 },
          "end": { "line": 97, "column": null }
        },
        "type": "if",
        "locations": [
          {
            "start": { "line": 91, "column": 2 },
            "end": { "line": 97, "column": null }
          },
          {
            "start": { "line": 93, "column": 2 },
            "end": { "line": 97, "column": null }
          }
        ],
        "line": 91
      },
      "8": {
        "loc": {
          "start": { "line": 93, "column": 2 },
          "end": { "line": 97, "column": null }
        },
        "type": "if",
        "locations": [
          {
            "start": { "line": 93, "column": 2 },
            "end": { "line": 97, "column": null }
          },
          {
            "start": { "line": 95, "column": 9 },
            "end": { "line": 97, "column": null }
          }
        ],
        "line": 93
      },
      "9": {
        "loc": {
          "start": { "line": 101, "column": 2 },
          "end": { "line": 108, "column": null }
        },
        "type": "if",
        "locations": [
          {
            "start": { "line": 101, "column": 2 },
            "end": { "line": 108, "column": null }
          },
          { "start": {}, "end": {} }
        ],
        "line": 101
      },
      "10": {
        "loc": {
          "start": { "line": 102, "column": 4 },
          "end": { "line": 106, "column": null }
        },
        "type": "if",
        "locations": [
          {
            "start": { "line": 102, "column": 4 },
            "end": { "line": 106, "column": null }
          },
          {
            "start": { "line": 104, "column": 4 },
            "end": { "line": 106, "column": null }
          }
        ],
        "line": 102
      },
      "11": {
        "loc": {
          "start": { "line": 104, "column": 4 },
          "end": { "line": 106, "column": null }
        },
        "type": "if",
        "locations": [
          {
            "start": { "line": 104, "column": 4 },
            "end": { "line": 106, "column": null }
          },
          { "start": {}, "end": {} }
        ],
        "line": 104
      },
      "12": {
        "loc": {
          "start": { "line": 122, "column": 2 },
          "end": { "line": 122, "column": null }
        },
        "type": "if",
        "locations": [
          {
            "start": { "line": 122, "column": 2 },
            "end": { "line": 122, "column": null }
          },
          { "start": {}, "end": {} }
        ],
        "line": 122
      },
      "13": {
        "loc": {
          "start": { "line": 132, "column": 2 },
          "end": { "line": 132, "column": null }
        },
        "type": "if",
        "locations": [
          {
            "start": { "line": 132, "column": 2 },
            "end": { "line": 132, "column": null }
          },
          { "start": {}, "end": {} }
        ],
        "line": 132
      }
    },
    "s": {
      "0": 3,
      "1": 3,
      "2": 0,
      "3": 3,
      "4": 0,
      "5": 3,
      "6": 3,
      "7": 0,
      "8": 8,
      "9": 8,
      "10": 10,
      "11": 10,
      "12": 5,
      "13": 5,
      "14": 5,
      "15": 5,
      "16": 1,
      "17": 4,
      "18": 1,
      "19": 3,
      "20": 1,
      "21": 2,
      "22": 5,
      "23": 5,
      "24": 4,
      "25": 1,
      "26": 3,
      "27": 2,
      "28": 5,
      "29": 3,
      "30": 0,
      "31": 3,
      "32": 3,
      "33": 2,
      "34": 0,
      "35": 2
    },
    "f": { "0": 3, "1": 8, "2": 10, "3": 5, "4": 3, "5": 2 },
    "b": {
      "0": [0, 3],
      "1": [3, 3],
      "2": [0, 3],
      "3": [3, 3],
      "4": [3, 0],
      "5": [3, 3],
      "6": [1, 4],
      "7": [1, 3],
      "8": [1, 2],
      "9": [4, 1],
      "10": [1, 3],
      "11": [2, 1],
      "12": [0, 3],
      "13": [0, 2]
    },
    "meta": {
      "lastBranch": 14,
      "lastFunction": 6,
      "lastStatement": 36,
      "seen": {
        "f:16:16:16:49": 0,
        "s:17:8:17:Infinity": 0,
        "b:19:2:19:Infinity:undefined:undefined:undefined:undefined": 0,
        "s:19:2:19:Infinity": 1,
        "b:19:6:19:19:19:19:19:29": 1,
        "s:19:29:19:Infinity": 2,
        "b:20:2:20:Infinity:undefined:undefined:undefined:undefined": 2,
        "s:20:2:20:Infinity": 3,
        "b:20:6:20:19:20:19:20:30": 3,
        "s:20:30:20:Infinity": 4,
        "b:21:2:21:Infinity:undefined:undefined:undefined:undefined": 4,
        "s:21:2:21:Infinity": 5,
        "b:21:6:21:20:21:20:21:31": 5,
        "s:21:31:21:Infinity": 6,
        "s:22:2:22:Infinity": 7,
        "f:28:16:28:39": 1,
        "s:29:52:54:Infinity": 8,
        "s:56:2:56:Infinity": 9,
        "f:62:16:62:37": 2,
        "s:63:44:68:Infinity": 10,
        "s:70:2:70:Infinity": 11,
        "f:76:16:76:Infinity": 3,
        "s:82:18:82:Infinity": 12,
        "s:85:2:85:Infinity": 13,
        "s:88:23:88:Infinity": 14,
        "b:89:2:97:Infinity:91:2:97:Infinity": 6,
        "s:89:2:97:Infinity": 15,
        "s:90:4:90:Infinity": 16,
        "b:91:2:97:Infinity:93:2:97:Infinity": 7,
        "s:91:2:97:Infinity": 17,
        "s:92:4:92:Infinity": 18,
        "b:93:2:97:Infinity:95:9:97:Infinity": 8,
        "s:93:2:97:Infinity": 19,
        "s:94:4:94:Infinity": 20,
        "s:96:4:96:Infinity": 21,
        "s:100:26:100:Infinity": 22,
        "b:101:2:108:Infinity:undefined:undefined:undefined:undefined": 9,
        "s:101:2:108:Infinity": 23,
        "b:102:4:106:Infinity:104:4:106:Infinity": 10,
        "s:102:4:106:Infinity": 24,
        "s:103:6:103:Infinity": 25,
        "b:104:4:106:Infinity:undefined:undefined:undefined:undefined": 11,
        "s:104:4:106:Infinity": 26,
        "s:105:6:105:Infinity": 27,
        "s:110:2:115:Infinity": 28,
        "f:121:16:121:48": 4,
        "b:122:2:122:Infinity:undefined:undefined:undefined:undefined": 12,
        "s:122:2:122:Infinity": 29,
        "s:122:37:122:Infinity": 30,
        "s:124:21:124:Infinity": 31,
        "s:125:2:125:Infinity": 32,
        "f:131:16:131:46": 5,
        "b:132:2:132:Infinity:undefined:undefined:undefined:undefined": 13,
        "s:132:2:132:Infinity": 33,
        "s:132:39:132:Infinity": 34,
        "s:133:2:133:Infinity": 35
      }
    }
  },
  "/home/tonylama/Downloads/Milla-Rayne/milla-rayne-20251102T001201Z-1-001/milla-rayne/Milla-Rayne/client/src/utils/capabilityDetector.ts": {
    "path": "/home/tonylama/Downloads/Milla-Rayne/milla-rayne-20251102T001201Z-1-001/milla-rayne/Milla-Rayne/client/src/utils/capabilityDetector.ts",
    "statementMap": {
      "0": {
        "start": { "line": 5, "column": 17 },
        "end": { "line": 5, "column": null }
      },
      "1": {
        "start": { "line": 6, "column": 16 },
        "end": { "line": 7, "column": null }
      },
      "2": {
        "start": { "line": 11, "column": 31 },
        "end": { "line": 13, "column": null }
      },
      "3": {
        "start": { "line": 16, "column": 21 },
        "end": { "line": 19, "column": null }
      },
      "4": {
        "start": { "line": 22, "column": 43 },
        "end": { "line": 22, "column": null }
      },
      "5": {
        "start": { "line": 23, "column": 2 },
        "end": { "line": 27, "column": null }
      },
      "6": {
        "start": { "line": 24, "column": 4 },
        "end": { "line": 24, "column": null }
      },
      "7": {
        "start": { "line": 25, "column": 2 },
        "end": { "line": 27, "column": null }
      },
      "8": {
        "start": { "line": 26, "column": 4 },
        "end": { "line": 26, "column": null }
      },
      "9": {
        "start": { "line": 29, "column": 2 },
        "end": { "line": 34, "column": null }
      }
    },
    "fnMap": {
      "0": {
        "name": "detectDeviceCapabilities",
        "decl": {
          "start": { "line": 3, "column": 16 },
          "end": { "line": 3, "column": 63 }
        },
        "loc": {
          "start": { "line": 3, "column": 63 },
          "end": { "line": 35, "column": null }
        },
        "line": 3
      }
    },
    "branchMap": {
      "0": {
        "loc": {
          "start": { "line": 7, "column": 4 },
          "end": { "line": 7, "column": null }
        },
        "type": "binary-expr",
        "locations": [
          {
            "start": { "line": 7, "column": 4 },
            "end": { "line": 7, "column": 34 }
          },
          {
            "start": { "line": 7, "column": 34 },
            "end": { "line": 7, "column": null }
          }
        ],
        "line": 7
      },
      "1": {
        "loc": {
          "start": { "line": 23, "column": 2 },
          "end": { "line": 27, "column": null }
        },
        "type": "if",
        "locations": [
          {
            "start": { "line": 23, "column": 2 },
            "end": { "line": 27, "column": null }
          },
          {
            "start": { "line": 25, "column": 2 },
            "end": { "line": 27, "column": null }
          }
        ],
        "line": 23
      },
      "2": {
        "loc": {
          "start": { "line": 23, "column": 6 },
          "end": { "line": 23, "column": 40 }
        },
        "type": "binary-expr",
        "locations": [
          {
            "start": { "line": 23, "column": 6 },
            "end": { "line": 23, "column": 32 }
          },
          {
            "start": { "line": 23, "column": 32 },
            "end": { "line": 23, "column": 40 }
          }
        ],
        "line": 23
      },
      "3": {
        "loc": {
          "start": { "line": 25, "column": 2 },
          "end": { "line": 27, "column": null }
        },
        "type": "if",
        "locations": [
          {
            "start": { "line": 25, "column": 2 },
            "end": { "line": 27, "column": null }
          },
          { "start": {}, "end": {} }
        ],
        "line": 25
      },
      "4": {
        "loc": {
          "start": { "line": 25, "column": 13 },
          "end": { "line": 25, "column": 47 }
        },
        "type": "binary-expr",
        "locations": [
          {
            "start": { "line": 25, "column": 13 },
            "end": { "line": 25, "column": 40 }
          },
          {
            "start": { "line": 25, "column": 40 },
            "end": { "line": 25, "column": 47 }
          }
        ],
        "line": 25
      }
    },
    "s": {
      "0": 3,
      "1": 3,
      "2": 3,
      "3": 3,
      "4": 3,
      "5": 3,
      "6": 3,
      "7": 0,
      "8": 0,
      "9": 3
    },
    "f": { "0": 3 },
    "b": { "0": [3, 3], "1": [3, 0], "2": [3, 3], "3": [0, 0], "4": [0, 0] },
    "meta": {
      "lastBranch": 5,
      "lastFunction": 1,
      "lastStatement": 10,
      "seen": {
        "f:3:16:3:63": 0,
        "s:5:17:5:Infinity": 0,
        "s:6:16:7:Infinity": 1,
        "b:7:4:7:34:7:34:7:Infinity": 0,
        "s:11:31:13:Infinity": 2,
        "s:16:21:19:Infinity": 3,
        "s:22:43:22:Infinity": 4,
        "b:23:2:27:Infinity:25:2:27:Infinity": 1,
        "s:23:2:27:Infinity": 5,
        "b:23:6:23:32:23:32:23:40": 2,
        "s:24:4:24:Infinity": 6,
        "b:25:2:27:Infinity:undefined:undefined:undefined:undefined": 3,
        "s:25:2:27:Infinity": 7,
        "b:25:13:25:40:25:40:25:47": 4,
        "s:26:4:26:Infinity": 8,
        "s:29:2:34:Infinity": 9
      }
    }
  },
  "/home/tonylama/Downloads/Milla-Rayne/milla-rayne-20251102T001201Z-1-001/milla-rayne/Milla-Rayne/client/src/utils/scenePresets.ts": {
    "path": "/home/tonylama/Downloads/Milla-Rayne/milla-rayne-20251102T001201Z-1-001/milla-rayne/Milla-Rayne/client/src/utils/scenePresets.ts",
    "statementMap": {
      "0": {
        "start": { "line": 3, "column": 65 },
        "end": { "line": 28, "column": null }
      },
      "1": {
        "start": { "line": 30, "column": 74 },
        "end": { "line": 54, "column": null }
      },
      "2": {
        "start": { "line": 60, "column": 20 },
        "end": { "line": 60, "column": null }
      },
      "3": {
        "start": { "line": 61, "column": 20 },
        "end": { "line": 61, "column": null }
      },
      "4": {
        "start": { "line": 64, "column": 21 },
        "end": { "line": 64, "column": null }
      },
      "5": {
        "start": { "line": 65, "column": 21 },
        "end": { "line": 65, "column": null }
      },
      "6": {
        "start": { "line": 69, "column": 2 },
        "end": { "line": 75, "column": null }
      },
      "7": {
        "start": { "line": 71, "column": 21 },
        "end": { "line": 71, "column": null }
      },
      "8": {
        "start": { "line": 72, "column": 4 },
        "end": { "line": 72, "column": null }
      },
      "9": {
        "start": { "line": 74, "column": 4 },
        "end": { "line": 74, "column": null }
      },
      "10": {
        "start": { "line": 78, "column": 2 },
        "end": { "line": 81, "column": null }
      },
      "11": {
        "start": { "line": 79, "column": 25 },
        "end": { "line": 79, "column": null }
      },
      "12": {
        "start": { "line": 80, "column": 4 },
        "end": { "line": 80, "column": null }
      },
      "13": {
        "start": { "line": 84, "column": 2 },
        "end": { "line": 94, "column": null }
      },
      "14": {
        "start": { "line": 98, "column": 8 },
        "end": { "line": 98, "column": null }
      },
      "15": {
        "start": { "line": 100, "column": 2 },
        "end": { "line": 100, "column": null }
      },
      "16": {
        "start": { "line": 100, "column": 29 },
        "end": { "line": 100, "column": null }
      },
      "17": {
        "start": { "line": 101, "column": 2 },
        "end": { "line": 101, "column": null }
      },
      "18": {
        "start": { "line": 101, "column": 30 },
        "end": { "line": 101, "column": null }
      },
      "19": {
        "start": { "line": 102, "column": 2 },
        "end": { "line": 102, "column": null }
      },
      "20": {
        "start": { "line": 102, "column": 31 },
        "end": { "line": 102, "column": null }
      },
      "21": {
        "start": { "line": 103, "column": 2 },
        "end": { "line": 103, "column": null }
      },
      "22": {
        "start": { "line": 111, "column": 53 },
        "end": { "line": 121, "column": null }
      },
      "23": {
        "start": { "line": 123, "column": 2 },
        "end": { "line": 123, "column": null }
      }
    },
    "fnMap": {
      "0": {
        "name": "getSceneForContext",
        "decl": {
          "start": { "line": 56, "column": 16 },
          "end": { "line": 56, "column": null }
        },
        "loc": {
          "start": { "line": 59, "column": 15 },
          "end": { "line": 95, "column": null }
        },
        "line": 59
      },
      "1": {
        "name": "getCurrentTimeOfDay",
        "decl": {
          "start": { "line": 97, "column": 16 },
          "end": { "line": 97, "column": 49 }
        },
        "loc": {
          "start": { "line": 97, "column": 49 },
          "end": { "line": 104, "column": null }
        },
        "line": 97
      },
      "2": {
        "name": "getLocationMood",
        "decl": {
          "start": { "line": 110, "column": 16 },
          "end": { "line": 110, "column": 32 }
        },
        "loc": {
          "start": { "line": 110, "column": 61 },
          "end": { "line": 124, "column": null }
        },
        "line": 110
      }
    },
    "branchMap": {
      "0": {
        "loc": {
          "start": { "line": 64, "column": 21 },
          "end": { "line": 64, "column": null }
        },
        "type": "binary-expr",
        "locations": [
          {
            "start": { "line": 64, "column": 21 },
            "end": { "line": 64, "column": 41 }
          },
          {
            "start": { "line": 64, "column": 41 },
            "end": { "line": 64, "column": null }
          }
        ],
        "line": 64
      },
      "1": {
        "loc": {
          "start": { "line": 65, "column": 21 },
          "end": { "line": 65, "column": null }
        },
        "type": "binary-expr",
        "locations": [
          {
            "start": { "line": 65, "column": 21 },
            "end": { "line": 65, "column": 41 }
          },
          {
            "start": { "line": 65, "column": 41 },
            "end": { "line": 65, "column": null }
          }
        ],
        "line": 65
      },
      "2": {
        "loc": {
          "start": { "line": 69, "column": 2 },
          "end": { "line": 75, "column": null }
        },
        "type": "if",
        "locations": [
          {
            "start": { "line": 69, "column": 2 },
            "end": { "line": 75, "column": null }
          },
          {
            "start": { "line": 73, "column": 9 },
            "end": { "line": 75, "column": null }
          }
        ],
        "line": 69
      },
      "3": {
        "loc": {
          "start": { "line": 78, "column": 2 },
          "end": { "line": 81, "column": null }
        },
        "type": "if",
        "locations": [
          {
            "start": { "line": 78, "column": 2 },
            "end": { "line": 81, "column": null }
          },
          { "start": {}, "end": {} }
        ],
        "line": 78
      },
      "4": {
        "loc": {
          "start": { "line": 88, "column": 12 },
          "end": { "line": 88, "column": null }
        },
        "type": "binary-expr",
        "locations": [
          {
            "start": { "line": 88, "column": 12 },
            "end": { "line": 88, "column": 36 }
          },
          {
            "start": { "line": 88, "column": 36 },
            "end": { "line": 88, "column": null }
          }
        ],
        "line": 88
      },
      "5": {
        "loc": {
          "start": { "line": 89, "column": 12 },
          "end": { "line": 89, "column": null }
        },
        "type": "binary-expr",
        "locations": [
          {
            "start": { "line": 89, "column": 12 },
            "end": { "line": 89, "column": 36 }
          },
          {
            "start": { "line": 89, "column": 36 },
            "end": { "line": 89, "column": null }
          }
        ],
        "line": 89
      },
      "6": {
        "loc": {
          "start": { "line": 92, "column": 15 },
          "end": { "line": 92, "column": null }
        },
        "type": "binary-expr",
        "locations": [
          {
            "start": { "line": 92, "column": 15 },
            "end": { "line": 92, "column": 38 }
          },
          {
            "start": { "line": 92, "column": 38 },
            "end": { "line": 92, "column": null }
          }
        ],
        "line": 92
      },
      "7": {
        "loc": {
          "start": { "line": 100, "column": 2 },
          "end": { "line": 100, "column": null }
        },
        "type": "if",
        "locations": [
          {
            "start": { "line": 100, "column": 2 },
            "end": { "line": 100, "column": null }
          },
          { "start": {}, "end": {} }
        ],
        "line": 100
      },
      "8": {
        "loc": {
          "start": { "line": 100, "column": 6 },
          "end": { "line": 100, "column": 29 }
        },
        "type": "binary-expr",
        "locations": [
          {
            "start": { "line": 100, "column": 6 },
            "end": { "line": 100, "column": 19 }
          },
          {
            "start": { "line": 100, "column": 19 },
            "end": { "line": 100, "column": 29 }
          }
        ],
        "line": 100
      },
      "9": {
        "loc": {
          "start": { "line": 101, "column": 2 },
          "end": { "line": 101, "column": null }
        },
        "type": "if",
        "locations": [
          {
            "start": { "line": 101, "column": 2 },
            "end": { "line": 101, "column": null }
          },
          { "start": {}, "end": {} }
        ],
        "line": 101
      },
      "10": {
        "loc": {
          "start": { "line": 101, "column": 6 },
          "end": { "line": 101, "column": 30 }
        },
        "type": "binary-expr",
        "locations": [
          {
            "start": { "line": 101, "column": 6 },
            "end": { "line": 101, "column": 19 }
          },
          {
            "start": { "line": 101, "column": 19 },
            "end": { "line": 101, "column": 30 }
          }
        ],
        "line": 101
      },
      "11": {
        "loc": {
          "start": { "line": 102, "column": 2 },
          "end": { "line": 102, "column": null }
        },
        "type": "if",
        "locations": [
          {
            "start": { "line": 102, "column": 2 },
            "end": { "line": 102, "column": null }
          },
          { "start": {}, "end": {} }
        ],
        "line": 102
      },
      "12": {
        "loc": {
          "start": { "line": 102, "column": 6 },
          "end": { "line": 102, "column": 31 }
        },
        "type": "binary-expr",
        "locations": [
          {
            "start": { "line": 102, "column": 6 },
            "end": { "line": 102, "column": 20 }
          },
          {
            "start": { "line": 102, "column": 20 },
            "end": { "line": 102, "column": 31 }
          }
        ],
        "line": 102
      },
      "13": {
        "loc": {
          "start": { "line": 123, "column": 9 },
          "end": { "line": 123, "column": null }
        },
        "type": "binary-expr",
        "locations": [
          {
            "start": { "line": 123, "column": 9 },
            "end": { "line": 123, "column": 38 }
          },
          {
            "start": { "line": 123, "column": 38 },
            "end": { "line": 123, "column": null }
          }
        ],
        "line": 123
      }
    },
    "s": {
      "0": 1,
      "1": 1,
      "2": 20,
      "3": 20,
      "4": 20,
      "5": 20,
      "6": 20,
      "7": 20,
      "8": 20,
      "9": 0,
      "10": 20,
      "11": 0,
      "12": 0,
      "13": 20,
      "14": 2,
      "15": 2,
      "16": 0,
      "17": 2,
      "18": 0,
      "19": 2,
      "20": 2,
      "21": 0,
      "22": 12,
      "23": 12
    },
    "f": { "0": 20, "1": 2, "2": 12 },
    "b": {
      "0": [20, 0],
      "1": [20, 0],
      "2": [20, 0],
      "3": [0, 20],
      "4": [20, 0],
      "5": [20, 0],
      "6": [20, 16],
      "7": [0, 2],
      "8": [2, 2],
      "9": [0, 2],
      "10": [2, 2],
      "11": [2, 0],
      "12": [2, 2],
      "13": [12, 0]
    },
    "meta": {
      "lastBranch": 14,
      "lastFunction": 3,
      "lastStatement": 24,
      "seen": {
        "s:3:65:28:Infinity": 0,
        "s:30:74:54:Infinity": 1,
        "f:56:16:56:Infinity": 0,
        "s:60:20:60:Infinity": 2,
        "s:61:20:61:Infinity": 3,
        "s:64:21:64:Infinity": 4,
        "b:64:21:64:41:64:41:64:Infinity": 0,
        "s:65:21:65:Infinity": 5,
        "b:65:21:65:41:65:41:65:Infinity": 1,
        "b:69:2:75:Infinity:73:9:75:Infinity": 2,
        "s:69:2:75:Infinity": 6,
        "s:71:21:71:Infinity": 7,
        "s:72:4:72:Infinity": 8,
        "s:74:4:74:Infinity": 9,
        "b:78:2:81:Infinity:undefined:undefined:undefined:undefined": 3,
        "s:78:2:81:Infinity": 10,
        "s:79:25:79:Infinity": 11,
        "s:80:4:80:Infinity": 12,
        "s:84:2:94:Infinity": 13,
        "b:88:12:88:36:88:36:88:Infinity": 4,
        "b:89:12:89:36:89:36:89:Infinity": 5,
        "b:92:15:92:38:92:38:92:Infinity": 6,
        "f:97:16:97:49": 1,
        "s:98:8:98:Infinity": 14,
        "b:100:2:100:Infinity:undefined:undefined:undefined:undefined": 7,
        "s:100:2:100:Infinity": 15,
        "b:100:6:100:19:100:19:100:29": 8,
        "s:100:29:100:Infinity": 16,
        "b:101:2:101:Infinity:undefined:undefined:undefined:undefined": 9,
        "s:101:2:101:Infinity": 17,
        "b:101:6:101:19:101:19:101:30": 10,
        "s:101:30:101:Infinity": 18,
        "b:102:2:102:Infinity:undefined:undefined:undefined:undefined": 11,
        "s:102:2:102:Infinity": 19,
        "b:102:6:102:20:102:20:102:31": 12,
        "s:102:31:102:Infinity": 20,
        "s:103:2:103:Infinity": 21,
        "f:110:16:110:32": 2,
        "s:111:53:121:Infinity": 22,
        "s:123:2:123:Infinity": 23,
        "b:123:9:123:38:123:38:123:Infinity": 13
      }
    }
  },
  "/home/tonylama/Downloads/Milla-Rayne/milla-rayne-20251102T001201Z-1-001/milla-rayne/Milla-Rayne/client/src/utils/sceneSettingsStore.ts": {
    "path": "/home/tonylama/Downloads/Milla-Rayne/milla-rayne-20251102T001201Z-1-001/milla-rayne/Milla-Rayne/client/src/utils/sceneSettingsStore.ts",
    "statementMap": {
      "0": {
        "start": { "line": 8, "column": 20 },
        "end": { "line": 8, "column": null }
      },
      "1": {
        "start": { "line": 9, "column": 25 },
        "end": { "line": 9, "column": null }
      },
      "2": {
        "start": { "line": 23, "column": 2 },
        "end": { "line": 35, "column": null }
      },
      "3": {
        "start": { "line": 43, "column": 2 },
        "end": { "line": 45, "column": null }
      },
      "4": {
        "start": { "line": 44, "column": 4 },
        "end": { "line": 44, "column": null }
      },
      "5": {
        "start": { "line": 47, "column": 2 },
        "end": { "line": 104, "column": null }
      },
      "6": {
        "start": { "line": 48, "column": 19 },
        "end": { "line": 48, "column": null }
      },
      "7": {
        "start": { "line": 49, "column": 4 },
        "end": { "line": 51, "column": null }
      },
      "8": {
        "start": { "line": 50, "column": 6 },
        "end": { "line": 50, "column": null }
      },
      "9": {
        "start": { "line": 53, "column": 35 },
        "end": { "line": 53, "column": null }
      },
      "10": {
        "start": { "line": 56, "column": 4 },
        "end": { "line": 59, "column": null }
      },
      "11": {
        "start": { "line": 57, "column": 6 },
        "end": { "line": 57, "column": null }
      },
      "12": {
        "start": { "line": 58, "column": 6 },
        "end": { "line": 58, "column": null }
      },
      "13": {
        "start": { "line": 62, "column": 21 },
        "end": { "line": 62, "column": null }
      },
      "14": {
        "start": { "line": 63, "column": 4 },
        "end": { "line": 100, "column": null }
      },
      "15": {
        "start": { "line": 102, "column": 4 },
        "end": { "line": 102, "column": null }
      },
      "16": {
        "start": { "line": 103, "column": 4 },
        "end": { "line": 103, "column": null }
      },
      "17": {
        "start": { "line": 111, "column": 2 },
        "end": { "line": 113, "column": null }
      },
      "18": {
        "start": { "line": 112, "column": 4 },
        "end": { "line": 112, "column": null }
      },
      "19": {
        "start": { "line": 115, "column": 2 },
        "end": { "line": 126, "column": null }
      },
      "20": {
        "start": { "line": 116, "column": 35 },
        "end": { "line": 119, "column": null }
      },
      "21": {
        "start": { "line": 120, "column": 4 },
        "end": { "line": 120, "column": null }
      },
      "22": {
        "start": { "line": 123, "column": 4 },
        "end": { "line": 123, "column": null }
      },
      "23": {
        "start": { "line": 125, "column": 4 },
        "end": { "line": 125, "column": null }
      },
      "24": {
        "start": { "line": 135, "column": 18 },
        "end": { "line": 135, "column": null }
      },
      "25": {
        "start": { "line": 136, "column": 18 },
        "end": { "line": 136, "column": null }
      },
      "26": {
        "start": { "line": 137, "column": 2 },
        "end": { "line": 137, "column": null }
      },
      "27": {
        "start": { "line": 138, "column": 2 },
        "end": { "line": 138, "column": null }
      },
      "28": {
        "start": { "line": 147, "column": 2 },
        "end": { "line": 149, "column": null }
      },
      "29": {
        "start": { "line": 148, "column": 4 },
        "end": { "line": 148, "column": null }
      },
      "30": {
        "start": { "line": 151, "column": 18 },
        "end": { "line": 153, "column": null }
      },
      "31": {
        "start": { "line": 152, "column": 4 },
        "end": { "line": 152, "column": null }
      },
      "32": {
        "start": { "line": 155, "column": 2 },
        "end": { "line": 155, "column": null }
      },
      "33": {
        "start": { "line": 156, "column": 2 },
        "end": { "line": 156, "column": null }
      },
      "34": {
        "start": { "line": 156, "column": 15 },
        "end": { "line": 156, "column": null }
      },
      "35": {
        "start": { "line": 163, "column": 2 },
        "end": { "line": 163, "column": null }
      }
    },
    "fnMap": {
      "0": {
        "name": "getDefaultSettings",
        "decl": {
          "start": { "line": 22, "column": 16 },
          "end": { "line": 22, "column": 52 }
        },
        "loc": {
          "start": { "line": 22, "column": 52 },
          "end": { "line": 36, "column": null }
        },
        "line": 22
      },
      "1": {
        "name": "loadSceneSettings",
        "decl": {
          "start": { "line": 42, "column": 16 },
          "end": { "line": 42, "column": 51 }
        },
        "loc": {
          "start": { "line": 42, "column": 51 },
          "end": { "line": 105, "column": null }
        },
        "line": 42
      },
      "2": {
        "name": "saveSceneSettings",
        "decl": {
          "start": { "line": 110, "column": 16 },
          "end": { "line": 110, "column": 34 }
        },
        "loc": {
          "start": { "line": 110, "column": 65 },
          "end": { "line": 127, "column": null }
        },
        "line": 110
      },
      "3": {
        "name": "updateSceneSettings",
        "decl": {
          "start": { "line": 132, "column": 16 },
          "end": { "line": 132, "column": null }
        },
        "loc": {
          "start": { "line": 134, "column": 17 },
          "end": { "line": 139, "column": null }
        },
        "line": 134
      },
      "4": {
        "name": "onSettingsChange",
        "decl": {
          "start": { "line": 144, "column": 16 },
          "end": { "line": 144, "column": null }
        },
        "loc": {
          "start": { "line": 146, "column": 14 },
          "end": { "line": 157, "column": null }
        },
        "line": 146
      },
      "5": {
        "name": "(anonymous_5)",
        "decl": {
          "start": { "line": 148, "column": 11 },
          "end": { "line": 148, "column": 17 }
        },
        "loc": {
          "start": { "line": 148, "column": 17 },
          "end": { "line": 148, "column": null }
        },
        "line": 148
      },
      "6": {
        "name": "(anonymous_6)",
        "decl": {
          "start": { "line": 151, "column": 18 },
          "end": { "line": 151, "column": 24 }
        },
        "loc": {
          "start": { "line": 151, "column": 24 },
          "end": { "line": 153, "column": null }
        },
        "line": 151
      },
      "7": {
        "name": "(anonymous_7)",
        "decl": {
          "start": { "line": 156, "column": 9 },
          "end": { "line": 156, "column": 15 }
        },
        "loc": {
          "start": { "line": 156, "column": 15 },
          "end": { "line": 156, "column": null }
        },
        "line": 156
      },
      "8": {
        "name": "clamp",
        "decl": {
          "start": { "line": 162, "column": 9 },
          "end": { "line": 162, "column": 15 }
        },
        "loc": {
          "start": { "line": 162, "column": 64 },
          "end": { "line": 164, "column": null }
        },
        "line": 162
      }
    },
    "branchMap": {
      "0": {
        "loc": {
          "start": { "line": 43, "column": 2 },
          "end": { "line": 45, "column": null }
        },
        "type": "if",
        "locations": [
          {
            "start": { "line": 43, "column": 2 },
            "end": { "line": 45, "column": null }
          },
          { "start": {}, "end": {} }
        ],
        "line": 43
      },
      "1": {
        "loc": {
          "start": { "line": 49, "column": 4 },
          "end": { "line": 51, "column": null }
        },
        "type": "if",
        "locations": [
          {
            "start": { "line": 49, "column": 4 },
            "end": { "line": 51, "column": null }
          },
          { "start": {}, "end": {} }
        ],
        "line": 49
      },
      "2": {
        "loc": {
          "start": { "line": 56, "column": 4 },
          "end": { "line": 59, "column": null }
        },
        "type": "if",
        "locations": [
          {
            "start": { "line": 56, "column": 4 },
            "end": { "line": 59, "column": null }
          },
          { "start": {}, "end": {} }
        ],
        "line": 56
      },
      "3": {
        "loc": {
          "start": { "line": 64, "column": 15 },
          "end": { "line": 64, "column": null }
        },
        "type": "cond-expr",
        "locations": [
          {
            "start": { "line": 64, "column": 55 },
            "end": { "line": 64, "column": 74 }
          },
          {
            "start": { "line": 64, "column": 74 },
            "end": { "line": 64, "column": null }
          }
        ],
        "line": 64
      },
      "4": {
        "loc": {
          "start": { "line": 65, "column": 12 },
          "end": { "line": 69, "column": null }
        },
        "type": "cond-expr",
        "locations": [
          {
            "start": { "line": 68, "column": 10 },
            "end": { "line": 68, "column": null }
          },
          {
            "start": { "line": 69, "column": 10 },
            "end": { "line": 69, "column": null }
          }
        ],
        "line": 65
      },
      "5": {
        "loc": {
          "start": { "line": 71, "column": 8 },
          "end": { "line": 73, "column": null }
        },
        "type": "cond-expr",
        "locations": [
          {
            "start": { "line": 72, "column": 12 },
            "end": { "line": 72, "column": null }
          },
          {
            "start": { "line": 73, "column": 12 },
            "end": { "line": 73, "column": null }
          }
        ],
        "line": 71
      },
      "6": {
        "loc": {
          "start": { "line": 75, "column": 8 },
          "end": { "line": 77, "column": null }
        },
        "type": "cond-expr",
        "locations": [
          {
            "start": { "line": 76, "column": 12 },
            "end": { "line": 76, "column": null }
          },
          {
            "start": { "line": 77, "column": 12 },
            "end": { "line": 77, "column": null }
          }
        ],
        "line": 75
      },
      "7": {
        "loc": {
          "start": { "line": 78, "column": 31 },
          "end": { "line": 78, "column": 65 }
        },
        "type": "binary-expr",
        "locations": [
          {
            "start": { "line": 78, "column": 31 },
            "end": { "line": 78, "column": 61 }
          },
          {
            "start": { "line": 78, "column": 61 },
            "end": { "line": 78, "column": 65 }
          }
        ],
        "line": 78
      },
      "8": {
        "loc": {
          "start": { "line": 79, "column": 23 },
          "end": { "line": 83, "column": null }
        },
        "type": "cond-expr",
        "locations": [
          {
            "start": { "line": 82, "column": 10 },
            "end": { "line": 82, "column": null }
          },
          {
            "start": { "line": 83, "column": 10 },
            "end": { "line": 83, "column": null }
          }
        ],
        "line": 79
      },
      "9": {
        "loc": {
          "start": { "line": 84, "column": 28 },
          "end": { "line": 84, "column": 60 }
        },
        "type": "binary-expr",
        "locations": [
          {
            "start": { "line": 84, "column": 28 },
            "end": { "line": 84, "column": 55 }
          },
          {
            "start": { "line": 84, "column": 55 },
            "end": { "line": 84, "column": 60 }
          }
        ],
        "line": 84
      },
      "10": {
        "loc": {
          "start": { "line": 86, "column": 8 },
          "end": { "line": 86, "column": null }
        },
        "type": "cond-expr",
        "locations": [
          {
            "start": { "line": 86, "column": 49 },
            "end": { "line": 86, "column": 69 }
          },
          {
            "start": { "line": 86, "column": 69 },
            "end": { "line": 86, "column": null }
          }
        ],
        "line": 86
      },
      "11": {
        "loc": {
          "start": { "line": 88, "column": 8 },
          "end": { "line": 90, "column": null }
        },
        "type": "cond-expr",
        "locations": [
          {
            "start": { "line": 89, "column": 12 },
            "end": { "line": 89, "column": null }
          },
          {
            "start": { "line": 90, "column": 12 },
            "end": { "line": 90, "column": null }
          }
        ],
        "line": 88
      },
      "12": {
        "loc": {
          "start": { "line": 92, "column": 8 },
          "end": { "line": 94, "column": null }
        },
        "type": "cond-expr",
        "locations": [
          {
            "start": { "line": 93, "column": 12 },
            "end": { "line": 93, "column": null }
          },
          {
            "start": { "line": 94, "column": 12 },
            "end": { "line": 94, "column": null }
          }
        ],
        "line": 92
      },
      "13": {
        "loc": {
          "start": { "line": 95, "column": 22 },
          "end": { "line": 99, "column": null }
        },
        "type": "cond-expr",
        "locations": [
          {
            "start": { "line": 98, "column": 11 },
            "end": { "line": 98, "column": null }
          },
          {
            "start": { "line": 99, "column": 10 },
            "end": { "line": 99, "column": null }
          }
        ],
        "line": 95
      },
      "14": {
        "loc": {
          "start": { "line": 111, "column": 2 },
          "end": { "line": 113, "column": null }
        },
        "type": "if",
        "locations": [
          {
            "start": { "line": 111, "column": 2 },
            "end": { "line": 113, "column": null }
          },
          { "start": {}, "end": {} }
        ],
        "line": 111
      },
      "15": {
        "loc": {
          "start": { "line": 147, "column": 2 },
          "end": { "line": 149, "column": null }
        },
        "type": "if",
        "locations": [
          {
            "start": { "line": 147, "column": 2 },
            "end": { "line": 149, "column": null }
          },
          { "start": {}, "end": {} }
        ],
        "line": 147
      }
    },
    "s": {
      "0": 2,
      "1": 2,
      "2": 25,
      "3": 13,
      "4": 0,
      "5": 13,
      "6": 13,
      "7": 13,
      "8": 6,
      "9": 7,
      "10": 7,
      "11": 1,
      "12": 1,
      "13": 5,
      "14": 5,
      "15": 1,
      "16": 1,
      "17": 5,
      "18": 0,
      "19": 5,
      "20": 5,
      "21": 5,
      "22": 5,
      "23": 0,
      "24": 4,
      "25": 4,
      "26": 4,
      "27": 4,
      "28": 1,
      "29": 0,
      "30": 1,
      "31": 1,
      "32": 1,
      "33": 1,
      "34": 1,
      "35": 10
    },
    "f": {
      "0": 25,
      "1": 13,
      "2": 5,
      "3": 4,
      "4": 1,
      "5": 0,
      "6": 1,
      "7": 1,
      "8": 10
    },
    "b": {
      "0": [0, 13],
      "1": [6, 7],
      "2": [1, 6],
      "3": [4, 1],
      "4": [4, 1],
      "5": [4, 1],
      "6": [4, 1],
      "7": [13, 0],
      "8": [4, 1],
      "9": [13, 0],
      "10": [4, 1],
      "11": [4, 1],
      "12": [4, 1],
      "13": [4, 1],
      "14": [0, 5],
      "15": [0, 1]
    },
    "meta": {
      "lastBranch": 16,
      "lastFunction": 9,
      "lastStatement": 36,
      "seen": {
        "s:8:20:8:Infinity": 0,
        "s:9:25:9:Infinity": 1,
        "f:22:16:22:52": 0,
        "s:23:2:35:Infinity": 2,
        "f:42:16:42:51": 1,
        "b:43:2:45:Infinity:undefined:undefined:undefined:undefined": 0,
        "s:43:2:45:Infinity": 3,
        "s:44:4:44:Infinity": 4,
        "s:47:2:104:Infinity": 5,
        "s:48:19:48:Infinity": 6,
        "b:49:4:51:Infinity:undefined:undefined:undefined:undefined": 1,
        "s:49:4:51:Infinity": 7,
        "s:50:6:50:Infinity": 8,
        "s:53:35:53:Infinity": 9,
        "b:56:4:59:Infinity:undefined:undefined:undefined:undefined": 2,
        "s:56:4:59:Infinity": 10,
        "s:57:6:57:Infinity": 11,
        "s:58:6:58:Infinity": 12,
        "s:62:21:62:Infinity": 13,
        "s:63:4:100:Infinity": 14,
        "b:64:55:64:74:64:74:64:Infinity": 3,
        "b:68:10:68:Infinity:69:10:69:Infinity": 4,
        "b:72:12:72:Infinity:73:12:73:Infinity": 5,
        "b:76:12:76:Infinity:77:12:77:Infinity": 6,
        "b:78:31:78:61:78:61:78:65": 7,
        "b:82:10:82:Infinity:83:10:83:Infinity": 8,
        "b:84:28:84:55:84:55:84:60": 9,
        "b:86:49:86:69:86:69:86:Infinity": 10,
        "b:89:12:89:Infinity:90:12:90:Infinity": 11,
        "b:93:12:93:Infinity:94:12:94:Infinity": 12,
        "b:98:11:98:Infinity:99:10:99:Infinity": 13,
        "s:102:4:102:Infinity": 15,
        "s:103:4:103:Infinity": 16,
        "f:110:16:110:34": 2,
        "b:111:2:113:Infinity:undefined:undefined:undefined:undefined": 14,
        "s:111:2:113:Infinity": 17,
        "s:112:4:112:Infinity": 18,
        "s:115:2:126:Infinity": 19,
        "s:116:35:119:Infinity": 20,
        "s:120:4:120:Infinity": 21,
        "s:123:4:123:Infinity": 22,
        "s:125:4:125:Infinity": 23,
        "f:132:16:132:Infinity": 3,
        "s:135:18:135:Infinity": 24,
        "s:136:18:136:Infinity": 25,
        "s:137:2:137:Infinity": 26,
        "s:138:2:138:Infinity": 27,
        "f:144:16:144:Infinity": 4,
        "b:147:2:149:Infinity:undefined:undefined:undefined:undefined": 15,
        "s:147:2:149:Infinity": 28,
        "s:148:4:148:Infinity": 29,
        "f:148:11:148:17": 5,
        "s:151:18:153:Infinity": 30,
        "f:151:18:151:24": 6,
        "s:152:4:152:Infinity": 31,
        "s:155:2:155:Infinity": 32,
        "s:156:2:156:Infinity": 33,
        "f:156:9:156:15": 7,
        "s:156:15:156:Infinity": 34,
        "f:162:9:162:15": 8,
        "s:163:2:163:Infinity": 35
      }
    }
  }
}
