TN:
SF:server/abTestingService.ts
FN:92,(anonymous_0)
FN:150,(anonymous_1)
FN:159,(anonymous_2)
FN:171,(anonymous_3)
FN:188,(anonymous_4)
FN:189,(anonymous_5)
FN:195,(anonymous_6)
FN:196,(anonymous_7)
FN:202,(anonymous_8)
FN:239,(anonymous_9)
FN:251,(anonymous_10)
FN:266,(anonymous_11)
FN:293,(anonymous_12)
FN:308,(anonymous_13)
FN:315,(anonymous_14)
FN:328,(anonymous_15)
FN:329,(anonymous_16)
FN:385,(anonymous_17)
FN:406,(anonymous_18)
FN:417,(anonymous_19)
FN:421,(anonymous_20)
FN:436,(anonymous_21)
FN:450,(anonymous_22)
FN:451,(anonymous_23)
FN:457,(anonymous_24)
FN:467,(anonymous_25)
FN:476,(anonymous_26)
FN:479,(anonymous_27)
FN:486,(anonymous_28)
FN:519,(anonymous_29)
FN:537,(anonymous_30)
FN:548,initializeABTesting
FN:553,(anonymous_32)
FN:563,createPersonalityVariant
FN:572,getActivePersonalityVariants
FN:579,assignUserToTestGroup
FN:589,getUserPersonalityVariant
FN:598,getPromptModificationsForUser
FN:607,trackUserInteraction
FN:617,getVariantMetrics
FN:624,getAllVariantMetrics
FN:631,createABTest
FN:638,getActiveABTests
FN:645,analyzeABTestResults
FN:654,getABTestingStatistics
FNF:45
FNH:42
FNDA:1,(anonymous_0)
FNDA:1,(anonymous_1)
FNDA:1,(anonymous_2)
FNDA:1,(anonymous_3)
FNDA:15,(anonymous_4)
FNDA:74,(anonymous_5)
FNDA:8,(anonymous_6)
FNDA:18,(anonymous_7)
FNDA:22,(anonymous_8)
FNDA:8,(anonymous_9)
FNDA:38,(anonymous_10)
FNDA:38,(anonymous_11)
FNDA:580,(anonymous_12)
FNDA:4,(anonymous_13)
FNDA:1,(anonymous_14)
FNDA:1,(anonymous_15)
FNDA:2,(anonymous_16)
FNDA:2,(anonymous_17)
FNDA:1,(anonymous_18)
FNDA:2,(anonymous_19)
FNDA:2,(anonymous_20)
FNDA:2,(anonymous_21)
FNDA:1,(anonymous_22)
FNDA:1,(anonymous_23)
FNDA:6,(anonymous_24)
FNDA:1,(anonymous_25)
FNDA:5,(anonymous_26)
FNDA:2,(anonymous_27)
FNDA:1,(anonymous_28)
FNDA:0,(anonymous_29)
FNDA:0,(anonymous_30)
FNDA:1,initializeABTesting
FNDA:0,(anonymous_32)
FNDA:1,createPersonalityVariant
FNDA:9,getActivePersonalityVariants
FNDA:22,assignUserToTestGroup
FNDA:2,getUserPersonalityVariant
FNDA:6,getPromptModificationsForUser
FNDA:38,trackUserInteraction
FNDA:2,getVariantMetrics
FNDA:1,getAllVariantMetrics
FNDA:2,createABTest
FNDA:1,getActiveABTests
FNDA:1,analyzeABTestResults
FNDA:1,getABTestingStatistics
DA:93,1
DA:94,1
DA:95,1
DA:96,1
DA:98,1
DA:105,1
DA:151,1
DA:152,1
DA:153,1
DA:160,1
DA:161,0
DA:162,0
DA:164,0
DA:174,1
DA:180,1
DA:181,1
DA:182,1
DA:189,74
DA:196,18
DA:204,22
DA:206,22
DA:207,1
DA:211,21
DA:212,6
DA:213,6
DA:214,0
DA:218,6
DA:219,6
DA:222,21
DA:230,21
DA:231,21
DA:233,21
DA:240,8
DA:241,8
DA:242,1
DA:245,7
DA:252,38
DA:254,38
DA:255,38
DA:256,38
DA:259,38
DA:267,38
DA:269,38
DA:270,4
DA:282,38
DA:284,38
DA:286,38
DA:287,38
DA:292,38
DA:293,580
DA:295,38
DA:297,38
DA:298,38
DA:302,38
DA:309,4
DA:316,1
DA:318,1
DA:319,2
DA:322,1
DA:329,2
DA:330,1
DA:331,0
DA:334,1
DA:335,1
DA:336,1
DA:339,1
DA:340,2
DA:342,2
DA:344,2
DA:345,2
DA:347,2
DA:349,2
DA:350,1
DA:351,1
DA:357,1
DA:361,1
DA:363,1
DA:364,0
DA:365,1
DA:366,1
DA:370,1
DA:372,1
DA:387,2
DA:391,2
DA:395,2
DA:398,2
DA:409,1
DA:411,1
DA:412,0
DA:416,1
DA:417,2
DA:421,2
DA:422,1
DA:423,1
DA:424,1
DA:427,1
DA:428,1
DA:430,1
DA:437,2
DA:442,2
DA:443,2
DA:444,2
DA:451,1
DA:460,6
DA:461,6
DA:474,1
DA:476,5
DA:479,2
DA:487,1
DA:488,1
DA:489,1
DA:491,1
DA:492,1
DA:495,1
DA:496,1
DA:499,0
DA:504,1
DA:505,1
DA:508,0
DA:512,0
DA:520,0
DA:521,0
DA:528,0
DA:530,0
DA:538,0
DA:543,1
DA:549,1
DA:552,1
DA:554,0
DA:566,1
DA:573,9
DA:583,22
DA:592,2
DA:601,6
DA:611,38
DA:618,2
DA:625,1
DA:632,2
DA:639,1
DA:648,1
DA:655,1
LF:141
LH:125
BRDA:160,0,0,0
BRDA:160,0,1,1
BRDA:206,1,0,1
BRDA:206,1,1,21
BRDA:211,2,0,6
BRDA:211,2,1,15
BRDA:213,3,0,0
BRDA:213,3,1,6
BRDA:241,4,0,1
BRDA:241,4,1,7
BRDA:245,5,0,7
BRDA:245,5,1,0
BRDA:254,6,0,38
BRDA:254,6,1,0
BRDA:269,7,0,4
BRDA:269,7,1,34
BRDA:284,8,0,38
BRDA:284,8,1,0
BRDA:297,9,0,38
BRDA:297,9,1,0
BRDA:309,10,0,4
BRDA:309,10,1,0
BRDA:330,11,0,0
BRDA:330,11,1,1
BRDA:342,12,0,2
BRDA:342,12,1,0
BRDA:349,13,0,1
BRDA:349,13,1,1
BRDA:363,14,0,0
BRDA:363,14,1,1
BRDA:363,15,0,1
BRDA:363,15,1,0
BRDA:365,16,0,1
BRDA:365,16,1,0
BRDA:365,17,0,1
BRDA:365,17,1,0
BRDA:370,18,0,1
BRDA:370,18,1,0
BRDA:411,19,0,0
BRDA:411,19,1,1
BRDA:461,20,0,6
BRDA:461,20,1,0
BRDA:491,21,0,1
BRDA:491,21,1,0
BRDA:492,22,0,1
BRDA:492,22,1,0
BRDA:495,23,0,1
BRDA:495,23,1,0
BRDA:504,24,0,1
BRDA:504,24,1,0
BRF:50
BRH:30
end_of_record
TN:
SF:server/activeListeningService.ts
FN:41,getTranscriptWithTimestamps
FN:56,analyzeFullTranscript
FN:99,(anonymous_2)
FN:134,(anonymous_3)
FN:152,preprocessVideo
FN:167,(anonymous_5)
FN:168,(anonymous_6)
FN:169,(anonymous_7)
FN:181,checkForScheduledPause
FN:193,(anonymous_9)
FN:199,(anonymous_10)
FN:205,(anonymous_11)
FN:217,saveInsightToMemory
FN:242,startActiveListening
FN:271,stopActiveListening
FN:288,getActiveListeningState
FN:295,isActiveListeningEnabled
FNF:17
FNH:0
FNDA:0,getTranscriptWithTimestamps
FNDA:0,analyzeFullTranscript
FNDA:0,(anonymous_2)
FNDA:0,(anonymous_3)
FNDA:0,preprocessVideo
FNDA:0,(anonymous_5)
FNDA:0,(anonymous_6)
FNDA:0,(anonymous_7)
FNDA:0,checkForScheduledPause
FNDA:0,(anonymous_9)
FNDA:0,(anonymous_10)
FNDA:0,(anonymous_11)
FNDA:0,saveInsightToMemory
FNDA:0,startActiveListening
FNDA:0,stopActiveListening
FNDA:0,getActiveListeningState
FNDA:0,isActiveListeningEnabled
DA:30,0
DA:44,0
DA:45,0
DA:46,0
DA:48,0
DA:49,0
DA:62,0
DA:63,0
DA:65,0
DA:66,0
DA:68,0
DA:69,0
DA:72,0
DA:73,0
DA:76,0
DA:77,0
DA:78,0
DA:83,0
DA:84,0
DA:87,0
DA:99,0
DA:115,0
DA:116,0
DA:118,0
DA:119,0
DA:122,0
DA:123,0
DA:124,0
DA:125,0
DA:128,0
DA:130,0
DA:131,0
DA:134,0
DA:144,0
DA:145,0
DA:156,0
DA:158,0
DA:160,0
DA:161,0
DA:162,0
DA:165,0
DA:166,0
DA:167,0
DA:168,0
DA:169,0
DA:171,0
DA:175,0
DA:184,0
DA:188,0
DA:192,0
DA:193,0
DA:196,0
DA:198,0
DA:199,0
DA:202,0
DA:204,0
DA:205,0
DA:207,0
DA:211,0
DA:223,0
DA:233,0
DA:234,0
DA:236,0
DA:246,0
DA:248,0
DA:253,0
DA:261,0
DA:272,0
DA:276,0
DA:289,0
DA:296,0
LF:71
LH:0
BRDA:68,0,0,0
BRDA:68,0,1,0
BRDA:76,1,0,0
BRDA:76,1,1,0
BRDA:83,2,0,0
BRDA:83,2,1,0
BRDA:118,3,0,0
BRDA:118,3,1,0
BRDA:124,4,0,0
BRDA:124,4,1,0
BRDA:130,5,0,0
BRDA:130,5,1,0
BRDA:136,6,0,0
BRDA:136,6,1,0
BRDA:137,7,0,0
BRDA:137,7,1,0
BRDA:138,8,0,0
BRDA:138,8,1,0
BRDA:139,9,0,0
BRDA:139,9,1,0
BRDA:160,10,0,0
BRDA:160,10,1,0
BRDA:160,11,0,0
BRDA:160,11,1,0
BRDA:167,12,0,0
BRDA:167,12,1,0
BRDA:184,13,0,0
BRDA:184,13,1,0
BRDA:185,14,0,0
BRDA:185,14,1,0
BRDA:196,15,0,0
BRDA:196,15,1,0
BRDA:202,16,0,0
BRDA:202,16,1,0
BRDA:297,17,0,0
BRDA:297,17,1,0
BRF:36
BRH:0
end_of_record
TN:
SF:server/agentCommsService.ts
FN:42,dispatchExternalCommand
FN:100,(anonymous_1)
FN:180,validateExternalCommand
FN:204,getAgentStatus
FNF:4
FNH:4
FNDA:29,dispatchExternalCommand
FNDA:6,(anonymous_1)
FNDA:9,validateExternalCommand
FNDA:5,getAgentStatus
DA:45,29
DA:48,29
DA:58,29
DA:59,1
DA:62,1
DA:79,28
DA:86,29
DA:90,29
DA:92,22
DA:93,22
DA:100,6
DA:103,6
DA:105,6
DA:107,0
DA:112,0
DA:114,2
DA:119,2
DA:121,4
DA:127,6
DA:129,6
DA:140,6
DA:146,6
DA:148,0
DA:150,0
DA:156,0
DA:183,9
DA:184,2
DA:187,7
DA:188,2
DA:191,5
DA:192,1
DA:195,4
DA:209,5
DA:212,5
DA:213,4
DA:214,4
DA:215,4
DA:221,0
DA:222,0
DA:232,1
LF:40
LH:33
BRDA:58,0,0,1
BRDA:58,0,1,28
BRDA:83,1,0,28
BRDA:83,1,1,23
BRDA:90,2,0,22
BRDA:90,2,1,7
BRDA:105,3,0,6
BRDA:105,3,1,2
BRDA:105,3,2,4
BRDA:153,4,0,0
BRDA:153,4,1,0
BRDA:162,5,0,0
BRDA:162,5,1,0
BRDA:183,6,0,2
BRDA:183,6,1,7
BRDA:183,7,0,9
BRDA:183,7,1,7
BRDA:187,8,0,2
BRDA:187,8,1,5
BRDA:187,9,0,7
BRDA:187,9,1,5
BRDA:191,10,0,1
BRDA:191,10,1,4
BRDA:191,11,0,5
BRDA:191,11,1,4
BRDA:212,12,0,4
BRDA:212,12,1,1
BRF:27
BRH:23
end_of_record
TN:
SF:server/agentController.ts
FN:12,(anonymous_0)
FN:22,(anonymous_1)
FN:41,(anonymous_2)
FN:92,(anonymous_3)
FN:118,(anonymous_4)
FN:125,(anonymous_5)
FN:132,(anonymous_6)
FN:139,(anonymous_7)
FN:141,(anonymous_8)
FNF:9
FNH:3
FNDA:3,(anonymous_0)
FNDA:4,(anonymous_1)
FNDA:5,(anonymous_2)
FNDA:0,(anonymous_3)
FNDA:0,(anonymous_4)
FNDA:0,(anonymous_5)
FNDA:0,(anonymous_6)
FNDA:0,(anonymous_7)
FNDA:0,(anonymous_8)
DA:13,3
DA:14,3
DA:23,4
DA:24,0
DA:29,4
DA:30,4
DA:35,4
DA:46,5
DA:47,5
DA:48,5
DA:53,0
DA:54,0
DA:61,5
DA:63,5
DA:66,0
DA:67,0
DA:69,0
DA:72,0
DA:75,0
DA:76,0
DA:79,0
DA:80,0
DA:85,0
DA:97,0
DA:98,0
DA:100,0
DA:101,0
DA:103,0
DA:107,0
DA:112,0
DA:119,0
DA:126,0
DA:133,0
DA:140,0
DA:141,0
DA:142,0
DA:154,0
DA:158,3
LF:38
LH:12
BRDA:23,0,0,0
BRDA:23,0,1,4
BRDA:47,1,0,5
BRDA:47,1,1,0
BRDA:55,2,0,0
BRDA:55,2,1,0
BRDA:56,3,0,5
BRDA:56,3,1,0
BRDA:79,4,0,0
BRDA:79,4,1,0
BRDA:98,5,0,0
BRDA:98,5,1,0
BRDA:100,6,0,0
BRDA:100,6,1,0
BRDA:108,7,0,0
BRDA:108,7,1,0
BRDA:145,8,0,0
BRDA:145,8,1,0
BRF:18
BRH:3
end_of_record
TN:
SF:server/agentic-dispatch.ts
FN:60,(anonymous_0)
FN:72,(anonymous_1)
FN:152,(anonymous_2)
FN:180,(anonymous_3)
FN:211,(anonymous_4)
FN:231,(anonymous_5)
FN:286,(anonymous_6)
FN:303,(anonymous_7)
FN:324,(anonymous_8)
FN:340,(anonymous_9)
FN:354,(anonymous_10)
FN:364,agenticDispatch
FNF:12
FNH:0
FNDA:0,(anonymous_0)
FNDA:0,(anonymous_1)
FNDA:0,(anonymous_2)
FNDA:0,(anonymous_3)
FNDA:0,(anonymous_4)
FNDA:0,(anonymous_5)
FNDA:0,(anonymous_6)
FNDA:0,(anonymous_7)
FNDA:0,(anonymous_8)
FNDA:0,(anonymous_9)
FNDA:0,(anonymous_10)
FNDA:0,agenticDispatch
DA:57,0
DA:58,0
DA:61,0
DA:62,0
DA:64,0
DA:65,0
DA:73,0
DA:74,0
DA:75,0
DA:76,0
DA:78,0
DA:79,0
DA:80,0
DA:81,0
DA:83,0
DA:89,0
DA:91,0
DA:92,0
DA:93,0
DA:95,0
DA:101,0
DA:102,0
DA:103,0
DA:106,0
DA:107,0
DA:108,0
DA:112,0
DA:113,0
DA:114,0
DA:115,0
DA:116,0
DA:117,0
DA:118,0
DA:123,0
DA:124,0
DA:125,0
DA:127,0
DA:128,0
DA:129,0
DA:134,0
DA:136,0
DA:157,0
DA:160,0
DA:163,0
DA:166,0
DA:168,0
DA:187,0
DA:188,0
DA:191,0
DA:193,0
DA:194,0
DA:197,0
DA:198,0
DA:201,0
DA:202,0
DA:205,0
DA:212,0
DA:223,0
DA:238,0
DA:240,0
DA:247,0
DA:259,0
DA:266,0
DA:273,0
DA:279,0
DA:289,0
DA:290,0
DA:293,0
DA:294,0
DA:297,0
DA:305,0
DA:306,0
DA:308,0
DA:309,0
DA:310,0
DA:311,0
DA:312,0
DA:313,0
DA:318,0
DA:334,0
DA:341,0
DA:355,0
DA:356,0
DA:369,0
DA:374,0
DA:381,0
DA:383,0
DA:396,0
LF:88
LH:0
BRDA:61,0,0,0
BRDA:61,0,1,0
BRDA:64,1,0,0
BRDA:64,1,1,0
BRDA:78,2,0,0
BRDA:78,2,1,0
BRDA:91,3,0,0
BRDA:91,3,1,0
BRDA:106,4,0,0
BRDA:106,4,1,0
BRDA:112,5,0,0
BRDA:112,5,1,0
BRDA:114,6,0,0
BRDA:114,6,1,0
BRDA:116,7,0,0
BRDA:116,7,1,0
BRDA:123,8,0,0
BRDA:123,8,1,0
BRDA:123,9,0,0
BRDA:123,9,1,0
BRDA:127,10,0,0
BRDA:127,10,1,0
BRDA:187,11,0,0
BRDA:187,11,1,0
BRDA:193,12,0,0
BRDA:193,12,1,0
BRDA:197,13,0,0
BRDA:197,13,1,0
BRDA:201,14,0,0
BRDA:201,14,1,0
BRDA:224,15,0,0
BRDA:224,15,1,0
BRDA:238,16,0,0
BRDA:238,16,1,0
BRDA:238,16,2,0
BRDA:238,16,3,0
BRDA:238,16,4,0
BRDA:238,16,5,0
BRDA:289,17,0,0
BRDA:289,17,1,0
BRDA:289,18,0,0
BRDA:289,18,1,0
BRDA:293,19,0,0
BRDA:293,19,1,0
BRDA:293,20,0,0
BRDA:293,20,1,0
BRDA:309,21,0,0
BRDA:309,21,1,0
BRDA:310,22,0,0
BRDA:310,22,1,0
BRDA:311,23,0,0
BRDA:311,23,1,0
BRDA:355,24,0,0
BRDA:355,24,1,0
BRDA:366,25,0,0
BRDA:377,26,0,0
BRDA:377,26,1,0
BRDA:378,27,0,0
BRDA:378,27,1,0
BRDA:381,28,0,0
BRDA:381,28,1,0
BRF:61
BRH:0
end_of_record
TN:
SF:server/ai-sdk-integration.ts
FN:37,streamAIResponse
FN:78,generateAIResponse
FN:117,convertToAISDKMessages
FN:118,(anonymous_3)
FN:128,streamToWebSocket
FNF:5
FNH:0
FNDA:0,streamAIResponse
FNDA:0,generateAIResponse
FNDA:0,convertToAISDKMessages
FNDA:0,(anonymous_3)
FNDA:0,streamToWebSocket
DA:12,1
DA:16,1
DA:45,0
DA:48,0
DA:54,0
DA:56,0
DA:57,0
DA:60,0
DA:61,0
DA:65,0
DA:71,0
DA:88,0
DA:90,0
DA:95,0
DA:97,0
DA:98,0
DA:101,0
DA:102,0
DA:105,0
DA:111,0
DA:118,0
DA:133,0
DA:135,0
DA:136,0
DA:137,0
DA:140,0
DA:141,0
LF:27
LH:2
BRDA:13,0,0,1
BRDA:13,0,1,1
BRDA:17,1,0,1
BRDA:17,1,1,1
BRDA:39,2,0,0
BRDA:42,3,0,0
BRDA:43,4,0,0
BRDA:48,5,0,0
BRDA:48,5,1,0
BRDA:54,6,0,0
BRDA:54,6,1,0
BRDA:54,6,2,0
BRDA:56,7,0,0
BRDA:56,7,1,0
BRDA:60,8,0,0
BRDA:60,8,1,0
BRDA:82,9,0,0
BRDA:85,10,0,0
BRDA:86,11,0,0
BRDA:90,12,0,0
BRDA:90,12,1,0
BRDA:95,13,0,0
BRDA:95,13,1,0
BRDA:95,13,2,0
BRDA:97,14,0,0
BRDA:97,14,1,0
BRDA:101,15,0,0
BRDA:101,15,1,0
BRDA:140,16,0,0
BRDA:140,16,1,0
BRF:30
BRH:4
end_of_record
TN:
SF:server/aiDispatcherService.ts
FN:78,enrichContextWithSemanticRetrieval
FN:95,(anonymous_1)
FN:107,buildAVRagContext
FN:119,detectIntent
FN:135,buildAmbientContextString
FN:160,detectUICommand
FN:233,generateMemoryBasedResponse
FN:243,(anonymous_7)
FN:245,(anonymous_8)
FN:282,dispatchAIResponse
FNF:10
FNH:5
FNDA:5,enrichContextWithSemanticRetrieval
FNDA:0,(anonymous_1)
FNDA:5,buildAVRagContext
FNDA:5,detectIntent
FNDA:0,buildAmbientContextString
FNDA:5,detectUICommand
FNDA:0,generateMemoryBasedResponse
FNDA:0,(anonymous_7)
FNDA:0,(anonymous_8)
FNDA:5,dispatchAIResponse
DA:48,6
DA:52,6
DA:54,6
DA:55,6
DA:56,6
DA:57,6
DA:82,5
DA:83,5
DA:84,5
DA:85,5
DA:91,5
DA:92,5
DA:93,5
DA:94,0
DA:96,0
DA:98,0
DA:100,5
DA:102,0
DA:103,0
DA:108,5
DA:109,5
DA:110,5
DA:111,5
DA:112,0
DA:114,0
DA:115,0
DA:120,5
DA:121,5
DA:122,0
DA:123,5
DA:124,0
DA:125,5
DA:126,0
DA:127,5
DA:128,0
DA:129,5
DA:130,5
DA:131,0
DA:132,5
DA:136,0
DA:137,0
DA:138,0
DA:139,0
DA:141,0
DA:146,0
DA:148,0
DA:149,0
DA:153,0
DA:154,0
DA:155,0
DA:156,0
DA:157,0
DA:164,5
DA:165,5
DA:171,0
DA:174,0
DA:175,0
DA:186,5
DA:192,0
DA:202,5
DA:208,0
DA:218,5
DA:223,0
DA:230,5
DA:242,0
DA:243,0
DA:244,0
DA:245,0
DA:246,0
DA:249,0
DA:250,0
DA:251,0
DA:257,0
DA:263,0
DA:264,0
DA:265,0
DA:266,0
DA:271,0
DA:273,0
DA:277,0
DA:279,0
DA:289,5
DA:290,5
DA:291,5
DA:293,5
DA:294,0
DA:295,0
DA:298,5
DA:299,5
DA:300,5
DA:303,5
DA:304,5
DA:306,5
DA:318,0
DA:321,5
DA:322,5
DA:323,5
DA:326,5
DA:327,5
DA:328,5
DA:329,5
DA:330,5
DA:331,5
DA:333,0
DA:336,5
DA:337,5
DA:338,5
DA:339,5
DA:342,5
DA:346,5
DA:348,5
DA:349,5
DA:350,5
DA:353,5
DA:354,5
DA:356,5
DA:357,0
DA:358,5
DA:359,0
DA:360,5
DA:361,0
DA:366,5
DA:367,5
DA:370,5
DA:371,5
DA:372,5
DA:373,5
DA:374,5
DA:376,0
DA:381,5
DA:382,0
DA:384,0
DA:385,0
DA:395,0
DA:396,0
DA:400,0
DA:410,0
DA:411,0
DA:413,0
DA:423,0
DA:428,5
DA:433,0
DA:434,0
DA:435,0
DA:439,0
DA:440,0
DA:441,0
DA:446,5
DA:447,5
DA:448,5
DA:458,5
DA:462,5
DA:463,4
DA:464,4
DA:470,4
DA:474,5
DA:475,3
DA:476,3
DA:486,3
DA:490,5
DA:491,2
DA:492,2
DA:498,2
DA:502,5
DA:503,1
DA:504,1
DA:514,1
DA:518,5
DA:519,5
DA:520,5
DA:527,5
DA:528,5
DA:529,0
DA:530,0
DA:539,5
DA:540,5
DA:542,5
DA:543,5
DA:547,5
LF:179
LH:104
BRDA:82,0,0,5
BRDA:82,0,1,0
BRDA:92,1,0,0
BRDA:92,1,1,5
BRDA:93,2,0,0
BRDA:93,2,1,5
BRDA:111,3,0,5
BRDA:111,3,1,0
BRDA:111,4,0,5
BRDA:111,4,1,5
BRDA:112,5,0,0
BRDA:112,5,1,0
BRDA:112,6,0,5
BRDA:112,6,1,0
BRDA:121,7,0,0
BRDA:121,7,1,5
BRDA:121,8,0,5
BRDA:121,8,1,5
BRDA:123,9,0,0
BRDA:123,9,1,5
BRDA:123,10,0,5
BRDA:123,10,1,5
BRDA:125,11,0,0
BRDA:125,11,1,5
BRDA:125,12,0,5
BRDA:125,12,1,5
BRDA:127,13,0,0
BRDA:127,13,1,5
BRDA:127,14,0,5
BRDA:127,14,1,5
BRDA:129,15,0,0
BRDA:129,15,1,5
BRDA:130,16,0,0
BRDA:130,16,1,5
BRDA:130,17,0,5
BRDA:130,17,1,5
BRDA:137,18,0,0
BRDA:137,18,1,0
BRDA:137,19,0,0
BRDA:137,19,1,0
BRDA:139,20,0,0
BRDA:139,20,1,0
BRDA:141,21,0,0
BRDA:141,21,1,0
BRDA:143,22,0,0
BRDA:143,22,1,0
BRDA:148,23,0,0
BRDA:148,23,1,0
BRDA:150,24,0,0
BRDA:150,24,1,0
BRDA:153,25,0,0
BRDA:153,25,1,0
BRDA:155,26,0,0
BRDA:155,26,1,0
BRDA:156,27,0,0
BRDA:156,27,1,0
BRDA:165,28,0,0
BRDA:165,28,1,5
BRDA:166,29,0,5
BRDA:166,29,1,0
BRDA:166,29,2,0
BRDA:166,29,3,0
BRDA:174,30,0,0
BRDA:174,30,1,0
BRDA:186,31,0,0
BRDA:186,31,1,5
BRDA:187,32,0,5
BRDA:187,32,1,5
BRDA:187,32,2,5
BRDA:187,32,3,5
BRDA:195,33,0,0
BRDA:195,33,1,0
BRDA:202,34,0,0
BRDA:202,34,1,5
BRDA:203,35,0,5
BRDA:203,35,1,5
BRDA:203,35,2,5
BRDA:203,35,3,5
BRDA:218,36,0,0
BRDA:218,36,1,5
BRDA:219,37,0,5
BRDA:219,37,1,5
BRDA:219,37,2,5
BRDA:246,38,0,0
BRDA:246,38,1,0
BRDA:266,39,0,0
BRDA:266,39,1,0
BRDA:267,40,0,0
BRDA:267,40,1,0
BRDA:267,40,2,0
BRDA:273,41,0,0
BRDA:273,41,1,0
BRDA:274,42,0,0
BRDA:274,42,1,0
BRDA:274,42,2,0
BRDA:289,43,0,5
BRDA:289,43,1,5
BRDA:290,44,0,5
BRDA:290,44,1,0
BRDA:293,45,0,0
BRDA:293,45,1,5
BRDA:293,46,0,5
BRDA:293,46,1,0
BRDA:300,47,0,5
BRDA:300,47,1,0
BRDA:306,48,0,0
BRDA:306,48,1,5
BRDA:321,49,0,5
BRDA:321,49,1,0
BRDA:327,50,0,5
BRDA:327,50,1,0
BRDA:329,51,0,5
BRDA:329,51,1,0
BRDA:349,52,0,5
BRDA:349,52,1,0
BRDA:353,53,0,5
BRDA:353,53,1,0
BRDA:356,54,0,0
BRDA:356,54,1,5
BRDA:358,55,0,0
BRDA:358,55,1,5
BRDA:360,56,0,0
BRDA:360,56,1,5
BRDA:371,57,0,5
BRDA:371,57,1,0
BRDA:371,58,0,5
BRDA:371,58,1,5
BRDA:374,59,0,0
BRDA:374,59,1,5
BRDA:381,60,0,0
BRDA:381,60,1,5
BRDA:384,61,0,0
BRDA:384,61,1,0
BRDA:395,62,0,0
BRDA:395,62,1,0
BRDA:396,63,0,0
BRDA:396,63,1,0
BRDA:397,64,0,0
BRDA:397,64,1,0
BRDA:410,65,0,0
BRDA:410,65,1,0
BRDA:411,66,0,0
BRDA:411,66,1,0
BRDA:411,67,0,0
BRDA:411,67,1,0
BRDA:423,68,0,0
BRDA:423,68,1,0
BRDA:428,69,0,0
BRDA:428,69,1,5
BRDA:429,70,0,5
BRDA:429,70,1,5
BRDA:429,70,2,0
BRDA:439,71,0,0
BRDA:439,71,1,0
BRDA:446,72,0,5
BRDA:446,72,1,0
BRDA:446,73,0,5
BRDA:446,73,1,5
BRDA:456,74,0,5
BRDA:456,74,1,5
BRDA:458,75,0,1
BRDA:458,75,1,4
BRDA:462,76,0,4
BRDA:462,76,1,1
BRDA:462,77,0,5
BRDA:462,77,1,4
BRDA:470,78,0,1
BRDA:470,78,1,3
BRDA:474,79,0,3
BRDA:474,79,1,2
BRDA:474,80,0,5
BRDA:474,80,1,3
BRDA:486,81,0,1
BRDA:486,81,1,2
BRDA:490,82,0,2
BRDA:490,82,1,3
BRDA:490,83,0,5
BRDA:490,83,1,2
BRDA:498,84,0,1
BRDA:498,84,1,1
BRDA:502,85,0,1
BRDA:502,85,1,4
BRDA:514,86,0,1
BRDA:514,86,1,0
BRDA:518,87,0,5
BRDA:518,87,1,0
BRDA:527,88,0,5
BRDA:527,88,1,0
BRDA:528,89,0,0
BRDA:528,89,1,5
BRF:190
BRH:93
end_of_record
TN:
SF:server/aiUpdatesScheduler.ts
FN:14,initializeAIUpdatesScheduler
FN:40,(anonymous_1)
FN:59,stopAIUpdatesScheduler
FN:70,triggerManualFetch
FNF:4
FNH:1
FNDA:1,initializeAIUpdatesScheduler
FNDA:0,(anonymous_1)
FNDA:0,stopAIUpdatesScheduler
FNDA:0,triggerManualFetch
DA:9,1
DA:16,1
DA:17,1
DA:19,1
DA:20,1
DA:23,1
DA:26,0
DA:27,0
DA:28,0
DA:32,0
DA:33,0
DA:34,0
DA:37,0
DA:40,0
DA:41,0
DA:42,0
DA:43,0
DA:44,0
DA:45,0
DA:46,0
DA:49,0
DA:53,0
DA:60,0
DA:61,0
DA:62,0
DA:63,0
DA:71,0
DA:72,0
LF:28
LH:6
BRDA:19,0,0,1
BRDA:19,0,1,0
BRDA:26,1,0,0
BRDA:26,1,1,0
BRDA:32,2,0,0
BRDA:32,2,1,0
BRDA:45,3,0,0
BRDA:45,3,1,0
BRDA:60,4,0,0
BRDA:60,4,1,0
BRF:10
BRH:1
end_of_record
TN:
SF:server/aiUpdatesService.ts
FN:78,getConfiguredSources
FN:83,(anonymous_1)
FN:84,(anonymous_2)
FN:92,computeRelevance
FN:109,extractTags
FN:111,(anonymous_5)
FN:124,fetchRSSFeed
FN:139,(anonymous_7)
FN:146,(anonymous_8)
FN:151,storeUpdate
FN:179,cleanupOldUpdates
FN:202,fetchAIUpdates
FN:260,getAIUpdates
FN:270,(anonymous_13)
FN:370,(anonymous_14)
FN:386,getUpdateStats
FN:400,(anonymous_16)
FNF:17
FNH:0
FNDA:0,getConfiguredSources
FNDA:0,(anonymous_1)
FNDA:0,(anonymous_2)
FNDA:0,computeRelevance
FNDA:0,extractTags
FNDA:0,(anonymous_5)
FNDA:0,fetchRSSFeed
FNDA:0,(anonymous_7)
FNDA:0,(anonymous_8)
FNDA:0,storeUpdate
FNDA:0,cleanupOldUpdates
FNDA:0,fetchAIUpdates
FNDA:0,getAIUpdates
FNDA:0,(anonymous_13)
FNDA:0,(anonymous_14)
FNDA:0,getUpdateStats
FNDA:0,(anonymous_16)
DA:12,1
DA:13,1
DA:14,1
DA:38,1
DA:45,1
DA:50,1
DA:73,1
DA:79,0
DA:80,0
DA:81,0
DA:83,0
DA:84,0
DA:86,0
DA:93,0
DA:94,0
DA:96,0
DA:97,0
DA:98,0
DA:103,0
DA:110,0
DA:111,0
DA:112,0
DA:114,0
DA:117,1
DA:125,0
DA:126,0
DA:127,0
DA:128,0
DA:129,0
DA:131,0
DA:135,0
DA:136,0
DA:139,0
DA:142,0
DA:145,1
DA:146,1
DA:152,0
DA:153,0
DA:158,0
DA:169,0
DA:171,0
DA:172,0
DA:183,0
DA:184,0
DA:193,0
DA:195,0
DA:207,0
DA:208,0
DA:209,0
DA:211,0
DA:213,0
DA:214,0
DA:215,0
DA:217,0
DA:218,0
DA:219,0
DA:222,0
DA:223,0
DA:225,0
DA:235,0
DA:236,0
DA:241,0
DA:243,0
DA:244,0
DA:245,0
DA:249,0
DA:250,0
DA:267,0
DA:270,0
DA:273,0
DA:274,0
DA:275,0
DA:277,0
DA:278,0
DA:280,0
DA:283,0
DA:284,0
DA:286,0
DA:289,0
DA:290,0
DA:292,0
DA:295,0
DA:296,0
DA:297,0
DA:298,0
DA:300,0
DA:303,0
DA:304,0
DA:305,0
DA:306,0
DA:308,0
DA:311,0
DA:312,0
DA:313,0
DA:314,0
DA:316,0
DA:319,0
DA:320,0
DA:321,0
DA:322,0
DA:324,0
DA:328,0
DA:329,0
DA:332,0
DA:333,0
DA:334,0
DA:338,0
DA:339,0
DA:340,0
DA:341,0
DA:342,0
DA:343,0
DA:344,0
DA:351,0
DA:352,0
DA:354,0
DA:357,0
DA:358,0
DA:359,0
DA:362,0
DA:363,0
DA:364,0
DA:367,0
DA:368,0
DA:370,0
DA:391,0
DA:398,0
DA:400,0
LF:128
LH:10
BRDA:80,0,0,0
BRDA:80,0,1,0
BRDA:97,1,0,0
BRDA:97,1,1,0
BRDA:124,2,0,0
BRDA:135,3,0,0
BRDA:135,3,1,0
BRDA:163,4,0,0
BRDA:163,4,1,0
BRDA:181,5,0,0
BRDA:218,6,0,0
BRDA:218,6,1,0
BRDA:218,7,0,0
BRDA:218,7,1,0
BRDA:222,8,0,0
BRDA:222,8,1,0
BRDA:222,8,2,0
BRDA:223,9,0,0
BRDA:223,9,1,0
BRDA:229,10,0,0
BRDA:229,10,1,0
BRDA:235,11,0,0
BRDA:235,11,1,0
BRDA:277,12,0,0
BRDA:277,12,1,0
BRDA:283,13,0,0
BRDA:283,13,1,0
BRDA:289,14,0,0
BRDA:289,14,1,0
BRDA:295,15,0,0
BRDA:295,15,1,0
BRDA:297,16,0,0
BRDA:297,16,1,0
BRDA:303,17,0,0
BRDA:303,17,1,0
BRDA:305,18,0,0
BRDA:305,18,1,0
BRDA:311,19,0,0
BRDA:311,19,1,0
BRDA:313,20,0,0
BRDA:313,20,1,0
BRDA:319,21,0,0
BRDA:319,21,1,0
BRDA:321,22,0,0
BRDA:321,22,1,0
BRDA:332,23,0,0
BRDA:332,23,1,0
BRDA:332,24,0,0
BRDA:332,24,1,0
BRDA:338,25,0,0
BRDA:338,25,1,0
BRDA:339,26,0,0
BRDA:339,26,1,0
BRDA:342,27,0,0
BRDA:342,27,1,0
BRDA:351,28,0,0
BRDA:351,28,1,0
BRDA:357,29,0,0
BRDA:357,29,1,0
BRDA:362,30,0,0
BRDA:362,30,1,0
BRDA:373,31,0,0
BRDA:373,31,1,0
BRDA:374,32,0,0
BRDA:374,32,1,0
BRDA:375,33,0,0
BRDA:375,33,1,0
BRDA:376,34,0,0
BRDA:376,34,1,0
BRDA:377,35,0,0
BRDA:377,35,1,0
BRDA:378,36,0,0
BRDA:378,36,1,0
BRDA:379,37,0,0
BRDA:379,37,1,0
BRDA:403,38,0,0
BRDA:403,38,1,0
BRF:77
BRH:0
end_of_record
TN:
SF:server/anthropicService.ts
FN:18,createClient
FN:27,generateAnthropicResponse
FN:50,(anonymous_2)
FN:128,createSystemPrompt
FNF:4
FNH:0
FNDA:0,createClient
FNDA:0,generateAnthropicResponse
FNDA:0,(anonymous_2)
FNDA:0,createSystemPrompt
DA:19,0
DA:20,0
DA:21,0
DA:31,0
DA:32,0
DA:33,0
DA:34,0
DA:41,0
DA:42,0
DA:45,0
DA:46,0
DA:49,0
DA:50,0
DA:54,0
DA:55,0
DA:56,0
DA:57,0
DA:58,0
DA:62,0
DA:63,0
DA:64,0
DA:65,0
DA:66,0
DA:70,0
DA:76,0
DA:77,0
DA:78,0
DA:83,0
DA:86,0
DA:93,0
DA:101,0
DA:103,0
DA:104,0
DA:111,0
DA:116,0
DA:117,0
DA:129,0
DA:130,0
LF:38
LH:0
BRDA:19,0,0,0
BRDA:19,0,1,0
BRDA:20,1,0,0
BRDA:20,1,1,0
BRDA:20,2,0,0
BRDA:20,2,1,0
BRDA:33,3,0,0
BRDA:33,3,1,0
BRDA:45,4,0,0
BRDA:45,4,1,0
BRDA:50,5,0,0
BRDA:50,5,1,0
BRDA:56,6,0,0
BRDA:56,6,1,0
BRDA:65,7,0,0
BRDA:65,7,1,0
BRDA:70,8,0,0
BRDA:70,8,1,0
BRDA:76,9,0,0
BRDA:76,9,1,0
BRDA:76,10,0,0
BRDA:76,10,1,0
BRDA:78,11,0,0
BRDA:78,11,1,0
BRDA:79,12,0,0
BRDA:79,12,1,0
BRDA:79,12,2,0
BRDA:101,13,0,0
BRDA:101,13,1,0
BRDA:103,14,0,0
BRDA:103,14,1,0
BRDA:120,15,0,0
BRDA:120,15,1,0
BRDA:129,16,0,0
BRDA:129,16,1,0
BRDA:134,17,0,0
BRDA:134,17,1,0
BRDA:135,18,0,0
BRDA:135,18,1,0
BRF:39
BRH:0
end_of_record
TN:
SF:server/api-routes-enhanced.ts
FN:23,(anonymous_0)
FN:85,(anonymous_1)
FN:128,(anonymous_2)
FN:153,(anonymous_3)
FN:177,(anonymous_4)
FN:196,(anonymous_5)
FN:212,(anonymous_6)
FN:230,(anonymous_7)
FN:245,(anonymous_8)
FNF:9
FNH:0
FNDA:0,(anonymous_0)
FNDA:0,(anonymous_1)
FNDA:0,(anonymous_2)
FNDA:0,(anonymous_3)
FNDA:0,(anonymous_4)
FNDA:0,(anonymous_5)
FNDA:0,(anonymous_6)
FNDA:0,(anonymous_7)
FNDA:0,(anonymous_8)
DA:17,0
DA:23,0
DA:24,0
DA:25,0
DA:27,0
DA:28,0
DA:32,0
DA:33,0
DA:35,0
DA:36,0
DA:45,0
DA:48,0
DA:56,0
DA:57,0
DA:58,0
DA:60,0
DA:63,0
DA:64,0
DA:65,0
DA:69,0
DA:71,0
DA:72,0
DA:74,0
DA:75,0
DA:83,0
DA:86,0
DA:87,0
DA:89,0
DA:90,0
DA:94,0
DA:95,0
DA:97,0
DA:98,0
DA:105,0
DA:106,0
DA:114,0
DA:116,0
DA:118,0
DA:119,0
DA:128,0
DA:129,0
DA:130,0
DA:132,0
DA:133,0
DA:136,0
DA:137,0
DA:139,0
DA:144,0
DA:145,0
DA:153,0
DA:154,0
DA:155,0
DA:157,0
DA:158,0
DA:161,0
DA:162,0
DA:164,0
DA:166,0
DA:167,0
DA:175,0
DA:178,0
DA:179,0
DA:181,0
DA:182,0
DA:184,0
DA:186,0
DA:187,0
DA:196,0
DA:197,0
DA:198,0
DA:199,0
DA:201,0
DA:203,0
DA:204,0
DA:212,0
DA:213,0
DA:214,0
DA:215,0
DA:217,0
DA:219,0
DA:220,0
DA:228,0
DA:231,0
DA:232,0
DA:233,0
DA:235,0
DA:236,0
DA:245,0
DA:246,0
DA:247,0
DA:248,0
DA:250,0
DA:260,0
DA:262,0
DA:263,0
LF:95
LH:0
BRDA:25,0,0,0
BRDA:27,1,0,0
BRDA:27,1,1,0
BRDA:27,2,0,0
BRDA:27,2,1,0
BRDA:35,3,0,0
BRDA:35,3,1,0
BRDA:75,4,0,0
BRDA:75,4,1,0
BRDA:87,5,0,0
BRDA:89,6,0,0
BRDA:89,6,1,0
BRDA:89,7,0,0
BRDA:89,7,1,0
BRDA:97,8,0,0
BRDA:97,8,1,0
BRDA:119,9,0,0
BRDA:119,9,1,0
BRDA:132,10,0,0
BRDA:132,10,1,0
BRDA:132,11,0,0
BRDA:132,11,1,0
BRDA:145,12,0,0
BRDA:145,12,1,0
BRDA:155,13,0,0
BRDA:155,14,0,0
BRDA:157,15,0,0
BRDA:157,15,1,0
BRDA:167,16,0,0
BRDA:167,16,1,0
BRDA:187,17,0,0
BRDA:187,17,1,0
BRDA:204,18,0,0
BRDA:204,18,1,0
BRDA:220,19,0,0
BRDA:220,19,1,0
BRDA:236,20,0,0
BRDA:236,20,1,0
BRF:38
BRH:0
end_of_record
TN:
SF:server/apiResilience.ts
FN:27,(anonymous_0)
FN:31,(anonymous_1)
FN:45,(anonymous_2)
FN:58,(anonymous_3)
FN:71,(anonymous_4)
FN:75,(anonymous_5)
FN:84,(anonymous_6)
FN:90,(anonymous_7)
FN:101,(anonymous_8)
FN:156,(anonymous_9)
FN:158,(anonymous_10)
FN:164,(anonymous_11)
FN:173,(anonymous_12)
FN:185,(anonymous_13)
FN:188,(anonymous_14)
FN:203,(anonymous_15)
FN:213,(anonymous_16)
FN:222,(anonymous_17)
FN:233,(anonymous_18)
FN:240,(anonymous_19)
FN:242,(anonymous_20)
FN:263,resilientAPICall
FN:281,(anonymous_22)
FNF:23
FNH:3
FNDA:3,(anonymous_0)
FNDA:0,(anonymous_1)
FNDA:0,(anonymous_2)
FNDA:0,(anonymous_3)
FNDA:0,(anonymous_4)
FNDA:0,(anonymous_5)
FNDA:3,(anonymous_6)
FNDA:0,(anonymous_7)
FNDA:0,(anonymous_8)
FNDA:0,(anonymous_9)
FNDA:0,(anonymous_10)
FNDA:0,(anonymous_11)
FNDA:0,(anonymous_12)
FNDA:3,(anonymous_13)
FNDA:0,(anonymous_14)
FNDA:0,(anonymous_15)
FNDA:0,(anonymous_16)
FNDA:0,(anonymous_17)
FNDA:0,(anonymous_18)
FNDA:0,(anonymous_19)
FNDA:0,(anonymous_20)
FNDA:0,resilientAPICall
FNDA:0,(anonymous_22)
DA:28,3
DA:29,3
DA:33,0
DA:34,0
DA:35,0
DA:38,0
DA:46,0
DA:47,0
DA:50,0
DA:51,0
DA:52,0
DA:55,0
DA:59,0
DA:60,0
DA:63,0
DA:64,0
DA:65,0
DA:68,0
DA:72,0
DA:76,0
DA:85,3
DA:86,3
DA:87,3
DA:88,3
DA:91,0
DA:92,0
DA:98,0
DA:106,0
DA:109,0
DA:110,0
DA:111,0
DA:112,0
DA:113,0
DA:114,0
DA:116,0
DA:119,0
DA:120,0
DA:124,0
DA:125,0
DA:128,0
DA:129,0
DA:131,0
DA:132,0
DA:133,0
DA:136,0
DA:137,0
DA:139,0
DA:144,0
DA:145,0
DA:146,0
DA:149,0
DA:150,0
DA:152,0
DA:157,0
DA:158,0
DA:159,0
DA:161,0
DA:165,0
DA:166,0
DA:168,0
DA:174,0
DA:176,0
DA:186,3
DA:193,0
DA:194,0
DA:200,0
DA:209,0
DA:210,0
DA:213,0
DA:216,0
DA:217,0
DA:218,0
DA:219,0
DA:222,0
DA:223,0
DA:227,0
DA:230,0
DA:237,0
DA:238,0
DA:240,0
DA:241,0
DA:242,0
DA:244,0
DA:251,0
DA:256,3
DA:257,3
DA:258,3
DA:274,0
DA:275,0
DA:276,0
DA:280,0
DA:282,0
DA:291,0
DA:298,0
DA:299,0
DA:302,0
LF:96
LH:10
BRDA:31,0,0,0
BRDA:33,1,0,0
BRDA:33,1,1,0
BRDA:47,2,0,0
BRDA:47,2,1,0
BRDA:50,3,0,0
BRDA:50,3,1,0
BRDA:60,4,0,0
BRDA:60,4,1,0
BRDA:63,5,0,0
BRDA:63,5,1,0
BRDA:91,6,0,0
BRDA:91,6,1,0
BRDA:109,7,0,0
BRDA:109,7,1,0
BRDA:111,8,0,0
BRDA:111,8,1,0
BRDA:113,9,0,0
BRDA:113,9,1,0
BRDA:128,10,0,0
BRDA:128,10,1,0
BRDA:128,11,0,0
BRDA:128,11,1,0
BRDA:144,12,0,0
BRDA:144,12,1,0
BRDA:149,13,0,0
BRDA:149,13,1,0
BRDA:165,14,0,0
BRDA:165,14,1,0
BRDA:173,15,0,0
BRDA:174,16,0,0
BRDA:174,16,1,0
BRDA:174,17,0,0
BRDA:174,17,1,0
BRDA:193,18,0,0
BRDA:193,18,1,0
BRDA:206,19,0,0
BRDA:207,20,0,0
BRDA:216,21,0,0
BRDA:216,21,1,0
BRDA:266,22,0,0
BRDA:274,23,0,0
BRDA:274,23,1,0
BRDA:274,24,0,0
BRDA:274,24,1,0
BRDA:280,25,0,0
BRDA:280,25,1,0
BRDA:298,26,0,0
BRDA:298,26,1,0
BRF:49
BRH:0
end_of_record
TN:
SF:server/authService.ts
FN:18,registerUser
FN:64,loginUser
FN:120,validateSession
FN:159,logoutUser
FN:177,updateUserAIModel
FN:193,getUserAIModel
FN:213,loginOrRegisterWithGoogle
FN:315,loginUserWithZKP
FN:409,conceptualZKPAuthenticationFlow
FN:433,refreshAccessTokenIfExpired
FN:471,scheduleTokenRotation
FNF:11
FNH:3
FNDA:0,registerUser
FNDA:0,loginUser
FNDA:0,validateSession
FNDA:0,logoutUser
FNDA:0,updateUserAIModel
FNDA:5,getUserAIModel
FNDA:0,loginOrRegisterWithGoogle
FNDA:0,loginUserWithZKP
FNDA:0,conceptualZKPAuthenticationFlow
FNDA:3,refreshAccessTokenIfExpired
FNDA:4,scheduleTokenRotation
DA:13,7
DA:23,0
DA:25,0
DA:26,0
DA:27,0
DA:30,0
DA:31,0
DA:32,0
DA:36,0
DA:37,0
DA:40,0
DA:47,0
DA:56,0
DA:57,0
DA:73,0
DA:75,0
DA:76,0
DA:77,0
DA:81,0
DA:82,0
DA:83,0
DA:87,0
DA:88,0
DA:93,0
DA:100,0
DA:102,0
DA:112,0
DA:113,0
DA:123,0
DA:124,0
DA:125,0
DA:126,0
DA:130,0
DA:131,0
DA:132,0
DA:136,0
DA:137,0
DA:138,0
DA:141,0
DA:151,0
DA:152,0
DA:162,0
DA:163,0
DA:164,0
DA:165,0
DA:167,0
DA:169,0
DA:170,0
DA:181,0
DA:182,0
DA:183,0
DA:185,0
DA:186,0
DA:196,5
DA:197,5
DA:198,0
DA:199,0
DA:201,0
DA:203,5
DA:204,5
DA:224,0
DA:226,0
DA:227,0
DA:229,0
DA:233,0
DA:236,0
DA:237,0
DA:238,0
DA:239,0
DA:240,0
DA:241,0
DA:244,0
DA:246,0
DA:253,0
DA:254,0
DA:256,0
DA:263,0
DA:267,0
DA:268,0
DA:273,0
DA:280,0
DA:282,0
DA:293,0
DA:294,0
DA:324,0
DA:325,0
DA:328,0
DA:332,0
DA:334,0
DA:335,0
DA:336,0
DA:343,0
DA:344,0
DA:345,0
DA:353,0
DA:354,0
DA:359,0
DA:366,0
DA:368,0
DA:369,0
DA:373,0
DA:383,0
DA:384,0
DA:410,0
DA:411,0
DA:414,0
DA:415,0
DA:416,0
DA:417,0
DA:418,0
DA:438,3
DA:440,3
DA:443,3
DA:444,3
DA:446,3
DA:447,2
DA:453,1
DA:458,0
DA:459,0
DA:472,4
DA:474,4
DA:476,4
DA:480,4
DA:481,4
DA:482,4
DA:485,4
DA:490,4
DA:492,4
DA:494,4
DA:498,2
DA:499,2
DA:501,2
DA:502,1
DA:508,1
DA:517,0
LF:135
LH:27
BRDA:26,0,0,0
BRDA:26,0,1,0
BRDA:31,1,0,0
BRDA:31,1,1,0
BRDA:76,2,0,0
BRDA:76,2,1,0
BRDA:82,3,0,0
BRDA:82,3,1,0
BRDA:125,4,0,0
BRDA:125,4,1,0
BRDA:130,5,0,0
BRDA:130,5,1,0
BRDA:137,6,0,0
BRDA:137,6,1,0
BRDA:164,7,0,0
BRDA:164,7,1,0
BRDA:198,8,0,0
BRDA:198,8,1,0
BRDA:201,9,0,0
BRDA:201,9,1,0
BRDA:229,10,0,0
BRDA:229,10,1,0
BRDA:233,11,0,0
BRDA:233,11,1,0
BRDA:238,12,0,0
BRDA:238,12,1,0
BRDA:244,13,0,0
BRDA:244,13,1,0
BRDA:334,14,0,0
BRDA:334,14,1,0
BRDA:344,15,0,0
BRDA:344,15,1,0
BRDA:446,16,0,2
BRDA:446,16,1,1
BRDA:461,17,0,0
BRDA:461,17,1,0
BRDA:494,18,0,2
BRDA:494,18,1,2
BRDA:501,19,0,1
BRDA:501,19,1,1
BRDA:511,20,0,1
BRDA:511,20,1,0
BRF:42
BRH:7
end_of_record
TN:
SF:server/autoTestingService.ts
FN:38,testJSONValidity
FN:59,testYAMLValidity
FN:104,testMarkdownValidity
FN:138,testJavaScriptSyntax
FN:205,testFileModification
FN:276,analyzeImpact
FN:307,(anonymous_6)
FN:329,testImprovement
FN:350,(anonymous_8)
FN:371,(anonymous_9)
FN:385,testAllImprovements
FN:388,(anonymous_11)
FN:394,generateTestSummary
FN:395,(anonymous_13)
FN:397,(anonymous_14)
FN:397,(anonymous_15)
FN:400,(anonymous_16)
FN:403,(anonymous_17)
FN:406,(anonymous_18)
FN:440,(anonymous_19)
FN:457,validateImprovements
FN:470,(anonymous_21)
FN:482,(anonymous_22)
FN:482,(anonymous_23)
FN:484,(anonymous_24)
FNF:25
FNH:0
FNDA:0,testJSONValidity
FNDA:0,testYAMLValidity
FNDA:0,testMarkdownValidity
FNDA:0,testJavaScriptSyntax
FNDA:0,testFileModification
FNDA:0,analyzeImpact
FNDA:0,(anonymous_6)
FNDA:0,testImprovement
FNDA:0,(anonymous_8)
FNDA:0,(anonymous_9)
FNDA:0,testAllImprovements
FNDA:0,(anonymous_11)
FNDA:0,generateTestSummary
FNDA:0,(anonymous_13)
FNDA:0,(anonymous_14)
FNDA:0,(anonymous_15)
FNDA:0,(anonymous_16)
FNDA:0,(anonymous_17)
FNDA:0,(anonymous_18)
FNDA:0,(anonymous_19)
FNDA:0,validateImprovements
FNDA:0,(anonymous_21)
FNDA:0,(anonymous_22)
FNDA:0,(anonymous_23)
FNDA:0,(anonymous_24)
DA:39,0
DA:40,0
DA:41,0
DA:47,0
DA:61,0
DA:64,0
DA:65,0
DA:69,0
DA:70,0
DA:71,0
DA:74,0
DA:77,0
DA:78,0
DA:79,0
DA:85,0
DA:86,0
DA:94,0
DA:105,0
DA:108,0
DA:109,0
DA:110,0
DA:111,0
DA:112,0
DA:117,0
DA:118,0
DA:119,0
DA:120,0
DA:121,0
DA:122,0
DA:124,0
DA:127,0
DA:142,0
DA:147,0
DA:148,0
DA:149,0
DA:150,0
DA:155,0
DA:156,0
DA:157,0
DA:158,0
DA:163,0
DA:164,0
DA:165,0
DA:166,0
DA:172,0
DA:173,0
DA:174,0
DA:176,0
DA:177,0
DA:179,0
DA:180,0
DA:182,0
DA:183,0
DA:186,0
DA:187,0
DA:195,0
DA:206,0
DA:209,0
DA:211,0
DA:212,0
DA:213,0
DA:220,0
DA:224,0
DA:226,0
DA:227,0
DA:231,0
DA:232,0
DA:235,0
DA:236,0
DA:240,0
DA:241,0
DA:245,0
DA:246,0
DA:250,0
DA:258,0
DA:259,0
DA:260,0
DA:270,0
DA:279,0
DA:280,0
DA:281,0
DA:283,0
DA:284,0
DA:285,0
DA:286,0
DA:287,0
DA:288,0
DA:290,0
DA:291,0
DA:297,0
DA:299,0
DA:300,0
DA:301,0
DA:302,0
DA:306,0
DA:308,0
DA:314,0
DA:315,0
DA:318,0
DA:332,0
DA:333,0
DA:336,0
DA:337,0
DA:338,0
DA:341,0
DA:342,0
DA:343,0
DA:349,0
DA:350,0
DA:352,0
DA:353,0
DA:359,0
DA:361,0
DA:362,0
DA:365,0
DA:366,0
DA:371,0
DA:373,0
DA:388,0
DA:395,0
DA:396,0
DA:397,0
DA:400,0
DA:402,0
DA:403,0
DA:405,0
DA:406,0
DA:409,0
DA:410,0
DA:411,0
DA:412,0
DA:413,0
DA:414,0
DA:416,0
DA:417,0
DA:418,0
DA:419,0
DA:421,0
DA:422,0
DA:424,0
DA:428,0
DA:429,0
DA:430,0
DA:431,0
DA:432,0
DA:433,0
DA:434,0
DA:436,0
DA:437,0
DA:440,0
DA:441,0
DA:442,0
DA:443,0
DA:444,0
DA:448,0
DA:451,0
DA:461,0
DA:462,0
DA:465,0
DA:468,0
DA:469,0
DA:470,0
DA:471,0
DA:472,0
DA:478,0
DA:482,0
DA:483,0
DA:484,0
DA:487,0
DA:488,0
DA:493,0
LF:171
LH:0
BRDA:51,0,0,0
BRDA:51,0,1,0
BRDA:64,1,0,0
BRDA:64,1,1,0
BRDA:74,2,0,0
BRDA:74,2,1,0
BRDA:74,3,0,0
BRDA:74,3,1,0
BRDA:77,4,0,0
BRDA:77,4,1,0
BRDA:78,5,0,0
BRDA:78,5,1,0
BRDA:85,6,0,0
BRDA:85,6,1,0
BRDA:111,7,0,0
BRDA:111,7,1,0
BRDA:111,8,0,0
BRDA:111,8,1,0
BRDA:121,9,0,0
BRDA:121,9,1,0
BRDA:131,10,0,0
BRDA:131,10,1,0
BRDA:140,11,0,0
BRDA:147,12,0,0
BRDA:147,12,1,0
BRDA:148,13,0,0
BRDA:148,13,1,0
BRDA:149,14,0,0
BRDA:149,14,1,0
BRDA:155,15,0,0
BRDA:155,15,1,0
BRDA:156,16,0,0
BRDA:156,16,1,0
BRDA:157,17,0,0
BRDA:157,17,1,0
BRDA:163,18,0,0
BRDA:163,18,1,0
BRDA:164,19,0,0
BRDA:164,19,1,0
BRDA:165,20,0,0
BRDA:165,20,1,0
BRDA:172,21,0,0
BRDA:172,21,1,0
BRDA:173,22,0,0
BRDA:173,22,1,0
BRDA:174,23,0,0
BRDA:174,23,1,0
BRDA:176,24,0,0
BRDA:176,24,1,0
BRDA:179,25,0,0
BRDA:179,25,1,0
BRDA:182,26,0,0
BRDA:182,26,1,0
BRDA:186,27,0,0
BRDA:186,27,1,0
BRDA:189,28,0,0
BRDA:189,28,1,0
BRDA:197,29,0,0
BRDA:197,29,1,0
BRDA:211,30,0,0
BRDA:211,30,1,0
BRDA:212,31,0,0
BRDA:212,31,1,0
BRDA:224,32,0,0
BRDA:224,32,1,0
BRDA:224,32,2,0
BRDA:224,32,3,0
BRDA:224,32,4,0
BRDA:224,32,5,0
BRDA:224,32,6,0
BRDA:224,32,7,0
BRDA:224,32,8,0
BRDA:259,33,0,0
BRDA:259,33,1,0
BRDA:284,34,0,0
BRDA:284,34,1,0
BRDA:286,35,0,0
BRDA:286,35,1,0
BRDA:288,36,0,0
BRDA:288,36,1,0
BRDA:299,37,0,0
BRDA:299,37,1,0
BRDA:299,38,0,0
BRDA:299,38,1,0
BRDA:301,39,0,0
BRDA:301,39,1,0
BRDA:301,40,0,0
BRDA:301,40,1,0
BRDA:308,41,0,0
BRDA:308,41,1,0
BRDA:308,41,2,0
BRDA:308,41,3,0
BRDA:314,42,0,0
BRDA:314,42,1,0
BRDA:315,43,0,0
BRDA:315,43,1,0
BRDA:342,44,0,0
BRDA:342,44,1,0
BRDA:352,45,0,0
BRDA:352,45,1,0
BRDA:361,46,0,0
BRDA:361,46,1,0
BRDA:365,47,0,0
BRDA:365,47,1,0
BRDA:410,48,0,0
BRDA:410,48,1,0
BRDA:416,49,0,0
BRDA:416,49,1,0
BRDA:416,50,0,0
BRDA:416,50,1,0
BRDA:418,51,0,0
BRDA:418,51,1,0
BRDA:421,52,0,0
BRDA:421,52,1,0
BRDA:430,53,0,0
BRDA:430,53,1,0
BRDA:436,54,0,0
BRDA:436,54,1,0
BRDA:441,55,0,0
BRDA:441,55,1,0
BRDA:469,56,0,0
BRDA:469,56,1,0
BRDA:487,57,0,0
BRDA:487,57,1,0
BRF:124
BRH:0
end_of_record
TN:
SF:server/automatedPRService.ts
FN:29,(anonymous_0)
FN:37,(anonymous_1)
FN:45,(anonymous_2)
FN:68,(anonymous_3)
FN:78,(anonymous_4)
FN:79,(anonymous_5)
FN:135,(anonymous_6)
FN:149,(anonymous_7)
FN:171,(anonymous_8)
FN:202,(anonymous_9)
FN:258,(anonymous_10)
FN:265,(anonymous_11)
FN:266,(anonymous_12)
FN:272,(anonymous_13)
FN:273,(anonymous_14)
FN:279,(anonymous_15)
FN:282,(anonymous_16)
FN:283,(anonymous_17)
FN:284,(anonymous_18)
FN:285,(anonymous_19)
FN:288,(anonymous_20)
FN:298,(anonymous_21)
FN:310,(anonymous_22)
FN:325,initializeAutomatedPR
FN:329,createPRForSandbox
FN:339,getAllPRRequests
FN:343,getPRRequest
FN:347,getPRRequestsByStatus
FN:353,getPRStatistics
FNF:29
FNH:4
FNDA:3,(anonymous_0)
FNDA:1,(anonymous_1)
FNDA:0,(anonymous_2)
FNDA:0,(anonymous_3)
FNDA:0,(anonymous_4)
FNDA:0,(anonymous_5)
FNDA:0,(anonymous_6)
FNDA:0,(anonymous_7)
FNDA:0,(anonymous_8)
FNDA:0,(anonymous_9)
FNDA:0,(anonymous_10)
FNDA:0,(anonymous_11)
FNDA:0,(anonymous_12)
FNDA:0,(anonymous_13)
FNDA:0,(anonymous_14)
FNDA:0,(anonymous_15)
FNDA:0,(anonymous_16)
FNDA:0,(anonymous_17)
FNDA:0,(anonymous_18)
FNDA:0,(anonymous_19)
FNDA:0,(anonymous_20)
FNDA:1,(anonymous_21)
FNDA:0,(anonymous_22)
FNDA:1,initializeAutomatedPR
FNDA:0,createPRForSandbox
FNDA:0,getAllPRRequests
FNDA:0,getPRRequest
FNDA:0,getPRRequestsByStatus
FNDA:0,getPRStatistics
DA:12,3
DA:30,3
DA:31,3
DA:38,1
DA:39,1
DA:52,0
DA:64,0
DA:65,0
DA:68,0
DA:69,0
DA:72,0
DA:79,0
DA:80,0
DA:81,0
DA:84,0
DA:85,0
DA:87,0
DA:89,0
DA:90,0
DA:91,0
DA:95,0
DA:96,0
DA:97,0
DA:101,0
DA:108,0
DA:115,0
DA:116,0
DA:117,0
DA:119,0
DA:123,0
DA:124,0
DA:126,0
DA:129,0
DA:136,0
DA:137,0
DA:140,0
DA:142,0
DA:153,0
DA:155,0
DA:158,0
DA:160,0
DA:162,0
DA:176,0
DA:178,0
DA:181,0
DA:182,0
DA:186,0
DA:189,0
DA:191,0
DA:193,0
DA:208,0
DA:209,0
DA:210,0
DA:214,0
DA:217,0
DA:218,0
DA:219,0
DA:222,0
DA:225,0
DA:243,0
DA:244,0
DA:245,0
DA:248,0
DA:249,0
DA:259,0
DA:266,0
DA:273,0
DA:280,0
DA:282,0
DA:283,0
DA:284,0
DA:285,0
DA:288,0
DA:299,1
DA:300,1
DA:301,0
DA:303,1
DA:311,0
DA:312,0
DA:317,0
DA:323,3
DA:326,1
DA:336,0
DA:340,0
DA:344,0
DA:350,0
DA:354,0
LF:87
LH:10
BRDA:80,0,0,0
BRDA:80,0,1,0
BRDA:90,1,0,0
BRDA:90,1,1,0
BRDA:96,2,0,0
BRDA:96,2,1,0
BRDA:125,3,0,0
BRDA:125,3,1,0
BRDA:163,4,0,0
BRDA:163,4,1,0
BRDA:194,5,0,0
BRDA:194,5,1,0
BRDA:209,6,0,0
BRDA:209,6,1,0
BRDA:218,7,0,0
BRDA:218,7,1,0
BRDA:243,8,0,0
BRDA:243,8,1,0
BRDA:287,9,0,0
BRDA:287,9,1,0
BRF:20
BRH:0
end_of_record
TN:
SF:server/avRagService.ts
FN:51,extractSceneContext
FN:98,getAtmosphericContext
FN:139,extractVoiceContext
FN:164,getEmpatheticGuidance
FN:185,buildAVRagContext
FN:222,enrichMessageWithAVContext
FN:238,createAVContext
FN:256,validateSceneContext
FN:291,validateVoiceContext
FN:316,exampleUsage
FNF:10
FNH:9
FNDA:9,extractSceneContext
FNDA:8,getAtmosphericContext
FNDA:7,extractVoiceContext
FNDA:6,getEmpatheticGuidance
FNDA:6,buildAVRagContext
FNDA:2,enrichMessageWithAVContext
FNDA:6,createAVContext
FNDA:9,validateSceneContext
FNDA:8,validateVoiceContext
FNDA:0,exampleUsage
DA:52,9
DA:55,9
DA:61,9
DA:64,9
DA:65,9
DA:69,9
DA:70,3
DA:74,9
DA:81,9
DA:84,9
DA:85,1
DA:88,9
DA:89,1
DA:92,9
DA:99,8
DA:102,8
DA:129,8
DA:140,7
DA:142,7
DA:143,1
DA:147,6
DA:154,6
DA:155,6
DA:158,6
DA:165,6
DA:166,1
DA:169,5
DA:175,5
DA:186,6
DA:189,6
DA:190,3
DA:191,3
DA:193,3
DA:199,6
DA:200,3
DA:201,3
DA:203,3
DA:204,3
DA:207,3
DA:208,3
DA:212,6
DA:213,2
DA:216,4
DA:226,2
DA:228,2
DA:229,1
DA:232,1
DA:242,6
DA:257,9
DA:260,3
DA:261,3
DA:262,3
DA:264,3
DA:265,1
DA:266,1
DA:269,2
DA:270,1
DA:271,1
DA:274,1
DA:292,8
DA:294,2
DA:296,2
DA:297,1
DA:298,1
DA:301,1
DA:317,0
DA:327,0
DA:333,0
DA:334,0
DA:335,0
DA:337,0
DA:338,0
LF:72
LH:65
BRDA:64,0,0,9
BRDA:64,0,1,0
BRDA:69,1,0,3
BRDA:69,1,1,6
BRDA:69,2,0,9
BRDA:69,2,1,9
BRDA:84,3,0,1
BRDA:84,3,1,8
BRDA:88,4,0,1
BRDA:88,4,1,8
BRDA:129,5,0,8
BRDA:129,5,1,0
BRDA:142,6,0,1
BRDA:142,6,1,6
BRDA:154,7,0,6
BRDA:154,7,1,0
BRDA:165,8,0,1
BRDA:165,8,1,5
BRDA:165,9,0,6
BRDA:165,9,1,5
BRDA:175,10,0,5
BRDA:175,10,1,0
BRDA:189,11,0,3
BRDA:189,11,1,3
BRDA:199,12,0,3
BRDA:199,12,1,3
BRDA:199,13,0,6
BRDA:199,13,1,3
BRDA:203,14,0,3
BRDA:203,14,1,0
BRDA:207,15,0,3
BRDA:207,15,1,0
BRDA:212,16,0,2
BRDA:212,16,1,4
BRDA:228,17,0,1
BRDA:228,17,1,1
BRDA:257,18,0,6
BRDA:257,18,1,3
BRDA:264,19,0,1
BRDA:264,19,1,2
BRDA:269,20,0,1
BRDA:269,20,1,1
BRDA:277,21,0,1
BRDA:277,21,1,0
BRDA:278,22,0,1
BRDA:278,22,1,0
BRDA:281,23,0,9
BRDA:281,23,1,0
BRDA:292,24,0,6
BRDA:292,24,1,2
BRDA:292,25,0,8
BRDA:292,25,1,2
BRDA:296,26,0,1
BRDA:296,26,1,1
BRDA:302,27,0,1
BRDA:302,27,1,0
BRF:56
BRH:46
end_of_record
TN:
SF:server/bananaImageService.ts
FN:17,generateImageWithBanana
FN:48,(anonymous_1)
FN:55,(anonymous_2)
FNF:3
FNH:0
FNDA:0,generateImageWithBanana
FNDA:0,(anonymous_1)
FNDA:0,(anonymous_2)
DA:3,0
DA:20,0
DA:21,0
DA:22,0
DA:30,0
DA:34,0
DA:36,0
DA:37,0
DA:38,0
DA:47,0
DA:48,0
DA:49,0
DA:55,0
DA:58,0
DA:59,0
DA:60,0
DA:67,0
DA:75,0
DA:79,0
DA:80,0
DA:84,0
DA:89,0
DA:90,0
DA:93,0
DA:94,0
DA:97,0
DA:98,0
DA:104,0
DA:106,0
LF:29
LH:0
BRDA:20,0,0,0
BRDA:20,0,1,0
BRDA:21,1,0,0
BRDA:21,1,1,0
BRDA:30,2,0,0
BRDA:30,2,1,0
BRDA:30,2,2,0
BRDA:34,3,0,0
BRDA:34,3,1,0
BRDA:34,3,2,0
BRDA:47,4,0,0
BRDA:47,4,1,0
BRDA:58,5,0,0
BRDA:58,5,1,0
BRDA:58,6,0,0
BRDA:58,6,1,0
BRDA:59,7,0,0
BRDA:59,7,1,0
BRDA:60,8,0,0
BRDA:60,8,1,0
BRDA:61,9,0,0
BRDA:61,9,1,0
BRDA:61,9,2,0
BRDA:61,9,3,0
BRDA:61,9,4,0
BRDA:70,10,0,0
BRDA:70,10,1,0
BRDA:70,10,2,0
BRDA:75,11,0,0
BRDA:75,11,1,0
BRDA:76,12,0,0
BRDA:76,12,1,0
BRDA:76,12,2,0
BRDA:76,12,3,0
BRDA:79,13,0,0
BRDA:79,13,1,0
BRDA:84,14,0,0
BRDA:84,14,1,0
BRDA:84,14,2,0
BRDA:84,14,3,0
BRDA:84,14,4,0
BRDA:89,15,0,0
BRDA:89,15,1,0
BRDA:89,16,0,0
BRDA:89,16,1,0
BRDA:93,17,0,0
BRDA:93,17,1,0
BRDA:97,18,0,0
BRDA:97,18,1,0
BRDA:108,19,0,0
BRDA:108,19,1,0
BRF:51
BRH:0
end_of_record
TN:
SF:server/browserIntegrationService.ts
FN:41,executeBrowserScript
FN:46,(anonymous_1)
FN:63,(anonymous_2)
FN:67,(anonymous_3)
FN:71,(anonymous_4)
FN:92,(anonymous_5)
FN:105,getAccessToken
FN:121,getRecentEmails
FN:147,getEmailContent
FN:176,sendEmail
FN:204,navigateToUrl
FN:241,addNoteToKeep
FN:271,addCalendarEvent
FN:317,searchWeb
FN:340,detectBrowserToolRequest
FN:449,getBrowserToolInstructions
FNF:16
FNH:1
FNDA:0,executeBrowserScript
FNDA:0,(anonymous_1)
FNDA:0,(anonymous_2)
FNDA:0,(anonymous_3)
FNDA:0,(anonymous_4)
FNDA:0,(anonymous_5)
FNDA:0,getAccessToken
FNDA:0,getRecentEmails
FNDA:0,getEmailContent
FNDA:0,sendEmail
FNDA:0,navigateToUrl
FNDA:0,addNoteToKeep
FNDA:0,addCalendarEvent
FNDA:0,searchWeb
FNDA:19,detectBrowserToolRequest
FNDA:0,getBrowserToolInstructions
DA:14,1
DA:15,1
DA:46,0
DA:47,0
DA:50,0
DA:53,0
DA:60,0
DA:61,0
DA:63,0
DA:64,0
DA:67,0
DA:68,0
DA:71,0
DA:72,0
DA:73,0
DA:74,0
DA:75,0
DA:77,0
DA:84,0
DA:92,0
DA:93,0
DA:106,0
DA:107,0
DA:108,0
DA:110,0
DA:114,0
DA:124,0
DA:125,0
DA:127,0
DA:128,0
DA:130,0
DA:136,0
DA:137,0
DA:150,0
DA:151,0
DA:156,0
DA:157,0
DA:159,0
DA:165,0
DA:166,0
DA:181,0
DA:182,0
DA:184,0
DA:185,0
DA:187,0
DA:193,0
DA:194,0
DA:205,0
DA:206,0
DA:208,0
DA:211,0
DA:217,0
DA:219,0
DA:226,0
DA:228,0
DA:229,0
DA:245,0
DA:246,0
DA:249,0
DA:250,0
DA:252,0
DA:258,0
DA:259,0
DA:277,0
DA:278,0
DA:284,0
DA:285,0
DA:292,0
DA:305,0
DA:306,0
DA:318,0
DA:319,0
DA:321,0
DA:323,0
DA:329,0
DA:330,0
DA:344,19
DA:347,19
DA:357,4
DA:364,15
DA:371,4
DA:378,11
DA:387,4
DA:394,7
DA:399,3
DA:406,4
DA:412,0
DA:419,4
DA:423,0
DA:430,4
DA:434,0
DA:440,4
DA:450,0
LF:93
LH:15
BRDA:56,0,0,0
BRDA:56,0,1,0
BRDA:72,1,0,0
BRDA:72,1,1,0
BRDA:79,2,0,0
BRDA:79,2,1,0
BRDA:86,3,0,0
BRDA:86,3,1,0
BRDA:122,4,0,0
BRDA:139,5,0,0
BRDA:139,5,1,0
BRDA:168,6,0,0
BRDA:168,6,1,0
BRDA:196,7,0,0
BRDA:196,7,1,0
BRDA:214,8,0,0
BRDA:214,8,1,0
BRDA:217,9,0,0
BRDA:217,9,1,0
BRDA:261,10,0,0
BRDA:261,10,1,0
BRDA:308,11,0,0
BRDA:308,11,1,0
BRDA:332,12,0,0
BRDA:332,12,1,0
BRDA:347,13,0,4
BRDA:347,13,1,15
BRDA:348,14,0,19
BRDA:348,14,1,19
BRDA:348,14,2,18
BRDA:348,14,3,17
BRDA:348,14,4,17
BRDA:348,14,5,16
BRDA:348,14,6,16
BRDA:348,14,7,15
BRDA:364,15,0,4
BRDA:364,15,1,11
BRDA:365,16,0,15
BRDA:365,16,1,14
BRDA:365,16,2,14
BRDA:365,16,3,13
BRDA:365,16,4,12
BRDA:378,17,0,4
BRDA:378,17,1,7
BRDA:378,18,0,11
BRDA:378,18,1,8
BRDA:378,18,2,4
BRDA:378,18,3,2
BRDA:378,18,4,1
BRDA:378,18,5,0
BRDA:378,18,6,0
BRDA:378,18,7,0
BRDA:394,19,0,3
BRDA:394,19,1,4
BRDA:395,20,0,7
BRDA:395,20,1,6
BRDA:395,20,2,5
BRDA:406,21,0,0
BRDA:406,21,1,4
BRDA:407,22,0,4
BRDA:407,22,1,4
BRDA:407,22,2,4
BRDA:407,22,3,4
BRDA:419,23,0,0
BRDA:419,23,1,4
BRDA:420,24,0,4
BRDA:420,24,1,4
BRDA:430,25,0,0
BRDA:430,25,1,4
BRDA:431,26,0,4
BRDA:431,26,1,4
BRDA:431,26,2,0
BRF:72
BRH:40
end_of_record
TN:
SF:server/codeAnalysisService.ts
FN:295,analyzeSecurityIssues
FN:323,analyzePerformanceIssues
FN:351,getLanguageSpecificSuggestions
FN:366,analyzeCodeQuality
FN:408,(anonymous_4)
FN:431,analyzeRepositoryCode
FN:484,generateSecurityImprovements
FN:490,(anonymous_7)
FN:492,(anonymous_8)
FN:519,generatePerformanceImprovements
FN:524,(anonymous_10)
FN:545,analyzeCodeForIssues
FNF:12
FNH:6
FNDA:3,analyzeSecurityIssues
FNDA:3,analyzePerformanceIssues
FNDA:1,getLanguageSpecificSuggestions
FNDA:3,analyzeCodeQuality
FNDA:3,(anonymous_4)
FNDA:1,analyzeRepositoryCode
FNDA:0,generateSecurityImprovements
FNDA:0,(anonymous_7)
FNDA:0,(anonymous_8)
FNDA:0,generatePerformanceImprovements
FNDA:0,(anonymous_10)
FNDA:0,analyzeCodeForIssues
DA:55,7
DA:186,7
DA:254,7
DA:300,3
DA:301,3
DA:303,3
DA:304,16
DA:305,16
DA:306,1
DA:317,3
DA:328,3
DA:329,3
DA:331,3
DA:332,8
DA:333,8
DA:334,0
DA:345,3
DA:352,1
DA:371,3
DA:394,3
DA:395,3
DA:396,0
DA:405,3
DA:409,3
DA:416,3
DA:417,0
DA:425,3
DA:434,1
DA:438,1
DA:440,1
DA:441,1
DA:442,1
DA:445,1
DA:446,1
DA:447,2
DA:448,2
DA:451,2
DA:454,2
DA:459,1
DA:462,1
DA:463,0
DA:473,1
DA:487,0
DA:489,0
DA:490,0
DA:492,0
DA:494,0
DA:495,0
DA:500,0
DA:501,0
DA:507,0
DA:513,0
DA:522,0
DA:524,0
DA:526,0
DA:527,0
DA:532,0
DA:538,0
DA:552,0
DA:556,0
DA:557,0
DA:580,0
LF:62
LH:38
BRDA:301,0,0,3
BRDA:301,0,1,0
BRDA:329,1,0,3
BRDA:329,1,1,0
BRDA:353,2,0,1
BRDA:353,2,1,0
BRDA:409,3,0,3
BRDA:409,3,1,0
BRDA:409,3,2,0
BRDA:409,3,3,0
BRDA:409,3,4,0
BRDA:416,4,0,0
BRDA:416,4,1,3
BRDA:434,5,0,1
BRDA:434,5,1,1
BRDA:438,6,0,1
BRDA:438,6,1,1
BRDA:445,7,0,1
BRDA:445,7,1,0
BRDA:445,8,0,1
BRDA:445,8,1,1
BRDA:447,9,0,2
BRDA:447,9,1,0
BRDA:447,9,2,0
BRDA:462,10,0,0
BRDA:462,10,1,1
BRDA:494,11,0,0
BRDA:494,11,1,0
BRDA:496,12,0,0
BRDA:496,12,1,0
BRDA:500,13,0,0
BRDA:500,13,1,0
BRDA:502,14,0,0
BRDA:502,14,1,0
BRDA:526,15,0,0
BRDA:526,15,1,0
BRDA:528,16,0,0
BRDA:528,16,1,0
BRDA:551,17,0,0
BRDA:556,18,0,0
BRDA:556,18,1,0
BRF:41
BRH:14
end_of_record
TN:
SF:server/commandParser.ts
FN:22,parseCommand
FNF:1
FNH:1
FNDA:2,parseCommand
DA:24,2
DA:25,2
DA:26,2
DA:33,2
DA:38,0
DA:39,0
DA:44,0
DA:45,0
DA:49,0
DA:50,0
DA:51,0
DA:52,0
DA:53,0
DA:54,0
DA:56,0
DA:60,0
DA:62,2
DA:70,0
DA:71,0
DA:76,0
DA:77,0
DA:78,0
DA:79,0
DA:80,0
DA:81,0
DA:82,0
DA:84,0
DA:85,0
DA:86,0
DA:87,0
DA:88,0
DA:89,0
DA:91,2
DA:104,0
DA:106,0
DA:110,0
DA:111,0
DA:119,0
DA:122,0
DA:125,0
DA:130,0
DA:131,0
DA:132,0
DA:133,0
DA:135,0
DA:141,0
DA:146,0
DA:147,0
DA:155,0
DA:156,0
DA:157,0
DA:158,0
DA:159,0
DA:160,0
DA:166,0
DA:167,0
DA:168,0
DA:171,0
DA:175,0
DA:176,0
DA:181,0
DA:185,2
DA:189,1
DA:190,1
DA:191,1
DA:194,1
DA:195,1
DA:196,1
DA:197,1
DA:202,2
LF:70
LH:15
BRDA:33,0,0,0
BRDA:33,0,1,2
BRDA:34,1,0,2
BRDA:34,1,1,2
BRDA:34,1,2,2
BRDA:39,2,0,0
BRDA:39,2,1,0
BRDA:40,3,0,0
BRDA:40,3,1,0
BRDA:40,3,2,0
BRDA:45,4,0,0
BRDA:45,4,1,0
BRDA:46,5,0,0
BRDA:46,5,1,0
BRDA:51,6,0,0
BRDA:51,6,1,0
BRDA:56,7,0,0
BRDA:56,7,1,0
BRDA:57,8,0,0
BRDA:57,8,1,0
BRDA:62,9,0,0
BRDA:62,9,1,2
BRDA:66,10,0,2
BRDA:66,10,1,2
BRDA:66,10,2,2
BRDA:71,11,0,0
BRDA:71,11,1,0
BRDA:72,12,0,0
BRDA:72,12,1,0
BRDA:72,12,2,0
BRDA:77,13,0,0
BRDA:77,13,1,0
BRDA:80,14,0,0
BRDA:80,14,1,0
BRDA:82,15,0,0
BRDA:82,15,1,0
BRDA:85,16,0,0
BRDA:85,16,1,0
BRDA:88,17,0,0
BRDA:88,17,1,0
BRDA:91,18,0,0
BRDA:91,18,1,2
BRDA:95,19,0,2
BRDA:95,19,1,2
BRDA:95,19,2,2
BRDA:95,19,3,2
BRDA:95,19,4,2
BRDA:95,19,5,2
BRDA:95,19,6,2
BRDA:95,19,7,2
BRDA:106,20,0,0
BRDA:106,20,1,0
BRDA:107,21,0,0
BRDA:107,21,1,0
BRDA:111,22,0,0
BRDA:111,22,1,0
BRDA:112,23,0,0
BRDA:112,23,1,0
BRDA:112,23,2,0
BRDA:112,23,3,0
BRDA:112,23,4,0
BRDA:112,23,5,0
BRDA:132,24,0,0
BRDA:132,24,1,0
BRDA:132,25,0,0
BRDA:132,25,1,0
BRDA:146,26,0,0
BRDA:146,26,1,0
BRDA:156,27,0,0
BRDA:156,27,1,0
BRDA:158,28,0,0
BRDA:158,28,1,0
BRDA:166,29,0,0
BRDA:166,29,1,0
BRDA:171,30,0,0
BRDA:171,30,1,0
BRDA:172,31,0,0
BRDA:172,31,1,0
BRDA:176,32,0,0
BRDA:176,32,1,0
BRDA:177,33,0,0
BRDA:177,33,1,0
BRDA:177,33,2,0
BRDA:185,34,0,1
BRDA:185,34,1,1
BRDA:194,35,0,1
BRDA:194,35,1,0
BRF:87
BRH:20
end_of_record
TN:
SF:server/commandParserLLM.ts
FN:37,preprocessIntent
FN:166,parseCommandLLM
FNF:2
FNH:0
FNDA:0,preprocessIntent
FNDA:0,parseCommandLLM
DA:38,0
DA:41,0
DA:46,0
DA:47,0
DA:48,0
DA:50,0
DA:52,0
DA:59,0
DA:60,0
DA:70,0
DA:75,0
DA:79,0
DA:84,0
DA:85,0
DA:86,0
DA:87,0
DA:88,0
DA:90,0
DA:91,0
DA:94,0
DA:95,0
DA:96,0
DA:97,0
DA:98,0
DA:100,0
DA:104,0
DA:114,0
DA:117,0
DA:121,0
DA:126,0
DA:127,0
DA:128,0
DA:129,0
DA:130,0
DA:132,0
DA:133,0
DA:143,0
DA:148,0
DA:149,0
DA:150,0
DA:151,0
DA:153,0
DA:154,0
DA:163,0
DA:167,0
DA:168,0
DA:171,0
DA:172,0
DA:173,0
DA:174,0
DA:181,0
DA:239,0
DA:241,0
DA:243,0
DA:245,0
DA:246,0
DA:247,0
DA:249,0
DA:250,0
DA:251,0
DA:254,0
DA:255,0
DA:256,0
DA:257,0
DA:261,0
DA:263,0
DA:269,0
DA:273,0
DA:277,0
LF:69
LH:0
BRDA:48,0,0,0
BRDA:48,0,1,0
BRDA:48,1,0,0
BRDA:48,1,1,0
BRDA:59,2,0,0
BRDA:59,2,1,0
BRDA:70,3,0,0
BRDA:70,3,1,0
BRDA:86,4,0,0
BRDA:86,4,1,0
BRDA:90,5,0,0
BRDA:90,5,1,0
BRDA:94,6,0,0
BRDA:94,6,1,0
BRDA:96,7,0,0
BRDA:96,7,1,0
BRDA:114,8,0,0
BRDA:114,8,1,0
BRDA:128,9,0,0
BRDA:128,9,1,0
BRDA:132,10,0,0
BRDA:132,10,1,0
BRDA:132,11,0,0
BRDA:132,11,1,0
BRDA:150,12,0,0
BRDA:150,12,1,0
BRDA:153,13,0,0
BRDA:153,13,1,0
BRDA:172,14,0,0
BRDA:172,14,1,0
BRDA:172,15,0,0
BRDA:172,15,1,0
BRDA:175,16,0,0
BRDA:175,16,1,0
BRDA:176,17,0,0
BRDA:176,17,1,0
BRDA:177,18,0,0
BRDA:177,18,1,0
BRDA:245,19,0,0
BRDA:245,19,1,0
BRDA:250,20,0,0
BRDA:250,20,1,0
BRDA:250,21,0,0
BRDA:250,21,1,0
BRDA:256,22,0,0
BRDA:256,22,1,0
BRDA:256,23,0,0
BRDA:256,23,1,0
BRDA:264,24,0,0
BRDA:264,24,1,0
BRDA:265,25,0,0
BRDA:265,25,1,0
BRDA:266,26,0,0
BRDA:266,26,1,0
BRF:54
BRH:0
end_of_record
TN:
SF:server/config.ts
FN:10,(anonymous_0)
FN:13,(anonymous_1)
FN:26,(anonymous_2)
FN:35,(anonymous_3)
FNF:4
FNH:1
FNDA:60,(anonymous_0)
FNDA:0,(anonymous_1)
FNDA:0,(anonymous_2)
FNDA:0,(anonymous_3)
DA:2,30
DA:4,30
DA:10,30
DA:11,60
DA:13,60
DA:14,0
DA:15,0
DA:16,0
DA:18,0
DA:19,0
DA:20,0
DA:25,30
DA:27,0
DA:35,30
DA:36,0
DA:37,0
DA:40,30
LF:17
LH:8
BRDA:15,0,0,0
BRDA:15,0,1,0
BRDA:26,1,0,0
BRDA:28,2,0,0
BRDA:28,2,1,0
BRDA:28,2,2,0
BRDA:37,3,0,0
BRDA:37,3,1,0
BRDA:48,4,0,30
BRDA:48,4,1,30
BRDA:69,5,0,30
BRDA:69,5,1,30
BRDA:73,6,0,30
BRDA:73,6,1,30
BRDA:76,7,0,30
BRDA:76,7,1,30
BRDA:83,8,0,30
BRDA:83,8,1,30
BRDA:84,9,0,30
BRDA:84,9,1,30
BRDA:85,10,0,30
BRDA:85,10,1,30
BRDA:87,11,0,30
BRDA:87,11,1,30
BRDA:89,12,0,30
BRDA:89,12,1,30
BRDA:94,13,0,30
BRDA:94,13,1,0
BRDA:102,14,0,30
BRDA:102,14,1,30
BRDA:120,15,0,30
BRDA:120,15,1,30
BRDA:122,16,0,30
BRDA:122,16,1,30
BRDA:124,17,0,30
BRDA:124,17,1,30
BRDA:127,18,0,30
BRDA:127,18,1,30
BRDA:131,19,0,0
BRDA:131,19,1,30
BRDA:140,20,0,30
BRDA:140,20,1,30
BRDA:142,21,0,30
BRDA:142,21,1,30
BRDA:154,22,0,30
BRDA:154,22,1,30
BRDA:157,23,0,30
BRDA:157,23,1,30
BRDA:161,24,0,30
BRDA:161,24,1,30
BRDA:165,25,0,30
BRDA:165,25,1,30
BRDA:169,26,0,30
BRDA:169,26,1,30
BRDA:173,27,0,30
BRDA:173,27,1,30
BRDA:177,28,0,30
BRDA:177,28,1,30
BRDA:181,29,0,30
BRDA:181,29,1,30
BRDA:188,30,0,30
BRDA:188,30,1,30
BRF:62
BRH:52
end_of_record
TN:
SF:server/crypto.ts
FN:20,deriveKey
FN:28,encrypt
FN:61,decrypt
FN:112,isEncrypted
FN:119,getMemoryKey
FN:136,isEncryptionEnabled
FN:144,generateMemoryKey
FNF:7
FNH:2
FNDA:0,deriveKey
FNDA:0,encrypt
FNDA:0,decrypt
FNDA:0,isEncrypted
FNDA:7,getMemoryKey
FNDA:20,isEncryptionEnabled
FNDA:0,generateMemoryKey
DA:9,20
DA:10,20
DA:11,20
DA:12,20
DA:13,20
DA:14,20
DA:15,20
DA:21,0
DA:29,0
DA:30,0
DA:34,0
DA:35,0
DA:38,0
DA:41,0
DA:42,0
DA:48,0
DA:51,0
DA:54,0
DA:62,0
DA:63,0
DA:67,0
DA:68,0
DA:72,0
DA:73,0
DA:74,0
DA:77,0
DA:78,0
DA:79,0
DA:83,0
DA:86,0
DA:87,0
DA:88,0
DA:92,0
DA:95,0
DA:98,0
DA:99,0
DA:101,0
DA:106,0
DA:113,0
DA:120,7
DA:122,7
DA:123,0
DA:126,7
DA:127,0
DA:130,7
DA:137,20
DA:138,20
DA:145,0
LF:48
LH:13
BRDA:29,0,0,0
BRDA:29,0,1,0
BRDA:62,1,0,0
BRDA:62,1,1,0
BRDA:67,2,0,0
BRDA:67,2,1,0
BRDA:73,3,0,0
BRDA:73,3,1,0
BRDA:73,4,0,0
BRDA:73,4,1,0
BRDA:78,5,0,0
BRDA:78,5,1,0
BRDA:122,6,0,0
BRDA:122,6,1,7
BRDA:126,7,0,0
BRDA:126,7,1,7
BRDA:138,8,0,20
BRDA:138,8,1,20
BRF:18
BRH:4
end_of_record
TN:
SF:server/dailySuggestionsService.ts
FN:24,getTodayDate
FN:32,getOrCreateTodaySuggestion
FN:54,createDailySuggestion
FN:63,(anonymous_3)
FN:71,(anonymous_4)
FN:123,getTopAiUpdates
FN:137,markSuggestionDelivered
FN:149,isTodaySuggestionDelivered
FN:163,getSuggestionByDate
FN:178,initializeDailySuggestionScheduler
FN:210,(anonymous_10)
FN:226,(anonymous_11)
FN:245,shouldSurfaceDailySuggestion
FNF:13
FNH:1
FNDA:0,getTodayDate
FNDA:0,getOrCreateTodaySuggestion
FNDA:0,createDailySuggestion
FNDA:0,(anonymous_3)
FNDA:0,(anonymous_4)
FNDA:0,getTopAiUpdates
FNDA:0,markSuggestionDelivered
FNDA:0,isTodaySuggestionDelivered
FNDA:0,getSuggestionByDate
FNDA:1,initializeDailySuggestionScheduler
FNDA:0,(anonymous_10)
FNDA:0,(anonymous_11)
FNDA:0,shouldSurfaceDailySuggestion
DA:25,0
DA:26,0
DA:33,0
DA:35,0
DA:37,0
DA:38,0
DA:39,0
DA:43,0
DA:44,0
DA:46,0
DA:47,0
DA:55,0
DA:58,0
DA:62,0
DA:63,0
DA:67,0
DA:69,0
DA:71,0
DA:75,0
DA:81,0
DA:85,0
DA:88,0
DA:90,0
DA:94,0
DA:100,0
DA:102,0
DA:105,0
DA:115,0
DA:124,0
DA:126,0
DA:127,0
DA:129,0
DA:130,0
DA:138,0
DA:139,0
DA:141,0
DA:142,0
DA:150,0
DA:151,0
DA:152,0
DA:153,0
DA:155,0
DA:156,0
DA:166,0
DA:167,0
DA:169,0
DA:170,0
DA:180,1
DA:182,1
DA:183,1
DA:186,1
DA:189,0
DA:190,1
DA:195,1
DA:196,1
DA:197,0
DA:198,0
DA:201,0
DA:202,0
DA:204,0
DA:205,0
DA:206,0
DA:210,0
DA:211,0
DA:212,0
DA:213,0
DA:216,0
DA:217,0
DA:220,0
DA:222,0
DA:226,0
DA:227,0
DA:228,0
DA:229,0
DA:231,0
DA:235,0
DA:239,0
DA:250,0
DA:253,0
DA:254,0
DA:259,0
DA:261,0
LF:82
LH:7
BRDA:38,0,0,0
BRDA:38,0,1,0
BRDA:67,1,0,0
BRDA:67,1,1,0
BRDA:111,2,0,0
BRDA:111,2,1,0
BRDA:153,3,0,0
BRDA:153,3,1,0
BRDA:182,4,0,1
BRDA:182,4,1,0
BRDA:189,5,0,0
BRDA:189,5,1,0
BRDA:196,6,0,0
BRDA:196,6,1,1
BRDA:204,7,0,0
BRDA:204,7,1,0
BRDA:204,8,0,0
BRDA:204,8,1,0
BRDA:216,9,0,0
BRDA:216,9,1,0
BRDA:250,10,0,0
BRDA:250,10,1,0
BRDA:254,11,0,0
BRDA:254,11,1,0
BRDA:259,12,0,0
BRDA:259,12,1,0
BRF:26
BRH:2
end_of_record
TN:
SF:server/debugRunRecommendations.ts
FN:6,run
FNF:1
FNH:0
FNDA:0,run
DA:7,0
DA:8,0
DA:9,0
DA:13,0
DA:15,0
DA:16,0
DA:17,0
DA:19,0
DA:20,0
DA:21,0
DA:23,0
DA:27,0
LF:12
LH:0
BRDA:20,0,0,0
BRDA:20,0,1,0
BRF:2
BRH:0
end_of_record
TN:
SF:server/decentralizationService.ts
FN:90,generateZKProof
FN:142,verifyZKProof
FN:184,storeInVault
FN:227,retrieveFromVault
FN:270,issueVerifiableCredential
FN:312,verifyCredential
FN:355,createSSIProfile
FN:435,getUserVaultEntries
FN:453,getProofsByClaim
FN:471,getUserCredentials
FN:488,getSSIStats
FN:537,verifyIdentityZKP
FN:575,(anonymous_12)
FN:590,(anonymous_13)
FN:615,initializeDecentralizationService
FNF:15
FNH:11
FNDA:16,generateZKProof
FNDA:2,verifyZKProof
FNDA:11,storeInVault
FNDA:6,retrieveFromVault
FNDA:15,issueVerifiableCredential
FNDA:2,verifyCredential
FNDA:7,createSSIProfile
FNDA:2,getUserVaultEntries
FNDA:1,getProofsByClaim
FNDA:1,getUserCredentials
FNDA:1,getSSIStats
FNDA:0,verifyIdentityZKP
FNDA:0,(anonymous_12)
FNDA:0,(anonymous_13)
FNDA:0,initializeDecentralizationService
DA:74,1
DA:75,1
DA:76,1
DA:97,16
DA:100,16
DA:101,16
DA:107,16
DA:115,16
DA:124,16
DA:126,16
DA:129,16
DA:143,2
DA:145,2
DA:146,1
DA:147,1
DA:151,1
DA:152,0
DA:153,0
DA:157,1
DA:158,1
DA:162,1
DA:166,2
DA:169,2
DA:171,0
DA:172,0
DA:189,11
DA:192,11
DA:195,11
DA:200,11
DA:212,11
DA:214,11
DA:217,11
DA:231,6
DA:233,6
DA:234,1
DA:235,1
DA:239,5
DA:240,1
DA:243,1
DA:247,4
DA:248,4
DA:251,4
DA:252,4
DA:253,4
DA:254,4
DA:256,0
DA:257,0
DA:276,15
DA:279,15
DA:290,15
DA:291,15
DA:296,15
DA:298,15
DA:300,15
DA:303,15
DA:313,2
DA:315,2
DA:316,1
DA:317,1
DA:321,1
DA:322,0
DA:323,0
DA:327,1
DA:328,1
DA:329,1
DA:334,1
DA:336,1
DA:339,2
DA:341,0
DA:342,0
DA:368,7
DA:371,7
DA:377,7
DA:378,7
DA:381,7
DA:383,6
DA:389,6
DA:392,6
DA:396,6
DA:399,7
DA:401,6
DA:407,6
DA:410,6
DA:415,6
DA:418,7
DA:422,7
DA:436,2
DA:438,2
DA:439,11
DA:440,4
DA:444,2
DA:454,1
DA:456,1
DA:457,10
DA:458,6
DA:462,1
DA:472,1
DA:474,1
DA:475,11
DA:476,2
DA:480,1
DA:495,1
DA:496,1
DA:497,1
DA:499,1
DA:500,16
DA:501,16
DA:503,0
DA:507,1
DA:541,0
DA:545,0
DA:549,0
DA:551,0
DA:554,0
DA:555,0
DA:556,0
DA:558,0
DA:563,0
DA:565,0
DA:566,0
DA:569,0
DA:573,0
DA:574,0
DA:576,0
DA:580,0
DA:581,0
DA:584,0
DA:588,0
DA:589,0
DA:590,0
DA:593,0
DA:594,0
DA:595,0
DA:598,0
DA:601,0
DA:605,0
DA:607,0
DA:608,0
DA:616,0
DA:617,0
LF:140
LH:98
BRDA:94,0,0,16
BRDA:145,1,0,1
BRDA:145,1,1,1
BRDA:151,2,0,0
BRDA:151,2,1,1
BRDA:162,3,0,1
BRDA:162,3,1,1
BRDA:162,3,2,1
BRDA:167,4,0,1
BRDA:167,4,1,0
BRDA:233,5,0,1
BRDA:233,5,1,5
BRDA:239,6,0,1
BRDA:239,6,1,4
BRDA:274,7,0,15
BRDA:315,8,0,1
BRDA:315,8,1,1
BRDA:321,9,0,0
BRDA:321,9,1,1
BRDA:321,10,0,1
BRDA:321,10,1,1
BRDA:337,11,0,1
BRDA:337,11,1,0
BRDA:381,12,0,6
BRDA:381,12,1,1
BRDA:387,13,0,6
BRDA:387,13,1,0
BRDA:399,14,0,6
BRDA:399,14,1,1
BRDA:439,15,0,4
BRDA:439,15,1,7
BRDA:457,16,0,6
BRDA:457,16,1,4
BRDA:457,17,0,10
BRDA:457,17,1,6
BRDA:475,18,0,2
BRDA:475,18,1,9
BRDA:500,19,0,16
BRDA:500,19,1,0
BRDA:549,20,0,0
BRDA:549,20,1,0
BRDA:556,21,0,0
BRDA:556,21,1,0
BRDA:565,22,0,0
BRDA:565,22,1,0
BRDA:576,23,0,0
BRDA:576,23,1,0
BRDA:576,23,2,0
BRDA:580,24,0,0
BRDA:580,24,1,0
BRDA:593,25,0,0
BRDA:593,25,1,0
BRF:52
BRH:33
end_of_record
TN:
SF:server/demo-pr188.ts
FNF:0
FNH:0
DA:18,0
DA:23,0
DA:24,0
DA:27,0
DA:42,0
DA:49,0
DA:52,0
DA:55,0
DA:56,0
DA:59,0
DA:75,0
DA:76,0
DA:78,0
DA:79,0
DA:84,0
DA:89,0
DA:100,0
DA:101,0
DA:103,0
DA:104,0
DA:110,0
DA:115,0
DA:126,0
DA:127,0
DA:129,0
DA:130,0
DA:135,0
DA:139,0
DA:140,0
DA:141,0
DA:142,0
DA:143,0
DA:144,0
LF:33
LH:0
BRF:0
BRH:0
end_of_record
TN:
SF:server/dispatcher.ts
FN:29,(anonymous_0)
FN:46,(anonymous_1)
FN:61,(anonymous_2)
FN:136,(anonymous_3)
FN:147,(anonymous_4)
FN:160,(anonymous_5)
FN:184,(anonymous_6)
FN:185,(anonymous_7)
FN:201,(anonymous_8)
FN:221,(anonymous_9)
FN:222,(anonymous_10)
FN:223,(anonymous_11)
FN:243,(anonymous_12)
FN:254,(anonymous_13)
FNF:14
FNH:9
FNDA:1,(anonymous_0)
FNDA:5,(anonymous_1)
FNDA:1,(anonymous_2)
FNDA:4,(anonymous_3)
FNDA:0,(anonymous_4)
FNDA:4,(anonymous_5)
FNDA:1,(anonymous_6)
FNDA:0,(anonymous_7)
FNDA:1,(anonymous_8)
FNDA:1,(anonymous_9)
FNDA:0,(anonymous_10)
FNDA:0,(anonymous_11)
FNDA:0,(anonymous_12)
FNDA:4,(anonymous_13)
DA:25,1
DA:26,1
DA:30,1
DA:38,1
DA:46,1
DA:47,5
DA:55,1
DA:66,1
DA:67,0
DA:68,0
DA:72,0
DA:74,0
DA:80,1
DA:81,1
DA:82,1
DA:83,0
DA:84,0
DA:89,1
DA:91,1
DA:92,1
DA:95,1
DA:98,0
DA:99,0
DA:102,1
DA:103,1
DA:104,1
DA:107,1
DA:110,1
DA:111,1
DA:114,1
DA:115,0
DA:116,0
DA:117,0
DA:122,1
DA:124,0
DA:125,0
DA:126,0
DA:130,0
DA:138,4
DA:139,4
DA:147,0
DA:150,0
DA:151,0
DA:154,0
DA:161,4
DA:164,4
DA:167,1
DA:172,3
DA:174,3
DA:175,1
DA:178,2
DA:185,1
DA:186,0
DA:187,0
DA:190,0
DA:191,0
DA:194,0
DA:202,1
DA:203,1
DA:205,1
DA:206,1
DA:207,1
DA:209,0
DA:210,0
DA:211,0
DA:215,1
DA:222,1
DA:223,0
DA:224,0
DA:225,0
DA:227,0
DA:229,0
DA:230,0
DA:231,0
DA:232,0
DA:244,0
DA:255,4
DA:259,1
LF:78
LH:42
BRDA:63,0,0,1
BRDA:66,1,0,0
BRDA:66,1,1,1
BRDA:80,2,0,1
BRDA:80,2,1,0
BRDA:82,3,0,0
BRDA:82,3,1,1
BRDA:95,4,0,0
BRDA:95,4,1,1
BRDA:95,5,0,1
BRDA:95,5,1,1
BRDA:95,5,2,0
BRDA:110,6,0,1
BRDA:110,6,1,0
BRDA:114,7,0,0
BRDA:114,7,1,1
BRDA:116,8,0,0
BRDA:116,8,1,0
BRDA:138,9,0,4
BRDA:138,9,1,0
BRDA:150,10,0,0
BRDA:150,10,1,0
BRDA:164,11,0,1
BRDA:164,11,1,3
BRDA:174,12,0,1
BRDA:174,12,1,2
BRDA:190,13,0,0
BRDA:190,13,1,0
BRDA:190,14,0,0
BRDA:190,14,1,0
BRDA:191,15,0,0
BRDA:191,15,1,0
BRDA:191,16,0,0
BRDA:191,16,1,0
BRDA:203,17,0,0
BRDA:203,17,1,1
BRDA:205,18,0,1
BRDA:205,18,1,0
BRDA:210,19,0,0
BRDA:210,19,1,0
BRDA:225,20,0,0
BRDA:225,20,1,0
BRDA:225,21,0,0
BRDA:225,21,1,0
BRDA:227,22,0,0
BRDA:227,22,1,0
BRDA:231,23,0,0
BRDA:231,23,1,0
BRF:48
BRH:16
end_of_record
TN:
SF:server/encryptMigration.ts
FN:41,encryptMessages
FN:64,(anonymous_1)
FN:114,encryptSessions
FN:139,(anonymous_3)
FN:183,encryptVisualMemories
FN:232,runMigration
FN:347,(anonymous_6)
FN:360,(anonymous_7)
FN:363,(anonymous_8)
FNF:9
FNH:0
FNDA:0,encryptMessages
FNDA:0,(anonymous_1)
FNDA:0,encryptSessions
FNDA:0,(anonymous_3)
FNDA:0,encryptVisualMemories
FNDA:0,runMigration
FNDA:0,(anonymous_6)
FNDA:0,(anonymous_7)
FNDA:0,(anonymous_8)
DA:19,0
DA:20,0
DA:22,0
DA:23,0
DA:51,0
DA:53,0
DA:55,0
DA:58,0
DA:60,0
DA:62,0
DA:63,0
DA:64,0
DA:65,0
DA:66,0
DA:68,0
DA:73,0
DA:78,0
DA:79,0
DA:80,0
DA:81,0
DA:82,0
DA:85,0
DA:86,0
DA:87,0
DA:89,0
DA:90,0
DA:95,0
DA:96,0
DA:97,0
DA:102,0
DA:106,0
DA:107,0
DA:108,0
DA:111,0
DA:124,0
DA:126,0
DA:128,0
DA:133,0
DA:135,0
DA:137,0
DA:138,0
DA:139,0
DA:140,0
DA:141,0
DA:143,0
DA:148,0
DA:153,0
DA:154,0
DA:155,0
DA:156,0
DA:157,0
DA:160,0
DA:161,0
DA:162,0
DA:164,0
DA:165,0
DA:166,0
DA:171,0
DA:175,0
DA:176,0
DA:177,0
DA:180,0
DA:187,0
DA:188,0
DA:189,0
DA:190,0
DA:193,0
DA:196,0
DA:197,0
DA:198,0
DA:201,0
DA:202,0
DA:203,0
DA:207,0
DA:208,0
DA:210,0
DA:211,0
DA:215,0
DA:216,0
DA:217,0
DA:220,0
DA:221,0
DA:222,0
DA:224,0
DA:226,0
DA:227,0
DA:228,0
DA:233,0
DA:235,0
DA:236,0
DA:237,0
DA:238,0
DA:240,0
DA:241,0
DA:242,0
DA:243,0
DA:248,0
DA:249,0
DA:250,0
DA:252,0
DA:255,0
DA:256,0
DA:258,0
DA:259,0
DA:261,0
DA:262,0
DA:266,0
DA:278,0
DA:279,0
DA:281,0
DA:282,0
DA:284,0
DA:286,0
DA:287,0
DA:291,0
DA:292,0
DA:293,0
DA:294,0
DA:295,0
DA:296,0
DA:297,0
DA:300,0
DA:301,0
DA:302,0
DA:303,0
DA:304,0
DA:305,0
DA:306,0
DA:309,0
DA:310,0
DA:313,0
DA:314,0
DA:316,0
DA:317,0
DA:319,0
DA:324,0
DA:325,0
DA:326,0
DA:327,0
DA:328,0
DA:330,0
DA:333,0
DA:334,0
DA:337,0
DA:340,0
DA:343,0
DA:345,0
DA:346,0
DA:347,0
DA:348,0
DA:349,0
DA:350,0
DA:351,0
DA:353,0
DA:358,0
DA:359,0
DA:361,0
DA:364,0
DA:365,0
LF:159
LH:0
BRDA:62,0,0,0
BRDA:62,0,1,0
BRDA:65,1,0,0
BRDA:65,1,1,0
BRDA:80,2,0,0
BRDA:80,2,1,0
BRDA:89,3,0,0
BRDA:89,3,1,0
BRDA:95,4,0,0
BRDA:95,4,1,0
BRDA:106,5,0,0
BRDA:106,5,1,0
BRDA:137,6,0,0
BRDA:137,6,1,0
BRDA:140,7,0,0
BRDA:140,7,1,0
BRDA:155,8,0,0
BRDA:155,8,1,0
BRDA:164,9,0,0
BRDA:164,9,1,0
BRDA:175,10,0,0
BRDA:175,10,1,0
BRDA:188,11,0,0
BRDA:188,11,1,0
BRDA:196,12,0,0
BRDA:196,12,1,0
BRDA:201,13,0,0
BRDA:201,13,1,0
BRDA:226,14,0,0
BRDA:226,14,1,0
BRDA:238,15,0,0
BRDA:238,15,1,0
BRDA:240,16,0,0
BRDA:240,16,1,0
BRDA:253,17,0,0
BRDA:253,17,1,0
BRDA:258,18,0,0
BRDA:258,18,1,0
BRDA:278,19,0,0
BRDA:278,19,1,0
BRDA:286,20,0,0
BRDA:286,20,1,0
BRDA:309,21,0,0
BRDA:309,21,1,0
BRDA:313,22,0,0
BRDA:313,22,1,0
BRDA:327,23,0,0
BRDA:327,23,1,0
BRDA:341,24,0,0
BRDA:341,24,1,0
BRDA:345,25,0,0
BRDA:345,25,1,0
BRDA:349,26,0,0
BRDA:349,26,1,0
BRDA:358,27,0,0
BRDA:358,27,1,0
BRF:56
BRH:0
end_of_record
TN:
SF:server/enhancementService.ts
FN:49,initializeEnhancementTaskSystem
FN:62,loadEnhancementTasks
FN:76,saveEnhancementTasks
FN:92,loadInstalledSuggestions
FN:107,saveInstalledSuggestions
FN:131,markSuggestionAsInstalled
FN:143,isSuggestionInstalled
FN:151,getInstalledSuggestions
FN:158,createEnhancementImplementationTask
FN:202,getEnhancementTasks
FN:209,updateEnhancementTask
FN:213,(anonymous_11)
FN:226,generateImplementationDetails
FN:376,determinePriority
FN:404,parseEstimatedTime
FNF:15
FNH:3
FNDA:1,initializeEnhancementTaskSystem
FNDA:1,loadEnhancementTasks
FNDA:0,saveEnhancementTasks
FNDA:1,loadInstalledSuggestions
FNDA:0,saveInstalledSuggestions
FNDA:0,markSuggestionAsInstalled
FNDA:0,isSuggestionInstalled
FNDA:0,getInstalledSuggestions
FNDA:0,createEnhancementImplementationTask
FNDA:0,getEnhancementTasks
FNDA:0,updateEnhancementTask
FNDA:0,(anonymous_11)
FNDA:0,generateImplementationDetails
FNDA:0,determinePriority
FNDA:0,parseEstimatedTime
DA:31,1
DA:32,1
DA:39,1
DA:40,1
DA:50,1
DA:51,1
DA:52,1
DA:53,1
DA:55,0
DA:63,1
DA:64,1
DA:65,1
DA:68,0
DA:69,0
DA:77,0
DA:78,0
DA:84,0
DA:85,0
DA:93,1
DA:94,1
DA:95,1
DA:96,1
DA:99,0
DA:100,0
DA:108,0
DA:110,0
DA:111,0
DA:112,0
DA:114,0
DA:117,0
DA:123,0
DA:124,0
DA:135,0
DA:136,0
DA:137,0
DA:144,0
DA:145,0
DA:152,0
DA:163,0
DA:166,0
DA:170,0
DA:172,0
DA:192,0
DA:193,0
DA:195,0
DA:196,0
DA:203,0
DA:213,0
DA:214,0
DA:215,0
DA:218,0
DA:219,0
DA:220,0
DA:232,0
DA:235,0
DA:240,0
DA:260,0
DA:265,0
DA:284,0
DA:289,0
DA:308,0
DA:313,0
DA:332,0
DA:337,0
DA:356,0
DA:377,0
DA:380,0
DA:385,0
DA:389,0
DA:394,0
DA:398,0
DA:406,0
DA:407,0
DA:408,0
DA:409,0
DA:410,0
DA:411,0
DA:412,0
DA:416,0
DA:417,0
DA:418,0
DA:419,0
DA:420,0
DA:421,0
DA:426,0
LF:85
LH:15
BRDA:176,0,0,0
BRDA:176,0,1,0
BRDA:214,1,0,0
BRDA:214,1,1,0
BRDA:235,2,0,0
BRDA:235,2,1,0
BRDA:236,3,0,0
BRDA:236,3,1,0
BRDA:236,3,2,0
BRDA:260,4,0,0
BRDA:260,4,1,0
BRDA:261,5,0,0
BRDA:261,5,1,0
BRDA:261,5,2,0
BRDA:284,6,0,0
BRDA:284,6,1,0
BRDA:285,7,0,0
BRDA:285,7,1,0
BRDA:285,7,2,0
BRDA:308,8,0,0
BRDA:308,8,1,0
BRDA:309,9,0,0
BRDA:309,9,1,0
BRDA:309,9,2,0
BRDA:332,10,0,0
BRDA:332,10,1,0
BRDA:333,11,0,0
BRDA:333,11,1,0
BRDA:333,11,2,0
BRDA:380,12,0,0
BRDA:380,12,1,0
BRDA:381,13,0,0
BRDA:381,13,1,0
BRDA:381,13,2,0
BRDA:389,14,0,0
BRDA:389,14,1,0
BRDA:390,15,0,0
BRDA:390,15,1,0
BRDA:390,15,2,0
BRDA:406,16,0,0
BRDA:406,16,1,0
BRDA:408,17,0,0
BRDA:408,17,1,0
BRDA:410,18,0,0
BRDA:410,18,1,0
BRDA:416,19,0,0
BRDA:416,19,1,0
BRDA:418,20,0,0
BRDA:418,20,1,0
BRDA:420,21,0,0
BRDA:420,21,1,0
BRF:51
BRH:0
end_of_record
TN:
SF:server/externalFinanceAgent.ts
FN:57,(anonymous_0)
FN:67,(anonymous_1)
FN:115,(anonymous_2)
FN:191,(anonymous_3)
FN:217,(anonymous_4)
FN:233,(anonymous_5)
FN:259,(anonymous_6)
FN:295,(anonymous_7)
FN:322,(anonymous_8)
FN:369,(anonymous_9)
FN:393,processFinanceCommand
FN:402,getFinanceAgentStatus
FNF:12
FNH:12
FNDA:2,(anonymous_0)
FNDA:2,(anonymous_1)
FNDA:28,(anonymous_2)
FNDA:16,(anonymous_3)
FNDA:3,(anonymous_4)
FNDA:2,(anonymous_5)
FNDA:2,(anonymous_6)
FNDA:1,(anonymous_7)
FNDA:3,(anonymous_8)
FNDA:5,(anonymous_9)
FNDA:28,processFinanceCommand
FNDA:5,getFinanceAgentStatus
DA:26,2
DA:27,2
DA:30,2
DA:36,2
DA:47,2
DA:58,2
DA:59,2
DA:69,2
DA:94,2
DA:101,2
DA:118,28
DA:120,28
DA:122,28
DA:123,28
DA:125,28
DA:127,16
DA:128,16
DA:131,3
DA:132,3
DA:135,2
DA:136,2
DA:139,2
DA:140,2
DA:143,1
DA:144,1
DA:147,3
DA:148,3
DA:151,1
DA:154,27
DA:156,27
DA:167,1
DA:169,1
DA:171,1
DA:192,16
DA:193,16
DA:195,16
DA:196,5
DA:197,5
DA:198,5
DA:206,11
DA:218,3
DA:219,3
DA:221,3
DA:223,3
DA:234,2
DA:236,2
DA:238,0
DA:243,2
DA:245,2
DA:246,0
DA:249,2
DA:260,2
DA:262,2
DA:263,0
DA:267,2
DA:269,2
DA:271,2
DA:274,2
DA:282,2
DA:283,2
DA:284,2
DA:286,2
DA:296,1
DA:298,1
DA:299,0
DA:302,1
DA:304,1
DA:311,1
DA:313,1
DA:324,3
DA:325,3
DA:327,3
DA:328,9
DA:329,9
DA:337,3
DA:338,3
DA:339,3
DA:341,3
DA:342,6
DA:343,6
DA:344,6
DA:353,3
DA:375,5
DA:385,2
DA:396,28
DA:403,5
LF:86
LH:82
BRDA:125,0,0,16
BRDA:125,0,1,3
BRDA:125,0,2,2
BRDA:125,0,3,2
BRDA:125,0,4,1
BRDA:125,0,5,3
BRDA:125,0,6,1
BRDA:176,1,0,1
BRDA:176,1,1,0
BRDA:192,2,0,16
BRDA:192,2,1,0
BRDA:195,3,0,5
BRDA:195,3,1,11
BRDA:218,4,0,3
BRDA:218,4,1,0
BRDA:219,5,0,3
BRDA:219,5,1,2
BRDA:221,6,0,3
BRDA:221,6,1,0
BRDA:236,7,0,0
BRDA:236,7,1,2
BRDA:245,8,0,0
BRDA:245,8,1,2
BRDA:262,9,0,0
BRDA:262,9,1,2
BRDA:262,10,0,2
BRDA:262,10,1,2
BRDA:262,10,2,2
BRDA:262,10,3,2
BRDA:267,11,0,2
BRDA:267,11,1,0
BRDA:269,12,0,1
BRDA:269,12,1,1
BRDA:277,13,0,1
BRDA:277,13,1,1
BRDA:282,14,0,2
BRDA:282,14,1,0
BRDA:298,15,0,0
BRDA:298,15,1,1
BRDA:306,16,0,1
BRDA:306,16,1,0
BRDA:306,17,0,0
BRDA:306,17,1,0
BRDA:307,18,0,1
BRDA:307,18,1,0
BRDA:307,19,0,0
BRDA:307,19,1,0
BRDA:308,20,0,1
BRDA:308,20,1,1
BRDA:308,20,2,0
BRF:50
BRH:33
end_of_record
TN:
SF:server/fara.service.ts
FN:9,(anonymous_0)
FN:13,(anonymous_1)
FN:28,(anonymous_2)
FN:29,(anonymous_3)
FN:33,(anonymous_4)
FN:34,(anonymous_5)
FN:36,(anonymous_6)
FN:46,(anonymous_7)
FN:83,(anonymous_8)
FN:92,(anonymous_9)
FN:96,(anonymous_10)
FN:112,(anonymous_11)
FN:114,(anonymous_12)
FN:132,(anonymous_13)
FN:136,(anonymous_14)
FN:140,(anonymous_15)
FN:145,(anonymous_16)
FNF:17
FNH:0
FNDA:0,(anonymous_0)
FNDA:0,(anonymous_1)
FNDA:0,(anonymous_2)
FNDA:0,(anonymous_3)
FNDA:0,(anonymous_4)
FNDA:0,(anonymous_5)
FNDA:0,(anonymous_6)
FNDA:0,(anonymous_7)
FNDA:0,(anonymous_8)
FNDA:0,(anonymous_9)
FNDA:0,(anonymous_10)
FNDA:0,(anonymous_11)
FNDA:0,(anonymous_12)
FNDA:0,(anonymous_13)
FNDA:0,(anonymous_14)
FNDA:0,(anonymous_15)
FNDA:0,(anonymous_16)
DA:6,0
DA:7,0
DA:10,0
DA:14,0
DA:15,0
DA:22,0
DA:23,0
DA:25,0
DA:29,0
DA:30,0
DA:31,0
DA:33,0
DA:34,0
DA:36,0
DA:37,0
DA:38,0
DA:40,0
DA:47,0
DA:48,0
DA:51,0
DA:54,0
DA:55,0
DA:56,0
DA:59,0
DA:60,0
DA:62,0
DA:63,0
DA:64,0
DA:65,0
DA:66,0
DA:67,0
DA:69,0
DA:72,0
DA:73,0
DA:74,0
DA:75,0
DA:77,0
DA:83,0
DA:84,0
DA:86,0
DA:87,0
DA:88,0
DA:92,0
DA:93,0
DA:96,0
DA:97,0
DA:100,0
DA:101,0
DA:105,0
DA:107,0
DA:108,0
DA:113,0
DA:117,0
DA:118,0
DA:119,0
DA:120,0
DA:123,0
DA:124,0
DA:125,0
DA:128,0
DA:132,0
DA:133,0
DA:136,0
DA:137,0
DA:140,0
DA:141,0
DA:142,0
DA:145,0
DA:146,0
DA:147,0
DA:150,0
DA:154,0
LF:72
LH:0
BRDA:37,0,0,0
BRDA:37,0,1,0
BRDA:47,1,0,0
BRDA:47,1,1,0
BRDA:54,2,0,0
BRDA:54,2,1,0
BRDA:54,3,0,0
BRDA:54,3,1,0
BRDA:64,4,0,0
BRDA:64,4,1,0
BRDA:86,5,0,0
BRDA:86,5,1,0
BRDA:117,6,0,0
BRDA:117,6,1,0
BRF:14
BRH:0
end_of_record
TN:
SF:server/featureDiscoveryService.ts
FN:44,(anonymous_0)
FN:65,(anonymous_1)
FN:73,(anonymous_2)
FN:100,(anonymous_3)
FN:114,(anonymous_4)
FN:131,(anonymous_5)
FN:139,(anonymous_6)
FN:169,(anonymous_7)
FN:202,(anonymous_8)
FN:238,(anonymous_9)
FN:276,(anonymous_10)
FN:301,(anonymous_11)
FN:330,(anonymous_12)
FN:337,(anonymous_13)
FN:338,(anonymous_14)
FN:380,(anonymous_15)
FN:394,(anonymous_16)
FN:429,(anonymous_17)
FN:454,(anonymous_18)
FN:493,(anonymous_19)
FN:518,(anonymous_20)
FN:559,(anonymous_21)
FN:574,(anonymous_22)
FN:593,(anonymous_23)
FN:624,(anonymous_24)
FN:634,(anonymous_25)
FN:637,(anonymous_26)
FN:641,(anonymous_27)
FN:645,(anonymous_28)
FN:646,(anonymous_29)
FN:652,(anonymous_30)
FN:661,(anonymous_31)
FN:668,(anonymous_32)
FN:672,(anonymous_33)
FN:684,(anonymous_34)
FN:690,(anonymous_35)
FN:691,(anonymous_36)
FN:692,(anonymous_37)
FN:693,(anonymous_38)
FN:696,(anonymous_39)
FN:697,(anonymous_40)
FN:698,(anonymous_41)
FN:699,(anonymous_42)
FN:700,(anonymous_43)
FN:701,(anonymous_44)
FN:704,(anonymous_45)
FN:706,(anonymous_46)
FN:708,(anonymous_47)
FN:713,(anonymous_48)
FN:715,(anonymous_49)
FN:722,(anonymous_50)
FN:736,(anonymous_51)
FN:753,initializeFeatureDiscovery
FN:757,discoverFromGitHub
FN:763,discoverFromUserPatterns
FN:769,discoverFromWeb
FN:775,discoverFromYouTube
FN:781,getDiscoveredFeatures
FN:790,getTopFeatureRecommendations
FN:796,updateFeatureStatus
FN:803,getDiscoveryStatistics
FNF:61
FNH:35
FNDA:3,(anonymous_0)
FNDA:2,(anonymous_1)
FNDA:1,(anonymous_2)
FNDA:36,(anonymous_3)
FNDA:0,(anonymous_4)
FNDA:3,(anonymous_5)
FNDA:3,(anonymous_6)
FNDA:3,(anonymous_7)
FNDA:3,(anonymous_8)
FNDA:9,(anonymous_9)
FNDA:9,(anonymous_10)
FNDA:9,(anonymous_11)
FNDA:0,(anonymous_12)
FNDA:0,(anonymous_13)
FNDA:0,(anonymous_14)
FNDA:0,(anonymous_15)
FNDA:0,(anonymous_16)
FNDA:0,(anonymous_17)
FNDA:0,(anonymous_18)
FNDA:0,(anonymous_19)
FNDA:0,(anonymous_20)
FNDA:0,(anonymous_21)
FNDA:0,(anonymous_22)
FNDA:0,(anonymous_23)
FNDA:1,(anonymous_24)
FNDA:0,(anonymous_25)
FNDA:0,(anonymous_26)
FNDA:0,(anonymous_27)
FNDA:0,(anonymous_28)
FNDA:0,(anonymous_29)
FNDA:2,(anonymous_30)
FNDA:0,(anonymous_31)
FNDA:0,(anonymous_32)
FNDA:0,(anonymous_33)
FNDA:1,(anonymous_34)
FNDA:3,(anonymous_35)
FNDA:3,(anonymous_36)
FNDA:3,(anonymous_37)
FNDA:3,(anonymous_38)
FNDA:3,(anonymous_39)
FNDA:3,(anonymous_40)
FNDA:3,(anonymous_41)
FNDA:3,(anonymous_42)
FNDA:3,(anonymous_43)
FNDA:3,(anonymous_44)
FNDA:3,(anonymous_45)
FNDA:3,(anonymous_46)
FNDA:3,(anonymous_47)
FNDA:3,(anonymous_48)
FNDA:3,(anonymous_49)
FNDA:2,(anonymous_50)
FNDA:1,(anonymous_51)
FNDA:2,initializeFeatureDiscovery
FNDA:1,discoverFromGitHub
FNDA:0,discoverFromUserPatterns
FNDA:0,discoverFromWeb
FNDA:0,discoverFromYouTube
FNDA:1,getDiscoveredFeatures
FNDA:0,getTopFeatureRecommendations
FNDA:0,updateFeatureStatus
FNDA:1,getDiscoveryStatistics
DA:45,3
DA:46,3
DA:47,3
DA:52,3
DA:53,3
DA:66,2
DA:67,2
DA:74,1
DA:76,1
DA:78,1
DA:79,3
DA:81,3
DA:82,3
DA:87,3
DA:88,3
DA:91,3
DA:92,3
DA:98,1
DA:99,9
DA:101,36
DA:105,9
DA:106,9
DA:111,1
DA:112,0
DA:114,0
DA:119,1
DA:120,1
DA:122,0
DA:125,1
DA:136,3
DA:138,3
DA:139,3
DA:141,3
DA:145,0
DA:149,3
DA:159,3
DA:161,0
DA:162,0
DA:170,3
DA:171,3
DA:173,3
DA:190,3
DA:191,30
DA:192,3
DA:196,3
DA:205,3
DA:207,3
DA:209,9
DA:210,9
DA:215,9
DA:232,3
DA:242,9
DA:245,9
DA:249,9
DA:253,9
DA:258,1
DA:262,9
DA:267,0
DA:270,9
DA:277,9
DA:279,9
DA:284,1
DA:287,8
DA:292,1
DA:295,7
DA:302,9
DA:303,9
DA:305,9
DA:318,9
DA:319,90
DA:320,6
DA:324,9
DA:333,0
DA:336,0
DA:337,0
DA:338,0
DA:341,0
DA:343,0
DA:344,0
DA:360,0
DA:361,0
DA:378,0
DA:379,0
DA:380,0
DA:382,0
DA:383,0
DA:387,0
DA:388,0
DA:397,0
DA:399,0
DA:400,0
DA:402,0
DA:403,0
DA:405,0
DA:406,0
DA:408,0
DA:428,0
DA:430,0
DA:434,0
DA:435,0
DA:436,0
DA:442,0
DA:443,0
DA:445,0
DA:448,0
DA:457,0
DA:459,0
DA:460,0
DA:462,0
DA:463,0
DA:465,0
DA:466,0
DA:468,0
DA:492,0
DA:494,0
DA:498,0
DA:499,0
DA:500,0
DA:506,0
DA:507,0
DA:509,0
DA:512,0
DA:520,0
DA:525,0
DA:546,0
DA:547,0
DA:548,0
DA:553,0
DA:560,0
DA:561,0
DA:563,0
DA:564,0
DA:565,0
DA:566,0
DA:568,0
DA:578,0
DA:579,0
DA:581,0
DA:582,0
DA:583,0
DA:584,0
DA:585,0
DA:587,0
DA:594,0
DA:595,0
DA:597,0
DA:612,0
DA:613,0
DA:614,0
DA:618,0
DA:630,1
DA:632,1
DA:633,0
DA:634,0
DA:636,0
DA:637,0
DA:639,0
DA:640,0
DA:641,0
DA:644,0
DA:645,0
DA:646,0
DA:651,1
DA:653,2
DA:662,0
DA:672,0
DA:673,0
DA:674,0
DA:675,0
DA:676,0
DA:678,0
DA:685,1
DA:687,1
DA:690,3
DA:691,3
DA:692,3
DA:693,3
DA:696,3
DA:697,3
DA:698,3
DA:699,3
DA:700,3
DA:701,3
DA:704,3
DA:706,3
DA:708,3
DA:713,3
DA:715,3
DA:723,2
DA:724,2
DA:725,2
DA:726,2
DA:727,2
DA:729,0
DA:737,1
DA:738,1
DA:743,1
DA:745,0
DA:751,3
DA:754,2
DA:760,1
DA:766,0
DA:772,0
DA:778,0
DA:787,1
DA:793,0
DA:800,0
DA:804,1
LF:208
LH:99
BRDA:73,0,0,1
BRDA:85,1,0,3
BRDA:85,1,1,0
BRDA:87,2,0,3
BRDA:87,2,1,0
BRDA:101,3,0,36
BRDA:101,3,1,0
BRDA:105,4,0,9
BRDA:105,4,1,0
BRDA:111,5,0,0
BRDA:111,5,1,1
BRDA:141,6,0,0
BRDA:141,6,1,3
BRDA:142,7,0,3
BRDA:142,7,1,0
BRDA:191,8,0,3
BRDA:191,8,1,27
BRDA:245,9,0,9
BRDA:245,9,1,0
BRDA:246,10,0,9
BRDA:246,10,1,0
BRDA:253,11,0,1
BRDA:253,11,1,8
BRDA:254,12,0,9
BRDA:254,12,1,8
BRDA:254,12,2,8
BRDA:262,13,0,0
BRDA:262,13,1,9
BRDA:263,14,0,9
BRDA:263,14,1,9
BRDA:263,14,2,9
BRDA:279,15,0,1
BRDA:279,15,1,8
BRDA:280,16,0,9
BRDA:280,16,1,9
BRDA:280,16,2,8
BRDA:287,17,0,1
BRDA:287,17,1,7
BRDA:288,18,0,8
BRDA:288,18,1,7
BRDA:288,18,2,7
BRDA:319,19,0,6
BRDA:319,19,1,84
BRDA:343,20,0,0
BRDA:343,20,1,0
BRDA:360,21,0,0
BRDA:360,21,1,0
BRDA:382,22,0,0
BRDA:382,22,1,0
BRDA:395,23,0,0
BRDA:405,24,0,0
BRDA:405,24,1,0
BRDA:405,25,0,0
BRDA:405,25,1,0
BRDA:411,26,0,0
BRDA:411,26,1,0
BRDA:417,27,0,0
BRDA:417,27,1,0
BRDA:424,28,0,0
BRDA:424,28,1,0
BRDA:430,29,0,0
BRDA:430,29,1,0
BRDA:434,30,0,0
BRDA:434,30,1,0
BRDA:455,31,0,0
BRDA:465,32,0,0
BRDA:465,32,1,0
BRDA:465,33,0,0
BRDA:465,33,1,0
BRDA:471,34,0,0
BRDA:471,34,1,0
BRDA:471,34,2,0
BRDA:473,35,0,0
BRDA:473,35,1,0
BRDA:475,36,0,0
BRDA:475,36,1,0
BRDA:478,37,0,0
BRDA:478,37,1,0
BRDA:479,38,0,0
BRDA:479,38,1,0
BRDA:486,39,0,0
BRDA:486,39,1,0
BRDA:488,40,0,0
BRDA:488,40,1,0
BRDA:494,41,0,0
BRDA:494,41,1,0
BRDA:498,42,0,0
BRDA:498,42,1,0
BRDA:547,43,0,0
BRDA:547,43,1,0
BRDA:553,44,0,0
BRDA:553,44,1,0
BRDA:563,45,0,0
BRDA:563,45,1,0
BRDA:563,46,0,0
BRDA:563,46,1,0
BRDA:564,47,0,0
BRDA:564,47,1,0
BRDA:564,48,0,0
BRDA:564,48,1,0
BRDA:565,49,0,0
BRDA:565,49,1,0
BRDA:565,50,0,0
BRDA:565,50,1,0
BRDA:566,51,0,0
BRDA:566,51,1,0
BRDA:566,52,0,0
BRDA:566,52,1,0
BRDA:581,53,0,0
BRDA:581,53,1,0
BRDA:581,54,0,0
BRDA:581,54,1,0
BRDA:582,55,0,0
BRDA:582,55,1,0
BRDA:582,56,0,0
BRDA:582,56,1,0
BRDA:584,57,0,0
BRDA:584,57,1,0
BRDA:584,58,0,0
BRDA:584,58,1,0
BRDA:585,59,0,0
BRDA:585,59,1,0
BRDA:585,60,0,0
BRDA:585,60,1,0
BRDA:613,61,0,0
BRDA:613,61,1,0
BRDA:632,62,0,0
BRDA:632,62,1,1
BRDA:633,63,0,0
BRDA:633,63,1,0
BRDA:636,64,0,0
BRDA:636,64,1,0
BRDA:639,65,0,0
BRDA:639,65,1,0
BRDA:641,66,0,0
BRDA:641,66,1,0
BRDA:644,67,0,0
BRDA:644,67,1,0
BRDA:644,68,0,0
BRDA:644,68,1,0
BRDA:661,69,0,0
BRDA:673,70,0,0
BRDA:673,70,1,0
BRDA:713,71,0,1
BRDA:713,71,1,0
BRDA:726,72,0,2
BRDA:726,72,1,0
BRDA:727,73,0,2
BRDA:727,73,1,0
BRF:149
BRH:37
end_of_record
TN:
SF:server/featureFlags.ts
FN:105,parseBoolean
FN:118,getFeatureFlags
FN:262,isFeatureEnabled
FN:270,getEnabledFeatures
FN:273,(anonymous_4)
FN:274,(anonymous_5)
FN:280,getFeatureFlagsJSON
FNF:7
FNH:2
FNDA:162,parseBoolean
FNDA:3,getFeatureFlags
FNDA:0,isFeatureEnabled
FNDA:0,getEnabledFeatures
FNDA:0,(anonymous_4)
FNDA:0,(anonymous_5)
FNDA:0,getFeatureFlagsJSON
DA:109,162
DA:110,162
DA:112,0
DA:119,3
DA:263,0
DA:264,0
DA:271,0
DA:272,0
DA:273,0
DA:274,0
DA:281,0
DA:285,3
LF:12
LH:4
BRDA:109,0,0,162
BRDA:109,0,1,0
BRDA:109,1,0,162
BRDA:109,1,1,0
BRF:4
BRH:2
end_of_record
TN:
SF:server/fileStorage.ts
FN:38,(anonymous_0)
FN:45,(anonymous_1)
FN:100,(anonymous_2)
FN:131,(anonymous_3)
FN:146,(anonymous_4)
FN:147,(anonymous_5)
FN:193,(anonymous_6)
FN:198,(anonymous_7)
FN:201,(anonymous_8)
FN:205,(anonymous_9)
FN:220,(anonymous_10)
FN:236,(anonymous_11)
FN:242,(anonymous_12)
FN:246,(anonymous_13)
FN:260,(anonymous_14)
FNF:15
FNH:7
FNDA:2,(anonymous_0)
FNDA:2,(anonymous_1)
FNDA:1,(anonymous_2)
FNDA:0,(anonymous_3)
FNDA:3,(anonymous_4)
FNDA:3,(anonymous_5)
FNDA:0,(anonymous_6)
FNDA:0,(anonymous_7)
FNDA:0,(anonymous_8)
FNDA:0,(anonymous_9)
FNDA:3,(anonymous_10)
FNDA:2,(anonymous_11)
FNDA:0,(anonymous_12)
FNDA:0,(anonymous_13)
FNDA:0,(anonymous_14)
DA:12,1
DA:13,1
DA:15,1
DA:36,2
DA:39,2
DA:40,2
DA:41,2
DA:46,2
DA:50,2
DA:51,2
DA:53,0
DA:54,0
DA:55,0
DA:57,0
DA:61,2
DA:62,0
DA:65,0
DA:69,2
DA:70,2
DA:71,0
DA:74,0
DA:75,0
DA:80,2
DA:81,2
DA:83,0
DA:87,0
DA:88,0
DA:92,2
DA:93,0
DA:94,0
DA:95,0
DA:99,2
DA:100,2
DA:101,1
DA:102,1
DA:103,1
DA:107,1
DA:108,1
DA:110,0
DA:113,0
DA:120,2
DA:124,0
DA:125,0
DA:126,0
DA:132,0
DA:133,0
DA:134,0
DA:135,0
DA:136,0
DA:140,0
DA:147,3
DA:150,3
DA:152,3
DA:153,3
DA:154,3
DA:156,3
DA:159,3
DA:163,3
DA:164,3
DA:167,3
DA:169,0
DA:172,0
DA:174,0
DA:175,0
DA:178,0
DA:179,0
DA:188,3
DA:189,3
DA:190,3
DA:194,0
DA:195,0
DA:199,0
DA:200,0
DA:201,0
DA:206,0
DA:207,0
DA:208,0
DA:215,0
DA:216,0
DA:217,0
DA:221,3
DA:222,3
DA:223,3
DA:231,3
DA:232,3
DA:233,3
DA:237,2
DA:238,2
DA:239,2
DA:240,2
DA:241,0
DA:242,0
DA:246,2
DA:248,0
DA:250,0
DA:251,0
DA:254,0
DA:256,0
DA:261,0
DA:262,0
LF:100
LH:48
BRDA:53,0,0,0
BRDA:53,0,1,0
BRDA:61,1,0,0
BRDA:61,1,1,2
BRDA:61,2,0,2
BRDA:61,2,1,2
BRDA:70,3,0,0
BRDA:70,3,1,2
BRDA:70,4,0,2
BRDA:70,4,1,0
BRDA:85,5,0,0
BRDA:85,5,1,0
BRDA:92,6,0,0
BRDA:92,6,1,2
BRDA:102,7,0,1
BRDA:102,7,1,0
BRDA:102,8,0,1
BRDA:102,8,1,1
BRDA:102,8,2,1
BRDA:102,8,3,1
BRDA:105,9,0,1
BRDA:105,9,1,0
BRDA:115,10,0,0
BRDA:115,10,1,0
BRDA:164,11,0,3
BRDA:164,11,1,0
BRDA:178,12,0,0
BRDA:178,12,1,0
BRDA:213,13,0,0
BRDA:213,13,1,0
BRDA:227,14,0,3
BRDA:227,14,1,3
BRDA:228,15,0,3
BRDA:228,15,1,3
BRDA:229,16,0,3
BRDA:229,16,1,0
BRDA:240,17,0,0
BRDA:240,17,1,2
BRDA:242,18,0,0
BRDA:242,18,1,0
BRDA:248,19,0,0
BRDA:248,19,1,0
BRDA:250,20,0,0
BRDA:250,20,1,0
BRF:44
BRH:19
end_of_record
TN:
SF:server/gemini.ts
FN:11,analyzeVideo
FN:98,generateVideoInsights
FN:131,parseCalendarCommand
FNF:3
FNH:0
FNDA:0,analyzeVideo
FNDA:0,generateVideoInsights
FNDA:0,parseCalendarCommand
DA:9,4
DA:21,0
DA:22,0
DA:41,0
DA:78,0
DA:80,0
DA:81,0
DA:82,0
DA:90,0
DA:93,0
DA:94,0
DA:105,0
DA:106,0
DA:116,0
DA:121,0
DA:126,0
DA:127,0
DA:134,0
DA:135,0
DA:148,0
DA:165,0
DA:167,0
DA:168,0
DA:170,0
DA:173,0
DA:174,0
LF:26
LH:1
BRDA:9,0,0,4
BRDA:9,0,1,0
BRDA:80,1,0,0
BRDA:80,1,1,0
BRDA:83,2,0,0
BRDA:83,2,1,0
BRDA:84,3,0,0
BRDA:84,3,1,0
BRDA:85,4,0,0
BRDA:85,4,1,0
BRDA:86,5,0,0
BRDA:86,5,1,0
BRDA:87,6,0,0
BRDA:87,6,1,0
BRDA:122,7,0,0
BRDA:122,7,1,0
BRDA:167,8,0,0
BRDA:167,8,1,0
BRF:18
BRH:1
end_of_record
TN:
SF:server/geminiImageService.ts
FN:17,generateImageWithGemini
FN:57,(anonymous_1)
FN:141,extractImagePrompt
FN:169,formatImageResponse
FNF:4
FNH:0
FNDA:0,generateImageWithGemini
FNDA:0,(anonymous_1)
FNDA:0,extractImagePrompt
FNDA:0,formatImageResponse
DA:6,0
DA:20,0
DA:24,0
DA:31,0
DA:33,0
DA:56,0
DA:57,0
DA:58,0
DA:64,0
DA:70,0
DA:72,0
DA:73,0
DA:74,0
DA:80,0
DA:87,0
DA:89,0
DA:92,0
DA:93,0
DA:96,0
DA:99,0
DA:100,0
DA:106,0
DA:107,0
DA:110,0
DA:111,0
DA:112,0
DA:119,0
DA:120,0
DA:127,0
DA:128,0
DA:142,0
DA:145,0
DA:156,0
DA:157,0
DA:158,0
DA:159,0
DA:163,0
DA:175,0
DA:176,0
DA:178,0
LF:40
LH:0
BRDA:20,0,0,0
BRDA:20,0,1,0
BRDA:21,1,0,0
BRDA:21,1,1,0
BRDA:38,2,0,0
BRDA:38,2,1,0
BRDA:56,3,0,0
BRDA:56,3,1,0
BRDA:66,4,0,0
BRDA:66,4,1,0
BRDA:72,5,0,0
BRDA:72,5,1,0
BRDA:72,6,0,0
BRDA:72,6,1,0
BRDA:72,6,2,0
BRDA:87,7,0,0
BRDA:87,7,1,0
BRDA:92,8,0,0
BRDA:92,8,1,0
BRDA:92,9,0,0
BRDA:92,9,1,0
BRDA:99,10,0,0
BRDA:99,10,1,0
BRDA:99,11,0,0
BRDA:99,11,1,0
BRDA:106,12,0,0
BRDA:106,12,1,0
BRDA:106,13,0,0
BRDA:106,13,1,0
BRDA:106,13,2,0
BRDA:110,14,0,0
BRDA:110,14,1,0
BRDA:131,15,0,0
BRDA:131,15,1,0
BRDA:158,16,0,0
BRDA:158,16,1,0
BRDA:158,17,0,0
BRDA:158,17,1,0
BRDA:175,18,0,0
BRDA:175,18,1,0
BRDA:175,19,0,0
BRDA:175,19,1,0
BRDA:178,20,0,0
BRDA:178,20,1,0
BRF:44
BRH:0
end_of_record
TN:
SF:server/geminiService.ts
FN:36,generateGeminiResponse
FNF:1
FNH:0
FNDA:0,generateGeminiResponse
DA:17,8
DA:40,0
DA:41,0
DA:42,0
DA:49,0
DA:51,0
DA:57,0
DA:60,0
DA:61,0
DA:66,0
DA:70,0
DA:71,0
DA:72,0
DA:74,0
DA:75,0
DA:77,0
DA:81,0
DA:82,0
DA:85,0
DA:87,0
DA:98,0
DA:99,0
DA:100,0
DA:105,0
DA:106,0
DA:114,0
DA:116,0
DA:122,0
DA:123,0
LF:29
LH:1
BRDA:41,0,0,0
BRDA:41,0,1,0
BRDA:41,1,0,0
BRDA:41,1,1,0
BRDA:66,2,0,0
BRDA:66,2,1,0
BRDA:70,3,0,0
BRDA:70,3,1,0
BRDA:74,4,0,0
BRDA:74,4,1,0
BRDA:82,5,0,0
BRDA:82,5,1,0
BRDA:85,6,0,0
BRDA:85,6,1,0
BRDA:85,7,0,0
BRDA:85,7,1,0
BRDA:105,8,0,0
BRDA:105,8,1,0
BRDA:105,9,0,0
BRDA:105,9,1,0
BRDA:127,10,0,0
BRDA:127,10,1,0
BRF:22
BRH:0
end_of_record
TN:
SF:server/geminiToolService.ts
FN:131,executeToolCallsInParallel
FN:143,(anonymous_1)
FN:197,executeToolCall
FN:241,mapToolToAction
FN:259,generateGeminiChatWithTools
FN:352,detectMultipleToolNeeds
FN:361,(anonymous_6)
FN:367,buildMessagesWithToolContext
FN:372,(anonymous_8)
FN:378,(anonymous_9)
FN:388,detectToolCalls
FN:458,generateResponseWithToolResults
FN:465,(anonymous_12)
[...]
FN:72,(anonymous_4)
FN:86,(anonymous_5)
FN:95,(anonymous_6)
FN:108,(anonymous_7)
FN:131,(anonymous_8)
FN:132,(anonymous_9)
FN:142,(anonymous_10)
FN:158,(anonymous_11)
FN:166,(anonymous_12)
FN:174,(anonymous_13)
FN:183,(anonymous_14)
FN:192,(anonymous_15)
FNF:16
FNH:4
FNDA:16,registerAgentRoutes
FNDA:1,(anonymous_1)
FNDA:0,(anonymous_2)
FNDA:0,(anonymous_3)
FNDA:0,(anonymous_4)
FNDA:0,(anonymous_5)
FNDA:0,(anonymous_6)
FNDA:0,(anonymous_7)
FNDA:0,(anonymous_8)
FNDA:0,(anonymous_9)
FNDA:6,(anonymous_10)
FNDA:1,(anonymous_11)
FNDA:0,(anonymous_12)
FNDA:0,(anonymous_13)
FNDA:0,(anonymous_14)
FNDA:0,(anonymous_15)
DA:25,16
DA:28,16
DA:31,1
DA:32,1
DA:33,0
DA:36,1
DA:48,1
DA:49,1
DA:53,16
DA:56,0
DA:57,0
DA:61,16
DA:64,0
DA:65,0
DA:66,0
DA:70,16
DA:73,0
DA:74,0
DA:76,0
DA:77,0
DA:80,0
DA:81,0
DA:86,0
DA:87,0
DA:89,0
DA:93,16
DA:96,0
DA:97,0
DA:101,0
DA:102,0
DA:106,16
DA:109,0
DA:110,0
DA:112,0
DA:116,0
DA:117,0
DA:125,0
DA:129,16
DA:132,0
DA:136,0
DA:140,16
DA:143,6
DA:144,6
DA:146,6
DA:147,0
DA:150,6
DA:151,1
DA:156,16
DA:159,1
DA:160,1
DA:164,16
DA:167,0
DA:168,0
DA:172,16
DA:175,0
DA:176,0
DA:177,0
DA:181,16
DA:184,0
DA:185,0
DA:186,0
DA:190,16
DA:193,0
DA:194,0
DA:195,0
DA:200,16
LF:66
LH:27
BRDA:32,0,0,0
BRDA:32,0,1,1
BRDA:32,1,0,1
BRDA:32,1,1,1
BRDA:38,2,0,1
BRDA:38,2,1,1
BRDA:41,3,0,1
BRDA:41,3,1,1
BRDA:42,4,0,1
BRDA:42,4,1,1
BRDA:65,5,0,0
BRDA:65,5,1,0
BRDA:74,6,0,0
BRDA:74,6,1,0
BRDA:76,7,0,0
BRDA:76,7,1,0
BRDA:80,8,0,0
BRDA:80,8,1,0
BRDA:80,9,0,0
BRDA:80,9,1,0
BRDA:96,10,0,0
BRDA:96,10,1,0
BRDA:101,11,0,0
BRDA:101,11,1,0
BRDA:110,12,0,0
BRDA:110,12,1,0
BRDA:146,13,0,0
BRDA:146,13,1,6
BRDA:176,14,0,0
BRDA:176,14,1,0
BRDA:185,15,0,0
BRDA:185,15,1,0
BRDA:193,16,0,0
BRDA:193,16,1,0
BRF:34
BRH:10
end_of_record
TN:
SF:server/routes/auth.routes.ts
FN:12,registerAuthRoutes
FN:16,(anonymous_1)
FN:44,(anonymous_2)
FN:82,(anonymous_3)
FN:102,(anonymous_4)
FNF:5
FNH:5
FNDA:20,registerAuthRoutes
FNDA:2,(anonymous_1)
FNDA:2,(anonymous_2)
FNDA:1,(anonymous_3)
FNDA:2,(anonymous_4)
DA:13,20
DA:16,20
DA:17,2
DA:18,2
DA:20,2
DA:21,1
DA:27,1
DA:29,1
DA:30,0
DA:33,1
DA:35,0
DA:36,0
DA:44,20
DA:45,2
DA:46,2
DA:48,2
DA:49,0
DA:55,2
DA:57,2
DA:58,1
DA:62,1
DA:68,1
DA:73,0
DA:74,0
DA:82,20
DA:83,1
DA:84,1
DA:86,1
DA:87,1
DA:90,1
DA:91,1
DA:93,0
DA:94,0
DA:102,20
DA:103,2
DA:104,2
DA:106,2
DA:107,1
DA:110,1
DA:112,1
DA:113,0
DA:114,0
DA:117,1
DA:122,0
DA:123,0
DA:128,20
LF:46
LH:34
BRDA:20,0,0,1
BRDA:20,0,1,1
BRDA:20,1,0,2
BRDA:20,1,1,2
BRDA:20,1,2,1
BRDA:29,2,0,0
BRDA:29,2,1,1
BRDA:48,3,0,0
BRDA:48,3,1,2
BRDA:48,4,0,2
BRDA:48,4,1,2
BRDA:57,5,0,1
BRDA:57,5,1,1
BRDA:86,6,0,1
BRDA:86,6,1,0
BRDA:106,7,0,1
BRDA:106,7,1,1
BRDA:112,8,0,0
BRDA:112,8,1,1
BRF:19
BRH:15
end_of_record
TN:
SF:server/routes/chat.routes.ts
FN:25,registerChatRoutes
FN:31,(anonymous_1)
FN:51,(anonymous_2)
FN:97,(anonymous_3)
FN:155,(anonymous_4)
FNF:5
FNH:4
FNDA:17,registerChatRoutes
FNDA:2,(anonymous_1)
FNDA:0,(anonymous_2)
FNDA:1,(anonymous_3)
FNDA:69,(anonymous_4)
DA:26,17
DA:29,17
DA:32,2
DA:34,2
DA:35,1
DA:38,1
DA:39,1
DA:40,0
DA:43,1
DA:44,1
DA:49,17
DA:52,0
DA:53,0
DA:55,0
DA:56,0
DA:61,0
DA:69,0
DA:70,0
DA:76,0
DA:77,0
DA:80,0
DA:81,0
DA:82,0
DA:85,0
DA:89,0
DA:94,17
DA:98,1
DA:100,1
DA:101,1
DA:107,0
DA:108,0
DA:111,0
DA:112,0
DA:113,0
DA:117,0
DA:119,0
DA:131,0
DA:132,0
DA:135,0
DA:136,0
DA:145,0
DA:153,17
DA:156,69
DA:157,69
DA:160,69
DA:161,0
DA:162,0
DA:167,0
DA:168,0
DA:169,0
DA:171,0
DA:175,69
DA:180,1
DA:183,68
DA:185,68
DA:186,68
DA:187,68
DA:188,0
DA:189,0
DA:190,0
DA:194,3
DA:195,3
DA:200,69
DA:201,3
DA:207,69
DA:208,0
DA:215,3
DA:225,3
DA:234,17
LF:69
LH:32
BRDA:34,0,0,1
BRDA:34,0,1,1
BRDA:39,1,0,0
BRDA:39,1,1,1
BRDA:39,2,0,1
BRDA:39,2,1,1
BRDA:55,3,0,0
BRDA:55,3,1,0
BRDA:69,4,0,0
BRDA:69,4,1,0
BRDA:76,5,0,0
BRDA:76,5,1,0
BRDA:81,6,0,0
BRDA:81,6,1,0
BRDA:81,7,0,0
BRDA:81,7,1,0
BRDA:100,8,0,1
BRDA:100,8,1,0
BRDA:107,9,0,0
BRDA:107,9,1,0
BRDA:131,10,0,0
BRDA:131,10,1,0
BRDA:160,11,0,0
BRDA:160,11,1,69
BRDA:160,12,0,69
BRDA:160,12,1,0
BRDA:167,13,0,0
BRDA:167,13,1,0
BRDA:175,14,0,1
BRDA:175,14,1,68
BRDA:176,15,0,69
BRDA:176,15,1,68
BRDA:176,15,2,68
BRDA:187,16,0,0
BRDA:187,16,1,68
BRDA:189,17,0,0
BRDA:189,17,1,0
BRDA:189,18,0,0
BRDA:189,18,1,0
BRDA:190,19,0,0
BRDA:190,19,1,0
BRDA:195,20,0,0
BRDA:195,20,1,3
BRDA:204,21,0,3
BRDA:204,21,1,0
BRDA:207,22,0,0
BRDA:207,22,1,69
BRF:47
BRH:17
end_of_record
TN:
SF:server/routes/google-tts.routes.ts
FN:7,registerGoogleTtsRoutes
FN:12,(anonymous_1)
FNF:2
FNH:1
FNDA:13,registerGoogleTtsRoutes
FNDA:0,(anonymous_1)
DA:8,13
DA:10,13
DA:13,0
DA:15,0
DA:16,0
DA:19,0
DA:21,0
DA:22,0
DA:28,0
DA:29,0
DA:37,0
DA:38,0
DA:43,0
DA:44,0
DA:45,0
DA:49,13
LF:16
LH:3
BRDA:15,0,0,0
BRDA:15,0,1,0
BRDA:21,1,0,0
BRDA:21,1,1,0
BRDA:37,2,0,0
BRDA:37,2,1,0
BRF:6
BRH:0
end_of_record
TN:
SF:server/routes/google.routes.ts
FN:9,registerGoogleRoutes
FN:12,(anonymous_1)
FN:20,(anonymous_2)
FN:82,(anonymous_3)
FNF:4
FNH:1
FNDA:13,registerGoogleRoutes
FNDA:0,(anonymous_1)
FNDA:0,(anonymous_2)
FNDA:0,(anonymous_3)
DA:10,13
DA:12,13
DA:13,0
DA:14,0
DA:15,0
DA:18,13
DA:21,0
DA:22,0
DA:24,0
DA:26,0
DA:29,0
DA:32,0
DA:39,0
DA:40,0
DA:43,0
DA:46,0
DA:52,0
DA:53,0
DA:57,0
DA:58,0
DA:68,0
DA:74,0
DA:76,0
DA:77,0
DA:82,13
DA:83,0
DA:87,13
LF:27
LH:5
BRDA:14,0,0,0
BRDA:14,0,1,0
BRDA:22,1,0,0
BRDA:22,1,1,0
BRDA:39,2,0,0
BRDA:39,2,1,0
BRDA:49,3,0,0
BRDA:49,3,1,0
BRDA:52,4,0,0
BRDA:52,4,1,0
BRDA:52,5,0,0
BRDA:52,5,1,0
BRDA:53,6,0,0
BRDA:53,6,1,0
BRDA:57,7,0,0
BRDA:57,7,1,0
BRF:16
BRH:0
end_of_record
TN:
SF:server/routes/index.ts
FN:19,registerModularRoutes
FNF:1
FNH:1
FNDA:13,registerModularRoutes
DA:21,13
DA:24,13
DA:27,13
DA:30,13
DA:33,13
DA:36,13
DA:37,13
DA:40,13
DA:41,13
DA:42,13
DA:43,13
DA:44,13
DA:47,13
DA:49,13
LF:14
LH:14
BRF:0
BRH:0
end_of_record
TN:
SF:server/routes/media.routes.ts
FN:21,registerMediaRoutes
FN:28,(anonymous_1)
FN:49,(anonymous_2)
FN:62,(anonymous_3)
FN:84,(anonymous_4)
FN:109,(anonymous_5)
FN:120,(anonymous_6)
FN:149,(anonymous_7)
FN:186,(anonymous_8)
FN:194,(anonymous_9)
FN:195,(anonymous_10)
FNF:11
FNH:3
FNDA:16,registerMediaRoutes
FNDA:0,(anonymous_1)
FNDA:2,(anonymous_2)
FNDA:0,(anonymous_3)
FNDA:0,(anonymous_4)
FNDA:0,(anonymous_5)
FNDA:0,(anonymous_6)
FNDA:0,(anonymous_7)
FNDA:1,(anonymous_8)
FNDA:0,(anonymous_9)
FNDA:0,(anonymous_10)
DA:22,16
DA:25,16
DA:29,0
DA:30,0
DA:33,0
DA:34,0
DA:36,0
DA:37,0
DA:39,0
DA:47,16
DA:50,2
DA:52,2
DA:53,0
DA:56,2
DA:57,1
DA:61,1
DA:63,0
DA:71,1
DA:73,1
DA:82,16
DA:85,0
DA:87,0
DA:88,0
DA:94,0
DA:95,0
DA:97,0
DA:107,16
DA:110,0
DA:111,0
DA:113,0
DA:118,16
DA:121,0
DA:122,0
DA:123,0
DA:127,0
DA:128,0
DA:130,0
DA:133,0
DA:147,16
DA:150,0
DA:151,0
DA:153,0
DA:160,0
DA:161,0
DA:166,0
DA:168,0
DA:169,0
DA:176,0
DA:184,16
DA:187,1
DA:188,1
DA:192,16
DA:195,0
DA:196,0
DA:198,0
DA:203,16
LF:56
LH:19
BRDA:29,0,0,0
BRDA:29,0,1,0
BRDA:52,1,0,0
BRDA:52,1,1,2
BRDA:56,2,0,1
BRDA:56,2,1,1
BRDA:87,3,0,0
BRDA:87,3,1,0
BRDA:87,4,0,0
BRDA:87,4,1,0
BRDA:122,5,0,0
BRDA:122,5,1,0
BRDA:127,6,0,0
BRDA:127,6,1,0
BRDA:160,7,0,0
BRDA:160,7,1,0
BRDA:168,8,0,0
BRDA:168,8,1,0
BRDA:178,9,0,0
BRDA:178,9,1,0
BRF:20
BRH:3
end_of_record
TN:
SF:server/routes/memory.routes.ts
FN:38,registerMemoryRoutes
FN:44,(anonymous_1)
FN:55,(anonymous_2)
FN:72,(anonymous_3)
FN:182,(anonymous_4)
FN:187,(anonymous_5)
FN:197,(anonymous_6)
FN:208,(anonymous_7)
FN:222,(anonymous_8)
FN:231,(anonymous_9)
FN:239,(anonymous_10)
FN:268,(anonymous_11)
FNF:12
FNH:3
FNDA:15,registerMemoryRoutes
FNDA:1,(anonymous_1)
FNDA:0,(anonymous_2)
FNDA:0,(anonymous_3)
FNDA:0,(anonymous_4)
FNDA:0,(anonymous_5)
FNDA:0,(anonymous_6)
FNDA:0,(anonymous_7)
FNDA:1,(anonymous_8)
FNDA:0,(anonymous_9)
FNDA:0,(anonymous_10)
FNDA:0,(anonymous_11)
DA:39,15
DA:42,15
DA:45,1
DA:46,1
DA:48,1
DA:49,1
DA:52,0
DA:53,0
DA:54,0
DA:55,0
DA:61,0
DA:65,0
DA:70,15
DA:78,0
DA:80,0
DA:84,0
DA:85,0
DA:87,0
DA:88,0
DA:91,0
DA:95,0
DA:96,0
DA:98,0
DA:99,0
DA:100,0
DA:101,0
DA:108,0
DA:113,0
DA:114,0
DA:115,0
DA:116,0
DA:117,0
DA:126,0
DA:131,0
DA:132,0
DA:139,0
DA:145,0
DA:151,0
DA:152,0
DA:153,0
DA:162,0
DA:171,0
DA:174,0
DA:180,15
DA:183,0
DA:184,0
DA:185,0
DA:188,0
DA:191,0
DA:195,15
DA:198,0
DA:199,0
DA:200,0
DA:201,0
DA:202,0
DA:206,15
DA:209,0
DA:210,0
DA:211,0
DA:212,0
DA:214,0
DA:215,0
DA:220,15
DA:223,1
DA:224,1
DA:229,15
DA:232,0
DA:233,0
DA:237,15
DA:240,0
DA:241,0
DA:250,0
DA:252,0
DA:253,0
DA:254,0
DA:256,0
DA:266,15
DA:269,0
DA:270,0
DA:271,0
DA:272,0
DA:273,0
DA:274,0
DA:276,0
DA:293,15
LF:85
LH:17
BRDA:45,0,0,1
BRDA:45,0,1,1
BRDA:48,1,0,1
BRDA:48,1,1,0
BRDA:48,2,0,1
BRDA:48,2,1,1
BRDA:54,3,0,0
BRDA:54,3,1,0
BRDA:54,4,0,0
BRDA:54,4,1,0
BRDA:54,4,2,0
BRDA:58,5,0,0
BRDA:58,5,1,0
BRDA:80,6,0,0
BRDA:80,6,1,0
BRDA:80,7,0,0
BRDA:80,7,1,0
BRDA:87,8,0,0
BRDA:87,8,1,0
BRDA:96,9,0,0
BRDA:96,9,1,0
BRDA:100,10,0,0
BRDA:100,10,1,0
BRDA:100,11,0,0
BRDA:100,11,1,0
BRDA:114,12,0,0
BRDA:114,12,1,0
BRDA:116,13,0,0
BRDA:116,13,1,0
BRDA:131,14,0,0
BRDA:131,14,1,0
BRDA:137,15,0,0
BRDA:137,15,1,0
BRDA:183,16,0,0
BRDA:183,16,1,0
BRDA:199,17,0,0
BRDA:199,17,1,0
BRDA:210,18,0,0
BRDA:210,18,1,0
BRDA:223,19,0,1
BRDA:223,19,1,1
BRDA:281,20,0,0
BRDA:281,20,1,0
BRDA:284,21,0,0
BRDA:284,21,1,0
BRF:45
BRH:7
end_of_record
TN:
SF:server/routes/merch.routes.ts
FN:5,registerMerchRoutes
FN:11,(anonymous_1)
FN:20,(anonymous_2)
FNF:3
FNH:3
FNDA:17,registerMerchRoutes
FNDA:1,(anonymous_1)
FNDA:3,(anonymous_2)
DA:6,17
DA:9,17
DA:12,1
DA:13,1
DA:18,17
DA:21,3
DA:23,3
DA:24,1
DA:28,2
DA:29,3
DA:31,1
DA:36,17
LF:12
LH:12
BRDA:23,0,0,1
BRDA:23,0,1,2
BRDA:28,1,0,2
BRDA:28,1,1,2
BRF:4
BRH:4
end_of_record
TN:
SF:server/routes/monitoring.routes.ts
FN:11,registerMonitoringRoutes
FN:17,(anonymous_1)
FN:26,(anonymous_2)
FN:36,(anonymous_3)
FN:50,(anonymous_4)
FNF:5
FNH:3
FNDA:15,registerMonitoringRoutes
FNDA:1,(anonymous_1)
FNDA:1,(anonymous_2)
FNDA:0,(anonymous_3)
FNDA:0,(anonymous_4)
DA:12,15
DA:15,15
DA:18,1
DA:19,1
DA:24,15
DA:27,1
DA:28,1
DA:29,1
DA:34,15
DA:37,0
DA:48,15
DA:51,0
DA:52,0
DA:57,15
LF:14
LH:11
BRF:0
BRH:0
end_of_record
TN:
SF:server/routes/personalTask.routes.ts
FN:13,registerPersonalTaskRoutes
FN:18,(anonymous_1)
FN:26,(anonymous_2)
FN:34,(anonymous_3)
FN:42,(anonymous_4)
FNF:5
FNH:1
FNDA:13,registerPersonalTaskRoutes
FNDA:0,(anonymous_1)
FNDA:0,(anonymous_2)
FNDA:0,(anonymous_3)
FNDA:0,(anonymous_4)
DA:14,13
DA:16,13
DA:19,0
DA:20,0
DA:24,13
DA:27,0
DA:28,0
DA:32,13
DA:35,0
DA:36,0
DA:40,13
DA:43,0
DA:44,0
DA:45,0
DA:50,13
LF:15
LH:6
BRDA:43,0,0,0
BRDA:43,0,1,0
BRF:2
BRH:0
end_of_record
TN:
SF:server/routes/sandbox.routes.ts
FN:12,registerSandboxRoutes
FN:17,(anonymous_1)
FN:25,(anonymous_2)
FN:33,(anonymous_3)
FNF:4
FNH:1
FNDA:13,registerSandboxRoutes
FNDA:0,(anonymous_1)
FNDA:0,(anonymous_2)
FNDA:0,(anonymous_3)
DA:13,13
DA:15,13
DA:18,0
DA:19,0
DA:23,13
DA:27,0
DA:31,13
DA:34,0
DA:35,0
DA:40,0
DA:45,13
LF:11
LH:5
BRDA:34,0,0,0
BRDA:34,0,1,0
BRF:2
BRH:0
end_of_record
TN:
SF:server/routes/system.routes.ts
FN:20,registerSystemRoutes
FN:26,(anonymous_1)
FN:33,(anonymous_2)
FN:37,(anonymous_3)
FN:78,(anonymous_4)
FN:86,(anonymous_5)
FN:99,(anonymous_6)
FN:108,(anonymous_7)
FN:117,(anonymous_8)
FN:125,(anonymous_9)
FN:137,(anonymous_10)
FN:144,(anonymous_11)
FNF:12
FNH:3
FNDA:15,registerSystemRoutes
FNDA:1,(anonymous_1)
FNDA:0,(anonymous_2)
FNDA:0,(anonymous_3)
FNDA:0,(anonymous_4)
FNDA:0,(anonymous_5)
FNDA:0,(anonymous_6)
FNDA:0,(anonymous_7)
FNDA:1,(anonymous_8)
FNDA:0,(anonymous_9)
FNDA:0,(anonymous_10)
FNDA:0,(anonymous_11)
DA:21,15
DA:24,15
DA:27,1
DA:28,1
DA:29,1
DA:30,1
DA:32,1
DA:33,0
DA:35,1
DA:36,1
DA:37,0
DA:41,1
DA:42,1
DA:43,0
DA:44,1
DA:49,0
DA:52,1
DA:76,15
DA:79,0
DA:80,0
DA:84,15
DA:87,0
DA:88,0
DA:97,15
DA:100,0
DA:101,0
DA:106,15
DA:109,0
DA:110,0
DA:115,15
DA:118,1
DA:119,1
DA:123,15
DA:126,0
DA:127,0
DA:135,15
DA:138,0
DA:139,0
DA:141,0
DA:142,0
DA:143,0
DA:144,0
DA:148,0
DA:153,15
LF:44
LH:23
BRDA:37,0,0,0
BRDA:37,0,1,0
BRDA:42,1,0,0
BRDA:42,1,1,1
BRDA:42,2,0,1
BRDA:42,2,1,1
BRDA:44,3,0,0
BRDA:44,3,1,1
BRDA:45,4,0,1
BRDA:45,4,1,1
BRDA:45,4,2,1
BRDA:142,5,0,0
BRDA:142,5,1,0
BRDA:142,6,0,0
BRDA:142,6,1,0
BRF:15
BRH:7
end_of_record
TN:
SF:server/routes/tts.routes.ts
FN:12,registerTTSRoutes
FN:21,(anonymous_1)
FN:52,(anonymous_2)
FNF:3
FNH:1
FNDA:13,registerTTSRoutes
FNDA:0,(anonymous_1)
FNDA:0,(anonymous_2)
DA:13,13
DA:19,13
DA:22,0
DA:24,0
DA:25,0
DA:29,0
DA:31,0
DA:32,0
DA:38,0
DA:49,13
DA:53,0
DA:54,0
DA:62,13
LF:13
LH:4
BRDA:24,0,0,0
BRDA:24,0,1,0
BRDA:31,1,0,0
BRDA:31,1,1,0
BRF:4
BRH:0
end_of_record
TN:
SF:server/services/chatOrchestrator.service.ts
FN:64,validateAndSanitizePrompt
FN:81,canDiscussDev
FN:104,(anonymous_2)
FN:113,analyzeMessage
FN:147,(anonymous_4)
FN:150,(anonymous_5)
FN:179,(anonymous_6)
FN:180,(anonymous_7)
FN:189,analyzeKeywordTriggers
FN:256,(anonymous_9)
FN:272,generateIntelligentFallback
FN:283,(anonymous_11)
FN:285,(anonymous_12)
FN:290,(anonymous_13)
FN:342,generateImageAnalysisFallback
FN:357,generateAIResponse
FN:381,(anonymous_16)
FN:436,(anonymous_17)
FN:626,generateFollowUpMessages
FN:639,generateProactiveRepositoryMessage
FN:652,shouldMillaRespond
FNF:21
FNH:1
FNDA:65,validateAndSanitizePrompt
FNDA:0,canDiscussDev
FNDA:0,(anonymous_2)
FNDA:0,analyzeMessage
FNDA:0,(anonymous_4)
FNDA:0,(anonymous_5)
FNDA:0,(anonymous_6)
FNDA:0,(anonymous_7)
FNDA:0,analyzeKeywordTriggers
FNDA:0,(anonymous_9)
FNDA:0,generateIntelligentFallback
FNDA:0,(anonymous_11)
FNDA:0,(anonymous_12)
FNDA:0,(anonymous_13)
FNDA:0,generateImageAnalysisFallback
FNDA:0,generateAIResponse
FNDA:0,(anonymous_16)
FNDA:0,(anonymous_17)
FNDA:0,generateFollowUpMessages
FNDA:0,generateProactiveRepositoryMessage
FNDA:0,shouldMillaRespond
DA:43,2
DA:44,2
DA:59,2
DA:65,65
DA:66,0
DA:69,65
DA:70,0
DA:75,65
DA:82,0
DA:84,0
DA:85,0
DA:88,0
DA:89,0
DA:90,0
DA:104,0
DA:107,0
DA:114,0
DA:116,0
DA:130,0
DA:147,0
DA:148,0
DA:150,0
DA:151,0
DA:154,0
DA:155,0
DA:156,0
DA:158,0
DA:168,0
DA:178,0
DA:179,0
DA:180,0
DA:181,0
DA:183,0
DA:190,0
DA:191,0
DA:194,0
DA:196,0
DA:255,0
DA:256,0
DA:257,0
DA:266,0
DA:278,0
DA:279,0
DA:280,0
DA:281,0
DA:283,0
DA:284,0
DA:286,0
DA:287,0
DA:290,0
DA:294,0
DA:295,0
DA:299,0
DA:300,0
DA:303,0
DA:308,0
DA:311,0
DA:313,0
DA:319,0
DA:324,0
DA:325,0
DA:327,0
DA:330,0
DA:331,0
DA:332,0
DA:333,0
DA:336,0
DA:344,0
DA:347,0
DA:348,0
DA:351,0
DA:369,0
DA:370,0
DA:372,0
DA:379,0
DA:381,0
DA:385,0
DA:389,0
DA:390,0
DA:391,0
DA:392,0
DA:394,0
DA:395,0
DA:400,0
DA:401,0
DA:402,0
DA:403,0
DA:407,0
DA:408,0
DA:410,0
DA:416,0
DA:420,0
DA:421,0
DA:428,0
DA:431,0
DA:432,0
DA:433,0
DA:434,0
DA:435,0
DA:437,0
DA:442,0
DA:445,0
DA:446,0
DA:451,0
DA:452,0
DA:459,0
DA:464,0
DA:465,0
DA:470,0
DA:471,0
DA:472,0
DA:473,0
DA:474,0
DA:475,0
DA:476,0
DA:477,0
DA:480,0
DA:481,0
DA:485,0
DA:486,0
DA:487,0
DA:492,0
DA:493,0
DA:494,0
DA:501,0
DA:506,0
DA:507,0
DA:513,0
DA:514,0
DA:515,0
DA:518,0
DA:519,0
DA:529,0
DA:534,0
DA:537,0
DA:538,0
DA:539,0
DA:540,0
DA:541,0
DA:542,0
DA:546,0
DA:551,0
DA:552,0
DA:553,0
DA:554,0
DA:556,0
DA:561,0
DA:562,0
DA:563,0
DA:564,0
DA:565,0
DA:567,0
DA:568,0
DA:569,0
DA:575,0
DA:577,0
DA:578,0
DA:579,0
DA:582,0
DA:585,0
DA:586,0
DA:589,0
DA:593,0
DA:607,0
DA:608,0
DA:614,0
DA:620,0
DA:633,0
DA:643,0
DA:644,0
DA:646,0
DA:657,0
LF:172
LH:6
BRDA:65,0,0,0
BRDA:65,0,1,65
BRDA:65,1,0,65
BRDA:65,1,1,65
BRDA:69,2,0,0
BRDA:69,2,1,65
BRDA:84,3,0,0
BRDA:84,3,1,0
BRDA:88,4,0,0
BRDA:88,4,1,0
BRDA:155,5,0,0
BRDA:155,5,1,0
BRDA:155,6,0,0
BRDA:155,6,1,0
BRDA:179,7,0,0
BRDA:179,7,1,0
BRDA:179,8,0,0
BRDA:179,8,1,0
BRDA:190,9,0,0
BRDA:190,9,1,0
BRDA:256,10,0,0
BRDA:256,10,1,0
BRDA:280,11,0,0
BRDA:280,11,1,0
BRDA:290,12,0,0
BRDA:290,12,1,0
BRDA:294,13,0,0
BRDA:294,13,1,0
BRDA:299,14,0,0
BRDA:299,14,1,0
BRDA:299,15,0,0
BRDA:299,15,1,0
BRDA:300,16,0,0
BRDA:300,16,1,0
BRDA:303,17,0,0
BRDA:303,17,1,0
BRDA:304,18,0,0
BRDA:304,18,1,0
BRDA:304,18,2,0
BRDA:308,19,0,0
BRDA:308,19,1,0
BRDA:313,20,0,0
BRDA:313,20,1,0
BRDA:315,21,0,0
BRDA:315,21,1,0
BRDA:319,22,0,0
BRDA:319,22,1,0
BRDA:320,23,0,0
BRDA:320,23,1,0
BRDA:320,23,2,0
BRDA:324,24,0,0
BRDA:324,24,1,0
BRDA:330,25,0,0
BRDA:330,25,1,0
BRDA:331,26,0,0
BRDA:331,26,1,0
BRDA:332,27,0,0
BRDA:332,27,1,0
BRDA:333,28,0,0
BRDA:333,28,1,0
BRDA:336,29,0,0
BRDA:336,29,1,0
BRDA:344,30,0,0
BRDA:344,30,1,0
BRDA:347,31,0,0
BRDA:347,31,1,0
BRDA:359,32,0,0
BRDA:363,33,0,0
BRDA:365,34,0,0
BRDA:367,35,0,0
BRDA:381,36,0,0
BRDA:381,36,1,0
BRDA:389,37,0,0
BRDA:389,37,1,0
BRDA:389,38,0,0
BRDA:389,38,1,0
BRDA:394,39,0,0
BRDA:394,39,1,0
BRDA:402,40,0,0
BRDA:402,40,1,0
BRDA:431,41,0,0
BRDA:431,41,1,0
BRDA:431,42,0,0
BRDA:431,42,1,0
BRDA:431,42,2,0
BRDA:459,43,0,0
BRDA:459,43,1,0
BRDA:460,44,0,0
BRDA:460,44,1,0
BRDA:460,44,2,0
BRDA:464,45,0,0
BRDA:464,45,1,0
BRDA:471,46,0,0
BRDA:471,46,1,0
BRDA:474,47,0,0
BRDA:474,47,1,0
BRDA:476,48,0,0
BRDA:476,48,1,0
BRDA:485,49,0,0
BRDA:485,49,1,0
BRDA:486,50,0,0
BRDA:486,50,1,0
BRDA:492,51,0,0
BRDA:492,51,1,0
BRDA:514,52,0,0
BRDA:514,52,1,0
BRDA:514,53,0,0
BRDA:514,53,1,0
BRDA:537,54,0,0
BRDA:537,54,1,0
BRDA:537,55,0,0
BRDA:537,55,1,0
BRDA:541,56,0,0
BRDA:541,56,1,0
BRDA:551,57,0,0
BRDA:551,57,1,0
BRDA:551,58,0,0
BRDA:551,58,1,0
BRDA:554,59,0,0
BRDA:554,59,1,0
BRDA:565,60,0,0
BRDA:565,60,1,0
BRDA:571,61,0,0
BRDA:571,61,1,0
BRDA:578,62,0,0
BRDA:578,62,1,0
BRDA:585,63,0,0
BRDA:585,63,1,0
BRDA:585,64,0,0
BRDA:585,64,1,0
BRDA:589,65,0,0
BRDA:589,65,1,0
BRDA:599,66,0,0
BRDA:599,66,1,0
BRDA:600,67,0,0
BRDA:600,67,1,0
BRDA:607,68,0,0
BRDA:607,68,1,0
BRDA:607,69,0,0
BRDA:607,69,1,0
BRDA:610,70,0,0
BRDA:610,70,1,0
BRDA:643,71,0,0
BRDA:643,71,1,0
BRF:144
BRH:4
end_of_record
TN:
SF:server/services/repositoryCache.service.ts
FN:9,(anonymous_0)
FN:13,(anonymous_1)
FN:17,(anonymous_2)
FN:29,(anonymous_3)
FN:33,(anonymous_4)
FNF:5
FNH:5
FNDA:5,(anonymous_0)
FNDA:3,(anonymous_1)
FNDA:4,(anonymous_2)
FNDA:1,(anonymous_3)
FNDA:4,(anonymous_4)
DA:10,5
DA:11,5
DA:14,3
DA:18,4
DA:19,4
DA:21,2
DA:22,1
DA:23,1
DA:26,1
DA:30,1
DA:34,4
DA:38,5
LF:12
LH:12
BRDA:19,0,0,2
BRDA:19,0,1,2
BRDA:21,1,0,1
BRDA:21,1,1,1
BRF:4
BRH:4
end_of_record
TN:
SF:server/services/scene.service.ts
FN:9,(anonymous_0)
FN:14,(anonymous_1)
FN:22,(anonymous_2)
FN:28,(anonymous_3)
FN:32,(anonymous_4)
FNF:5
FNH:3
FNDA:4,(anonymous_0)
FNDA:3,(anonymous_1)
FNDA:0,(anonymous_2)
FNDA:3,(anonymous_3)
FNDA:0,(anonymous_4)
DA:10,4
DA:11,4
DA:12,4
DA:15,3
DA:23,0
DA:24,0
DA:25,0
DA:29,3
DA:33,0
DA:37,4
LF:10
LH:6
BRF:0
BRH:0
end_of_record
TN:
SF:server/utils/routeHelpers.ts
FN:13,(anonymous_0)
FN:14,(anonymous_1)
FNF:2
FNH:2
FNDA:898,(anonymous_0)
FNDA:95,(anonymous_1)
DA:13,11
DA:14,898
DA:15,95
LF:3
LH:3
BRF:0
BRH:0
end_of_record
TN:
SF:server/utils/sceneDataGenerator.ts
FN:22,generateSyntheticData
FN:67,applyRules
FNF:2
FNH:2
FNDA:1,generateSyntheticData
FNDA:200,applyRules
DA:6,1
DA:23,1
DA:25,1
DA:27,200
DA:28,200
DA:30,200
DA:31,200
DA:32,200
DA:34,200
DA:35,200
DA:38,200
DA:40,200
DA:42,200
DA:56,200
DA:58,200
DA:64,1
DA:71,200
DA:72,200
DA:73,200
DA:74,200
DA:76,200
DA:79,200
DA:80,13
DA:81,187
DA:82,20
DA:83,167
DA:84,37
DA:85,130
DA:86,53
DA:87,77
DA:88,43
DA:89,34
DA:90,34
DA:91,0
DA:119,0
DA:123,200
DA:124,15
DA:127,185
DA:128,12
DA:131,173
DA:132,18
DA:135,155
DA:136,34
DA:139,121
DA:140,51
DA:143,70
DA:145,40
DA:147,35
DA:150,30
DA:151,30
DA:154,0
LF:51
LH:48
BRDA:35,0,0,153
BRDA:35,0,1,47
BRDA:74,1,0,200
BRDA:74,1,1,186
BRDA:79,2,0,13
BRDA:79,2,1,187
BRDA:79,3,0,200
BRDA:79,3,1,47
BRDA:81,4,0,20
BRDA:81,4,1,167
BRDA:81,5,0,187
BRDA:81,5,1,23
BRDA:83,6,0,37
BRDA:83,6,1,130
BRDA:85,7,0,53
BRDA:85,7,1,77
BRDA:85,8,0,130
BRDA:85,8,1,96
BRDA:87,9,0,43
BRDA:87,9,1,34
BRDA:87,10,0,77
BRDA:87,10,1,43
BRDA:89,11,0,34
BRDA:89,11,1,0
BRDA:89,12,0,34
BRDA:89,12,1,34
BRDA:91,13,0,0
BRDA:91,13,1,0
BRDA:91,14,0,0
BRDA:91,14,1,0
BRDA:123,15,0,15
BRDA:123,15,1,185
BRDA:127,16,0,12
BRDA:127,16,1,173
BRDA:127,17,0,185
BRDA:127,17,1,42
BRDA:131,18,0,18
BRDA:131,18,1,155
BRDA:131,19,0,173
BRDA:131,19,1,21
BRDA:135,20,0,34
BRDA:135,20,1,121
BRDA:139,21,0,51
BRDA:139,21,1,70
BRDA:139,22,0,121
BRDA:139,22,1,91
BRDA:143,23,0,40
BRDA:143,23,1,30
BRDA:143,24,0,70
BRDA:143,24,1,40
BRDA:145,25,0,5
BRDA:145,25,1,35
BRDA:150,26,0,30
BRDA:150,26,1,0
BRDA:150,27,0,30
BRDA:150,27,1,30
BRF:56
BRH:50
end_of_record
